[2026-03-25T21:29:38.641+0530] {processor.py:161} INFO - Started process (PID=550) to work on /root/airflow_project/dags/etl_posts_dag.py
[2026-03-25T21:29:38.648+0530] {processor.py:830} INFO - Processing file /root/airflow_project/dags/etl_posts_dag.py for tasks to queue
[2026-03-25T21:29:38.654+0530] {logging_mixin.py:188} INFO - [2026-03-25T21:29:38.651+0530] {dagbag.py:540} INFO - Filling up the DagBag from /root/airflow_project/dags/etl_posts_dag.py
[2026-03-25T21:29:38.740+0530] {processor.py:840} INFO - DAG(s) 'etl_posts_pipeline' retrieved from /root/airflow_project/dags/etl_posts_dag.py
[2026-03-25T21:29:39.880+0530] {logging_mixin.py:188} INFO - [2026-03-25T21:29:39.878+0530] {dag.py:3047} INFO - Sync 1 DAGs
[2026-03-25T21:29:39.948+0530] {logging_mixin.py:188} INFO - [2026-03-25T21:29:39.946+0530] {dag.py:3834} INFO - Setting next_dagrun for etl_posts_pipeline to None, run_after=None
[2026-03-25T21:29:40.207+0530] {processor.py:183} INFO - Processing /root/airflow_project/dags/etl_posts_dag.py took 1.600 seconds
[2026-03-25T21:30:14.958+0530] {processor.py:161} INFO - Started process (PID=574) to work on /root/airflow_project/dags/etl_posts_dag.py
[2026-03-25T21:30:14.969+0530] {processor.py:830} INFO - Processing file /root/airflow_project/dags/etl_posts_dag.py for tasks to queue
[2026-03-25T21:30:14.977+0530] {logging_mixin.py:188} INFO - [2026-03-25T21:30:14.973+0530] {dagbag.py:540} INFO - Filling up the DagBag from /root/airflow_project/dags/etl_posts_dag.py
[2026-03-25T21:30:15.092+0530] {processor.py:840} INFO - DAG(s) 'etl_posts_pipeline' retrieved from /root/airflow_project/dags/etl_posts_dag.py
[2026-03-25T21:30:15.907+0530] {logging_mixin.py:188} INFO - [2026-03-25T21:30:15.906+0530] {dag.py:3047} INFO - Sync 1 DAGs
[2026-03-25T21:30:15.958+0530] {logging_mixin.py:188} INFO - [2026-03-25T21:30:15.957+0530] {dag.py:3834} INFO - Setting next_dagrun for etl_posts_pipeline to None, run_after=None
[2026-03-25T21:30:16.263+0530] {processor.py:183} INFO - Processing /root/airflow_project/dags/etl_posts_dag.py took 1.339 seconds
[2026-03-25T21:30:47.480+0530] {processor.py:161} INFO - Started process (PID=581) to work on /root/airflow_project/dags/etl_posts_dag.py
[2026-03-25T21:30:47.495+0530] {processor.py:830} INFO - Processing file /root/airflow_project/dags/etl_posts_dag.py for tasks to queue
[2026-03-25T21:30:47.505+0530] {logging_mixin.py:188} INFO - [2026-03-25T21:30:47.501+0530] {dagbag.py:540} INFO - Filling up the DagBag from /root/airflow_project/dags/etl_posts_dag.py
[2026-03-25T21:30:47.595+0530] {processor.py:840} INFO - DAG(s) 'etl_posts_pipeline' retrieved from /root/airflow_project/dags/etl_posts_dag.py
[2026-03-25T21:30:48.376+0530] {logging_mixin.py:188} INFO - [2026-03-25T21:30:48.375+0530] {dag.py:3047} INFO - Sync 1 DAGs
[2026-03-25T21:30:48.423+0530] {logging_mixin.py:188} INFO - [2026-03-25T21:30:48.422+0530] {dag.py:3834} INFO - Setting next_dagrun for etl_posts_pipeline to None, run_after=None
[2026-03-25T21:30:48.591+0530] {processor.py:183} INFO - Processing /root/airflow_project/dags/etl_posts_dag.py took 1.147 seconds
[2026-03-25T21:31:18.906+0530] {processor.py:161} INFO - Started process (PID=589) to work on /root/airflow_project/dags/etl_posts_dag.py
[2026-03-25T21:31:18.910+0530] {processor.py:830} INFO - Processing file /root/airflow_project/dags/etl_posts_dag.py for tasks to queue
[2026-03-25T21:31:18.913+0530] {logging_mixin.py:188} INFO - [2026-03-25T21:31:18.912+0530] {dagbag.py:540} INFO - Filling up the DagBag from /root/airflow_project/dags/etl_posts_dag.py
[2026-03-25T21:31:18.956+0530] {processor.py:840} INFO - DAG(s) 'etl_posts_pipeline' retrieved from /root/airflow_project/dags/etl_posts_dag.py
[2026-03-25T21:31:19.218+0530] {logging_mixin.py:188} INFO - [2026-03-25T21:31:19.218+0530] {dag.py:3047} INFO - Sync 1 DAGs
[2026-03-25T21:31:19.243+0530] {logging_mixin.py:188} INFO - [2026-03-25T21:31:19.243+0530] {dag.py:3834} INFO - Setting next_dagrun for etl_posts_pipeline to None, run_after=None
[2026-03-25T21:31:19.316+0530] {processor.py:183} INFO - Processing /root/airflow_project/dags/etl_posts_dag.py took 0.421 seconds
[2026-03-25T21:31:50.435+0530] {processor.py:161} INFO - Started process (PID=593) to work on /root/airflow_project/dags/etl_posts_dag.py
[2026-03-25T21:31:50.439+0530] {processor.py:830} INFO - Processing file /root/airflow_project/dags/etl_posts_dag.py for tasks to queue
[2026-03-25T21:31:50.442+0530] {logging_mixin.py:188} INFO - [2026-03-25T21:31:50.441+0530] {dagbag.py:540} INFO - Filling up the DagBag from /root/airflow_project/dags/etl_posts_dag.py
[2026-03-25T21:31:50.469+0530] {processor.py:840} INFO - DAG(s) 'etl_posts_pipeline' retrieved from /root/airflow_project/dags/etl_posts_dag.py
[2026-03-25T21:31:50.698+0530] {logging_mixin.py:188} INFO - [2026-03-25T21:31:50.697+0530] {dag.py:3047} INFO - Sync 1 DAGs
[2026-03-25T21:31:50.721+0530] {logging_mixin.py:188} INFO - [2026-03-25T21:31:50.720+0530] {dag.py:3834} INFO - Setting next_dagrun for etl_posts_pipeline to None, run_after=None
[2026-03-25T21:31:50.774+0530] {processor.py:183} INFO - Processing /root/airflow_project/dags/etl_posts_dag.py took 0.349 seconds
[2026-03-25T21:32:20.933+0530] {processor.py:161} INFO - Started process (PID=595) to work on /root/airflow_project/dags/etl_posts_dag.py
[2026-03-25T21:32:20.937+0530] {processor.py:830} INFO - Processing file /root/airflow_project/dags/etl_posts_dag.py for tasks to queue
[2026-03-25T21:32:20.940+0530] {logging_mixin.py:188} INFO - [2026-03-25T21:32:20.939+0530] {dagbag.py:540} INFO - Filling up the DagBag from /root/airflow_project/dags/etl_posts_dag.py
[2026-03-25T21:32:20.970+0530] {processor.py:840} INFO - DAG(s) 'etl_posts_pipeline' retrieved from /root/airflow_project/dags/etl_posts_dag.py
[2026-03-25T21:32:21.225+0530] {logging_mixin.py:188} INFO - [2026-03-25T21:32:21.224+0530] {dag.py:3047} INFO - Sync 1 DAGs
[2026-03-25T21:32:21.247+0530] {logging_mixin.py:188} INFO - [2026-03-25T21:32:21.247+0530] {dag.py:3834} INFO - Setting next_dagrun for etl_posts_pipeline to None, run_after=None
[2026-03-25T21:32:21.301+0530] {processor.py:183} INFO - Processing /root/airflow_project/dags/etl_posts_dag.py took 0.377 seconds
[2026-03-25T21:32:51.433+0530] {processor.py:161} INFO - Started process (PID=598) to work on /root/airflow_project/dags/etl_posts_dag.py
[2026-03-25T21:32:51.437+0530] {processor.py:830} INFO - Processing file /root/airflow_project/dags/etl_posts_dag.py for tasks to queue
[2026-03-25T21:32:51.439+0530] {logging_mixin.py:188} INFO - [2026-03-25T21:32:51.438+0530] {dagbag.py:540} INFO - Filling up the DagBag from /root/airflow_project/dags/etl_posts_dag.py
[2026-03-25T21:32:51.468+0530] {processor.py:840} INFO - DAG(s) 'etl_posts_pipeline' retrieved from /root/airflow_project/dags/etl_posts_dag.py
[2026-03-25T21:32:51.526+0530] {logging_mixin.py:188} INFO - [2026-03-25T21:32:51.525+0530] {dag.py:3047} INFO - Sync 1 DAGs
[2026-03-25T21:32:51.551+0530] {logging_mixin.py:188} INFO - [2026-03-25T21:32:51.551+0530] {dag.py:3834} INFO - Setting next_dagrun for etl_posts_pipeline to None, run_after=None
[2026-03-25T21:32:51.607+0530] {processor.py:183} INFO - Processing /root/airflow_project/dags/etl_posts_dag.py took 0.183 seconds
[2026-03-25T21:33:21.791+0530] {processor.py:161} INFO - Started process (PID=604) to work on /root/airflow_project/dags/etl_posts_dag.py
[2026-03-25T21:33:21.796+0530] {processor.py:830} INFO - Processing file /root/airflow_project/dags/etl_posts_dag.py for tasks to queue
[2026-03-25T21:33:21.800+0530] {logging_mixin.py:188} INFO - [2026-03-25T21:33:21.798+0530] {dagbag.py:540} INFO - Filling up the DagBag from /root/airflow_project/dags/etl_posts_dag.py
[2026-03-25T21:33:21.850+0530] {processor.py:840} INFO - DAG(s) 'etl_posts_pipeline' retrieved from /root/airflow_project/dags/etl_posts_dag.py
[2026-03-25T21:33:22.160+0530] {logging_mixin.py:188} INFO - [2026-03-25T21:33:22.159+0530] {dag.py:3047} INFO - Sync 1 DAGs
[2026-03-25T21:33:22.187+0530] {logging_mixin.py:188} INFO - [2026-03-25T21:33:22.186+0530] {dag.py:3834} INFO - Setting next_dagrun for etl_posts_pipeline to None, run_after=None
[2026-03-25T21:33:22.252+0530] {processor.py:183} INFO - Processing /root/airflow_project/dags/etl_posts_dag.py took 0.476 seconds
[2026-03-25T21:33:53.169+0530] {processor.py:161} INFO - Started process (PID=606) to work on /root/airflow_project/dags/etl_posts_dag.py
[2026-03-25T21:33:53.180+0530] {processor.py:830} INFO - Processing file /root/airflow_project/dags/etl_posts_dag.py for tasks to queue
[2026-03-25T21:33:53.185+0530] {logging_mixin.py:188} INFO - [2026-03-25T21:33:53.183+0530] {dagbag.py:540} INFO - Filling up the DagBag from /root/airflow_project/dags/etl_posts_dag.py
[2026-03-25T21:33:53.260+0530] {processor.py:840} INFO - DAG(s) 'etl_posts_pipeline' retrieved from /root/airflow_project/dags/etl_posts_dag.py
[2026-03-25T21:33:53.947+0530] {logging_mixin.py:188} INFO - [2026-03-25T21:33:53.946+0530] {dag.py:3047} INFO - Sync 1 DAGs
[2026-03-25T21:33:54.019+0530] {logging_mixin.py:188} INFO - [2026-03-25T21:33:54.013+0530] {dag.py:3834} INFO - Setting next_dagrun for etl_posts_pipeline to None, run_after=None
[2026-03-25T21:33:54.158+0530] {processor.py:183} INFO - Processing /root/airflow_project/dags/etl_posts_dag.py took 1.016 seconds
[2026-03-25T21:34:24.648+0530] {processor.py:161} INFO - Started process (PID=608) to work on /root/airflow_project/dags/etl_posts_dag.py
[2026-03-25T21:34:24.652+0530] {processor.py:830} INFO - Processing file /root/airflow_project/dags/etl_posts_dag.py for tasks to queue
[2026-03-25T21:34:24.655+0530] {logging_mixin.py:188} INFO - [2026-03-25T21:34:24.654+0530] {dagbag.py:540} INFO - Filling up the DagBag from /root/airflow_project/dags/etl_posts_dag.py
[2026-03-25T21:34:24.676+0530] {processor.py:840} INFO - DAG(s) 'etl_posts_pipeline' retrieved from /root/airflow_project/dags/etl_posts_dag.py
[2026-03-25T21:34:24.889+0530] {logging_mixin.py:188} INFO - [2026-03-25T21:34:24.888+0530] {dag.py:3047} INFO - Sync 1 DAGs
[2026-03-25T21:34:24.909+0530] {logging_mixin.py:188} INFO - [2026-03-25T21:34:24.908+0530] {dag.py:3834} INFO - Setting next_dagrun for etl_posts_pipeline to None, run_after=None
[2026-03-25T21:34:24.963+0530] {processor.py:183} INFO - Processing /root/airflow_project/dags/etl_posts_dag.py took 0.324 seconds
[2026-03-25T21:34:55.065+0530] {processor.py:161} INFO - Started process (PID=612) to work on /root/airflow_project/dags/etl_posts_dag.py
[2026-03-25T21:34:55.069+0530] {processor.py:830} INFO - Processing file /root/airflow_project/dags/etl_posts_dag.py for tasks to queue
[2026-03-25T21:34:55.071+0530] {logging_mixin.py:188} INFO - [2026-03-25T21:34:55.070+0530] {dagbag.py:540} INFO - Filling up the DagBag from /root/airflow_project/dags/etl_posts_dag.py
[2026-03-25T21:34:55.089+0530] {processor.py:840} INFO - DAG(s) 'etl_posts_pipeline' retrieved from /root/airflow_project/dags/etl_posts_dag.py
[2026-03-25T21:34:55.136+0530] {logging_mixin.py:188} INFO - [2026-03-25T21:34:55.135+0530] {dag.py:3047} INFO - Sync 1 DAGs
[2026-03-25T21:34:55.164+0530] {logging_mixin.py:188} INFO - [2026-03-25T21:34:55.164+0530] {dag.py:3834} INFO - Setting next_dagrun for etl_posts_pipeline to None, run_after=None
[2026-03-25T21:34:55.223+0530] {processor.py:183} INFO - Processing /root/airflow_project/dags/etl_posts_dag.py took 0.164 seconds
[2026-03-25T21:35:26.057+0530] {processor.py:161} INFO - Started process (PID=614) to work on /root/airflow_project/dags/etl_posts_dag.py
[2026-03-25T21:35:26.062+0530] {processor.py:830} INFO - Processing file /root/airflow_project/dags/etl_posts_dag.py for tasks to queue
[2026-03-25T21:35:26.064+0530] {logging_mixin.py:188} INFO - [2026-03-25T21:35:26.063+0530] {dagbag.py:540} INFO - Filling up the DagBag from /root/airflow_project/dags/etl_posts_dag.py
[2026-03-25T21:35:26.087+0530] {processor.py:840} INFO - DAG(s) 'etl_posts_pipeline' retrieved from /root/airflow_project/dags/etl_posts_dag.py
[2026-03-25T21:35:26.138+0530] {logging_mixin.py:188} INFO - [2026-03-25T21:35:26.137+0530] {dag.py:3047} INFO - Sync 1 DAGs
[2026-03-25T21:35:26.161+0530] {logging_mixin.py:188} INFO - [2026-03-25T21:35:26.160+0530] {dag.py:3834} INFO - Setting next_dagrun for etl_posts_pipeline to None, run_after=None
[2026-03-25T21:35:26.216+0530] {processor.py:183} INFO - Processing /root/airflow_project/dags/etl_posts_dag.py took 0.167 seconds
[2026-03-25T21:35:56.794+0530] {processor.py:161} INFO - Started process (PID=616) to work on /root/airflow_project/dags/etl_posts_dag.py
[2026-03-25T21:35:56.798+0530] {processor.py:830} INFO - Processing file /root/airflow_project/dags/etl_posts_dag.py for tasks to queue
[2026-03-25T21:35:56.801+0530] {logging_mixin.py:188} INFO - [2026-03-25T21:35:56.800+0530] {dagbag.py:540} INFO - Filling up the DagBag from /root/airflow_project/dags/etl_posts_dag.py
[2026-03-25T21:35:56.828+0530] {processor.py:840} INFO - DAG(s) 'etl_posts_pipeline' retrieved from /root/airflow_project/dags/etl_posts_dag.py
[2026-03-25T21:35:57.043+0530] {logging_mixin.py:188} INFO - [2026-03-25T21:35:57.043+0530] {dag.py:3047} INFO - Sync 1 DAGs
[2026-03-25T21:35:57.441+0530] {logging_mixin.py:188} INFO - [2026-03-25T21:35:57.441+0530] {dag.py:3834} INFO - Setting next_dagrun for etl_posts_pipeline to None, run_after=None
[2026-03-25T21:35:57.490+0530] {processor.py:183} INFO - Processing /root/airflow_project/dags/etl_posts_dag.py took 0.705 seconds
[2026-03-25T21:36:28.354+0530] {processor.py:161} INFO - Started process (PID=620) to work on /root/airflow_project/dags/etl_posts_dag.py
[2026-03-25T21:36:28.360+0530] {processor.py:830} INFO - Processing file /root/airflow_project/dags/etl_posts_dag.py for tasks to queue
[2026-03-25T21:36:28.368+0530] {logging_mixin.py:188} INFO - [2026-03-25T21:36:28.366+0530] {dagbag.py:540} INFO - Filling up the DagBag from /root/airflow_project/dags/etl_posts_dag.py
[2026-03-25T21:36:28.416+0530] {processor.py:840} INFO - DAG(s) 'etl_posts_pipeline' retrieved from /root/airflow_project/dags/etl_posts_dag.py
[2026-03-25T21:36:28.821+0530] {logging_mixin.py:188} INFO - [2026-03-25T21:36:28.821+0530] {dag.py:3047} INFO - Sync 1 DAGs
[2026-03-25T21:36:29.147+0530] {logging_mixin.py:188} INFO - [2026-03-25T21:36:29.147+0530] {dag.py:3834} INFO - Setting next_dagrun for etl_posts_pipeline to None, run_after=None
[2026-03-25T21:36:29.251+0530] {processor.py:183} INFO - Processing /root/airflow_project/dags/etl_posts_dag.py took 0.920 seconds
[2026-03-25T21:36:59.567+0530] {processor.py:161} INFO - Started process (PID=622) to work on /root/airflow_project/dags/etl_posts_dag.py
[2026-03-25T21:36:59.571+0530] {processor.py:830} INFO - Processing file /root/airflow_project/dags/etl_posts_dag.py for tasks to queue
[2026-03-25T21:36:59.573+0530] {logging_mixin.py:188} INFO - [2026-03-25T21:36:59.573+0530] {dagbag.py:540} INFO - Filling up the DagBag from /root/airflow_project/dags/etl_posts_dag.py
[2026-03-25T21:36:59.594+0530] {processor.py:840} INFO - DAG(s) 'etl_posts_pipeline' retrieved from /root/airflow_project/dags/etl_posts_dag.py
[2026-03-25T21:36:59.641+0530] {logging_mixin.py:188} INFO - [2026-03-25T21:36:59.640+0530] {dag.py:3047} INFO - Sync 1 DAGs
[2026-03-25T21:36:59.662+0530] {logging_mixin.py:188} INFO - [2026-03-25T21:36:59.661+0530] {dag.py:3834} INFO - Setting next_dagrun for etl_posts_pipeline to None, run_after=None
[2026-03-25T21:36:59.708+0530] {processor.py:183} INFO - Processing /root/airflow_project/dags/etl_posts_dag.py took 0.148 seconds
[2026-03-25T21:37:29.929+0530] {processor.py:161} INFO - Started process (PID=624) to work on /root/airflow_project/dags/etl_posts_dag.py
[2026-03-25T21:37:29.932+0530] {processor.py:830} INFO - Processing file /root/airflow_project/dags/etl_posts_dag.py for tasks to queue
[2026-03-25T21:37:29.935+0530] {logging_mixin.py:188} INFO - [2026-03-25T21:37:29.934+0530] {dagbag.py:540} INFO - Filling up the DagBag from /root/airflow_project/dags/etl_posts_dag.py
[2026-03-25T21:37:29.961+0530] {processor.py:840} INFO - DAG(s) 'etl_posts_pipeline' retrieved from /root/airflow_project/dags/etl_posts_dag.py
[2026-03-25T21:37:30.412+0530] {logging_mixin.py:188} INFO - [2026-03-25T21:37:30.412+0530] {dag.py:3047} INFO - Sync 1 DAGs
[2026-03-25T21:37:30.427+0530] {logging_mixin.py:188} INFO - [2026-03-25T21:37:30.427+0530] {dag.py:3834} INFO - Setting next_dagrun for etl_posts_pipeline to None, run_after=None
[2026-03-25T21:37:30.481+0530] {processor.py:183} INFO - Processing /root/airflow_project/dags/etl_posts_dag.py took 0.563 seconds
[2026-03-25T21:38:00.814+0530] {processor.py:161} INFO - Started process (PID=626) to work on /root/airflow_project/dags/etl_posts_dag.py
[2026-03-25T21:38:00.822+0530] {processor.py:830} INFO - Processing file /root/airflow_project/dags/etl_posts_dag.py for tasks to queue
[2026-03-25T21:38:00.828+0530] {logging_mixin.py:188} INFO - [2026-03-25T21:38:00.825+0530] {dagbag.py:540} INFO - Filling up the DagBag from /root/airflow_project/dags/etl_posts_dag.py
[2026-03-25T21:38:00.883+0530] {processor.py:840} INFO - DAG(s) 'etl_posts_pipeline' retrieved from /root/airflow_project/dags/etl_posts_dag.py
[2026-03-25T21:38:01.726+0530] {logging_mixin.py:188} INFO - [2026-03-25T21:38:01.725+0530] {dag.py:3047} INFO - Sync 1 DAGs
[2026-03-25T21:38:01.752+0530] {logging_mixin.py:188} INFO - [2026-03-25T21:38:01.752+0530] {dag.py:3834} INFO - Setting next_dagrun for etl_posts_pipeline to None, run_after=None
[2026-03-25T21:38:01.838+0530] {processor.py:183} INFO - Processing /root/airflow_project/dags/etl_posts_dag.py took 1.043 seconds
[2026-03-25T21:38:32.196+0530] {processor.py:161} INFO - Started process (PID=631) to work on /root/airflow_project/dags/etl_posts_dag.py
[2026-03-25T21:38:32.202+0530] {processor.py:830} INFO - Processing file /root/airflow_project/dags/etl_posts_dag.py for tasks to queue
[2026-03-25T21:38:32.206+0530] {logging_mixin.py:188} INFO - [2026-03-25T21:38:32.204+0530] {dagbag.py:540} INFO - Filling up the DagBag from /root/airflow_project/dags/etl_posts_dag.py
[2026-03-25T21:38:32.251+0530] {processor.py:840} INFO - DAG(s) 'etl_posts_pipeline' retrieved from /root/airflow_project/dags/etl_posts_dag.py
[2026-03-25T21:38:32.394+0530] {logging_mixin.py:188} INFO - [2026-03-25T21:38:32.392+0530] {dag.py:3047} INFO - Sync 1 DAGs
[2026-03-25T21:38:32.460+0530] {logging_mixin.py:188} INFO - [2026-03-25T21:38:32.459+0530] {dag.py:3834} INFO - Setting next_dagrun for etl_posts_pipeline to None, run_after=None
[2026-03-25T21:38:32.567+0530] {processor.py:183} INFO - Processing /root/airflow_project/dags/etl_posts_dag.py took 0.387 seconds
[2026-03-25T21:39:02.943+0530] {processor.py:161} INFO - Started process (PID=635) to work on /root/airflow_project/dags/etl_posts_dag.py
[2026-03-25T21:39:02.950+0530] {processor.py:830} INFO - Processing file /root/airflow_project/dags/etl_posts_dag.py for tasks to queue
[2026-03-25T21:39:02.955+0530] {logging_mixin.py:188} INFO - [2026-03-25T21:39:02.953+0530] {dagbag.py:540} INFO - Filling up the DagBag from /root/airflow_project/dags/etl_posts_dag.py
[2026-03-25T21:39:03.005+0530] {processor.py:840} INFO - DAG(s) 'etl_posts_pipeline' retrieved from /root/airflow_project/dags/etl_posts_dag.py
[2026-03-25T21:39:03.819+0530] {logging_mixin.py:188} INFO - [2026-03-25T21:39:03.818+0530] {dag.py:3047} INFO - Sync 1 DAGs
[2026-03-25T21:39:03.866+0530] {logging_mixin.py:188} INFO - [2026-03-25T21:39:03.865+0530] {dag.py:3834} INFO - Setting next_dagrun for etl_posts_pipeline to None, run_after=None
[2026-03-25T21:39:03.977+0530] {processor.py:183} INFO - Processing /root/airflow_project/dags/etl_posts_dag.py took 1.049 seconds
[2026-03-25T21:39:34.056+0530] {processor.py:161} INFO - Started process (PID=637) to work on /root/airflow_project/dags/etl_posts_dag.py
[2026-03-25T21:39:34.060+0530] {processor.py:830} INFO - Processing file /root/airflow_project/dags/etl_posts_dag.py for tasks to queue
[2026-03-25T21:39:34.064+0530] {logging_mixin.py:188} INFO - [2026-03-25T21:39:34.062+0530] {dagbag.py:540} INFO - Filling up the DagBag from /root/airflow_project/dags/etl_posts_dag.py
[2026-03-25T21:39:34.098+0530] {processor.py:840} INFO - DAG(s) 'etl_posts_pipeline' retrieved from /root/airflow_project/dags/etl_posts_dag.py
[2026-03-25T21:39:34.595+0530] {logging_mixin.py:188} INFO - [2026-03-25T21:39:34.595+0530] {dag.py:3047} INFO - Sync 1 DAGs
[2026-03-25T21:39:34.620+0530] {logging_mixin.py:188} INFO - [2026-03-25T21:39:34.619+0530] {dag.py:3834} INFO - Setting next_dagrun for etl_posts_pipeline to None, run_after=None
[2026-03-25T21:39:34.698+0530] {processor.py:183} INFO - Processing /root/airflow_project/dags/etl_posts_dag.py took 0.654 seconds
[2026-03-25T21:40:05.170+0530] {processor.py:161} INFO - Started process (PID=639) to work on /root/airflow_project/dags/etl_posts_dag.py
[2026-03-25T21:40:05.173+0530] {processor.py:830} INFO - Processing file /root/airflow_project/dags/etl_posts_dag.py for tasks to queue
[2026-03-25T21:40:05.175+0530] {logging_mixin.py:188} INFO - [2026-03-25T21:40:05.174+0530] {dagbag.py:540} INFO - Filling up the DagBag from /root/airflow_project/dags/etl_posts_dag.py
[2026-03-25T21:40:05.197+0530] {processor.py:840} INFO - DAG(s) 'etl_posts_pipeline' retrieved from /root/airflow_project/dags/etl_posts_dag.py
[2026-03-25T21:40:05.264+0530] {logging_mixin.py:188} INFO - [2026-03-25T21:40:05.263+0530] {dag.py:3047} INFO - Sync 1 DAGs
[2026-03-25T21:40:05.299+0530] {logging_mixin.py:188} INFO - [2026-03-25T21:40:05.299+0530] {dag.py:3834} INFO - Setting next_dagrun for etl_posts_pipeline to None, run_after=None
[2026-03-25T21:40:05.369+0530] {processor.py:183} INFO - Processing /root/airflow_project/dags/etl_posts_dag.py took 0.208 seconds
[2026-03-25T21:40:35.780+0530] {processor.py:161} INFO - Started process (PID=643) to work on /root/airflow_project/dags/etl_posts_dag.py
[2026-03-25T21:40:35.790+0530] {processor.py:830} INFO - Processing file /root/airflow_project/dags/etl_posts_dag.py for tasks to queue
[2026-03-25T21:40:35.796+0530] {logging_mixin.py:188} INFO - [2026-03-25T21:40:35.794+0530] {dagbag.py:540} INFO - Filling up the DagBag from /root/airflow_project/dags/etl_posts_dag.py
[2026-03-25T21:40:35.894+0530] {processor.py:840} INFO - DAG(s) 'etl_posts_pipeline' retrieved from /root/airflow_project/dags/etl_posts_dag.py
[2026-03-25T21:40:37.235+0530] {logging_mixin.py:188} INFO - [2026-03-25T21:40:37.234+0530] {dag.py:3047} INFO - Sync 1 DAGs
[2026-03-25T21:40:37.298+0530] {logging_mixin.py:188} INFO - [2026-03-25T21:40:37.296+0530] {dag.py:3834} INFO - Setting next_dagrun for etl_posts_pipeline to None, run_after=None
[2026-03-25T21:40:37.436+0530] {processor.py:183} INFO - Processing /root/airflow_project/dags/etl_posts_dag.py took 1.683 seconds
[2026-03-25T21:41:07.852+0530] {processor.py:161} INFO - Started process (PID=645) to work on /root/airflow_project/dags/etl_posts_dag.py
[2026-03-25T21:41:07.858+0530] {processor.py:830} INFO - Processing file /root/airflow_project/dags/etl_posts_dag.py for tasks to queue
[2026-03-25T21:41:07.860+0530] {logging_mixin.py:188} INFO - [2026-03-25T21:41:07.859+0530] {dagbag.py:540} INFO - Filling up the DagBag from /root/airflow_project/dags/etl_posts_dag.py
[2026-03-25T21:41:07.887+0530] {processor.py:840} INFO - DAG(s) 'etl_posts_pipeline' retrieved from /root/airflow_project/dags/etl_posts_dag.py
[2026-03-25T21:41:08.362+0530] {logging_mixin.py:188} INFO - [2026-03-25T21:41:08.362+0530] {dag.py:3047} INFO - Sync 1 DAGs
[2026-03-25T21:41:08.383+0530] {logging_mixin.py:188} INFO - [2026-03-25T21:41:08.382+0530] {dag.py:3834} INFO - Setting next_dagrun for etl_posts_pipeline to None, run_after=None
[2026-03-25T21:41:08.444+0530] {processor.py:183} INFO - Processing /root/airflow_project/dags/etl_posts_dag.py took 0.600 seconds
[2026-03-25T21:41:38.604+0530] {processor.py:161} INFO - Started process (PID=647) to work on /root/airflow_project/dags/etl_posts_dag.py
[2026-03-25T21:41:38.606+0530] {processor.py:830} INFO - Processing file /root/airflow_project/dags/etl_posts_dag.py for tasks to queue
[2026-03-25T21:41:38.608+0530] {logging_mixin.py:188} INFO - [2026-03-25T21:41:38.607+0530] {dagbag.py:540} INFO - Filling up the DagBag from /root/airflow_project/dags/etl_posts_dag.py
[2026-03-25T21:41:38.632+0530] {processor.py:840} INFO - DAG(s) 'etl_posts_pipeline' retrieved from /root/airflow_project/dags/etl_posts_dag.py
[2026-03-25T21:41:39.002+0530] {logging_mixin.py:188} INFO - [2026-03-25T21:41:39.002+0530] {dag.py:3047} INFO - Sync 1 DAGs
[2026-03-25T21:41:39.016+0530] {logging_mixin.py:188} INFO - [2026-03-25T21:41:39.016+0530] {dag.py:3834} INFO - Setting next_dagrun for etl_posts_pipeline to None, run_after=None
[2026-03-25T21:41:39.064+0530] {processor.py:183} INFO - Processing /root/airflow_project/dags/etl_posts_dag.py took 0.469 seconds
[2026-03-25T21:42:09.308+0530] {processor.py:161} INFO - Started process (PID=670) to work on /root/airflow_project/dags/etl_posts_dag.py
[2026-03-25T21:42:09.317+0530] {processor.py:830} INFO - Processing file /root/airflow_project/dags/etl_posts_dag.py for tasks to queue
[2026-03-25T21:42:09.323+0530] {logging_mixin.py:188} INFO - [2026-03-25T21:42:09.320+0530] {dagbag.py:540} INFO - Filling up the DagBag from /root/airflow_project/dags/etl_posts_dag.py
[2026-03-25T21:42:09.379+0530] {processor.py:840} INFO - DAG(s) 'etl_posts_pipeline' retrieved from /root/airflow_project/dags/etl_posts_dag.py
[2026-03-25T21:42:10.118+0530] {logging_mixin.py:188} INFO - [2026-03-25T21:42:10.118+0530] {dag.py:3047} INFO - Sync 1 DAGs
[2026-03-25T21:42:10.147+0530] {logging_mixin.py:188} INFO - [2026-03-25T21:42:10.146+0530] {dag.py:3834} INFO - Setting next_dagrun for etl_posts_pipeline to None, run_after=None
[2026-03-25T21:42:10.242+0530] {processor.py:183} INFO - Processing /root/airflow_project/dags/etl_posts_dag.py took 0.951 seconds
[2026-03-25T21:42:40.514+0530] {processor.py:161} INFO - Started process (PID=673) to work on /root/airflow_project/dags/etl_posts_dag.py
[2026-03-25T21:42:40.519+0530] {processor.py:830} INFO - Processing file /root/airflow_project/dags/etl_posts_dag.py for tasks to queue
[2026-03-25T21:42:40.521+0530] {logging_mixin.py:188} INFO - [2026-03-25T21:42:40.520+0530] {dagbag.py:540} INFO - Filling up the DagBag from /root/airflow_project/dags/etl_posts_dag.py
[2026-03-25T21:42:40.765+0530] {processor.py:840} INFO - DAG(s) 'etl_posts_pipeline' retrieved from /root/airflow_project/dags/etl_posts_dag.py
[2026-03-25T21:42:40.799+0530] {logging_mixin.py:188} INFO - [2026-03-25T21:42:40.799+0530] {dag.py:3047} INFO - Sync 1 DAGs
[2026-03-25T21:42:40.816+0530] {logging_mixin.py:188} INFO - [2026-03-25T21:42:40.815+0530] {dag.py:3834} INFO - Setting next_dagrun for etl_posts_pipeline to None, run_after=None
[2026-03-25T21:42:40.865+0530] {processor.py:183} INFO - Processing /root/airflow_project/dags/etl_posts_dag.py took 0.359 seconds
[2026-03-25T21:43:11.094+0530] {processor.py:161} INFO - Started process (PID=679) to work on /root/airflow_project/dags/etl_posts_dag.py
[2026-03-25T21:43:11.107+0530] {processor.py:830} INFO - Processing file /root/airflow_project/dags/etl_posts_dag.py for tasks to queue
[2026-03-25T21:43:11.113+0530] {logging_mixin.py:188} INFO - [2026-03-25T21:43:11.111+0530] {dagbag.py:540} INFO - Filling up the DagBag from /root/airflow_project/dags/etl_posts_dag.py
[2026-03-25T21:43:11.179+0530] {processor.py:840} INFO - DAG(s) 'etl_posts_pipeline' retrieved from /root/airflow_project/dags/etl_posts_dag.py
[2026-03-25T21:43:11.653+0530] {logging_mixin.py:188} INFO - [2026-03-25T21:43:11.652+0530] {dag.py:3047} INFO - Sync 1 DAGs
[2026-03-25T21:43:11.701+0530] {logging_mixin.py:188} INFO - [2026-03-25T21:43:11.700+0530] {dag.py:3834} INFO - Setting next_dagrun for etl_posts_pipeline to None, run_after=None
[2026-03-25T21:43:11.822+0530] {processor.py:183} INFO - Processing /root/airflow_project/dags/etl_posts_dag.py took 0.751 seconds
[2026-03-25T21:43:42.008+0530] {processor.py:161} INFO - Started process (PID=681) to work on /root/airflow_project/dags/etl_posts_dag.py
[2026-03-25T21:43:42.013+0530] {processor.py:830} INFO - Processing file /root/airflow_project/dags/etl_posts_dag.py for tasks to queue
[2026-03-25T21:43:42.016+0530] {logging_mixin.py:188} INFO - [2026-03-25T21:43:42.015+0530] {dagbag.py:540} INFO - Filling up the DagBag from /root/airflow_project/dags/etl_posts_dag.py
[2026-03-25T21:43:42.043+0530] {processor.py:840} INFO - DAG(s) 'etl_posts_pipeline' retrieved from /root/airflow_project/dags/etl_posts_dag.py
[2026-03-25T21:43:42.102+0530] {logging_mixin.py:188} INFO - [2026-03-25T21:43:42.102+0530] {dag.py:3047} INFO - Sync 1 DAGs
[2026-03-25T21:43:42.128+0530] {logging_mixin.py:188} INFO - [2026-03-25T21:43:42.128+0530] {dag.py:3834} INFO - Setting next_dagrun for etl_posts_pipeline to None, run_after=None
[2026-03-25T21:43:42.187+0530] {processor.py:183} INFO - Processing /root/airflow_project/dags/etl_posts_dag.py took 0.188 seconds
[2026-03-25T21:44:12.389+0530] {processor.py:161} INFO - Started process (PID=683) to work on /root/airflow_project/dags/etl_posts_dag.py
[2026-03-25T21:44:12.392+0530] {processor.py:830} INFO - Processing file /root/airflow_project/dags/etl_posts_dag.py for tasks to queue
[2026-03-25T21:44:12.395+0530] {logging_mixin.py:188} INFO - [2026-03-25T21:44:12.394+0530] {dagbag.py:540} INFO - Filling up the DagBag from /root/airflow_project/dags/etl_posts_dag.py
[2026-03-25T21:44:12.426+0530] {processor.py:840} INFO - DAG(s) 'etl_posts_pipeline' retrieved from /root/airflow_project/dags/etl_posts_dag.py
[2026-03-25T21:44:12.704+0530] {logging_mixin.py:188} INFO - [2026-03-25T21:44:12.703+0530] {dag.py:3047} INFO - Sync 1 DAGs
[2026-03-25T21:44:12.739+0530] {logging_mixin.py:188} INFO - [2026-03-25T21:44:12.738+0530] {dag.py:3834} INFO - Setting next_dagrun for etl_posts_pipeline to None, run_after=None
[2026-03-25T21:44:12.809+0530] {processor.py:183} INFO - Processing /root/airflow_project/dags/etl_posts_dag.py took 0.429 seconds
[2026-03-25T21:44:43.091+0530] {processor.py:161} INFO - Started process (PID=685) to work on /root/airflow_project/dags/etl_posts_dag.py
[2026-03-25T21:44:43.093+0530] {processor.py:830} INFO - Processing file /root/airflow_project/dags/etl_posts_dag.py for tasks to queue
[2026-03-25T21:44:43.095+0530] {logging_mixin.py:188} INFO - [2026-03-25T21:44:43.094+0530] {dagbag.py:540} INFO - Filling up the DagBag from /root/airflow_project/dags/etl_posts_dag.py
[2026-03-25T21:44:43.122+0530] {processor.py:840} INFO - DAG(s) 'etl_posts_pipeline' retrieved from /root/airflow_project/dags/etl_posts_dag.py
[2026-03-25T21:44:43.188+0530] {logging_mixin.py:188} INFO - [2026-03-25T21:44:43.187+0530] {dag.py:3047} INFO - Sync 1 DAGs
[2026-03-25T21:44:43.218+0530] {logging_mixin.py:188} INFO - [2026-03-25T21:44:43.217+0530] {dag.py:3834} INFO - Setting next_dagrun for etl_posts_pipeline to None, run_after=None
[2026-03-25T21:44:43.281+0530] {processor.py:183} INFO - Processing /root/airflow_project/dags/etl_posts_dag.py took 0.198 seconds
[2026-03-25T21:45:13.613+0530] {processor.py:161} INFO - Started process (PID=689) to work on /root/airflow_project/dags/etl_posts_dag.py
[2026-03-25T21:45:13.617+0530] {processor.py:830} INFO - Processing file /root/airflow_project/dags/etl_posts_dag.py for tasks to queue
[2026-03-25T21:45:13.619+0530] {logging_mixin.py:188} INFO - [2026-03-25T21:45:13.618+0530] {dagbag.py:540} INFO - Filling up the DagBag from /root/airflow_project/dags/etl_posts_dag.py
[2026-03-25T21:45:13.642+0530] {processor.py:840} INFO - DAG(s) 'etl_posts_pipeline' retrieved from /root/airflow_project/dags/etl_posts_dag.py
[2026-03-25T21:45:13.833+0530] {logging_mixin.py:188} INFO - [2026-03-25T21:45:13.832+0530] {dag.py:3047} INFO - Sync 1 DAGs
[2026-03-25T21:45:13.850+0530] {logging_mixin.py:188} INFO - [2026-03-25T21:45:13.850+0530] {dag.py:3834} INFO - Setting next_dagrun for etl_posts_pipeline to None, run_after=None
[2026-03-25T21:45:13.901+0530] {processor.py:183} INFO - Processing /root/airflow_project/dags/etl_posts_dag.py took 0.295 seconds
[2026-03-25T21:45:44.239+0530] {processor.py:161} INFO - Started process (PID=693) to work on /root/airflow_project/dags/etl_posts_dag.py
[2026-03-25T21:45:44.245+0530] {processor.py:830} INFO - Processing file /root/airflow_project/dags/etl_posts_dag.py for tasks to queue
[2026-03-25T21:45:44.252+0530] {logging_mixin.py:188} INFO - [2026-03-25T21:45:44.249+0530] {dagbag.py:540} INFO - Filling up the DagBag from /root/airflow_project/dags/etl_posts_dag.py
[2026-03-25T21:45:44.318+0530] {processor.py:840} INFO - DAG(s) 'etl_posts_pipeline' retrieved from /root/airflow_project/dags/etl_posts_dag.py
[2026-03-25T21:45:44.498+0530] {logging_mixin.py:188} INFO - [2026-03-25T21:45:44.496+0530] {dag.py:3047} INFO - Sync 1 DAGs
[2026-03-25T21:45:44.570+0530] {logging_mixin.py:188} INFO - [2026-03-25T21:45:44.568+0530] {dag.py:3834} INFO - Setting next_dagrun for etl_posts_pipeline to None, run_after=None
[2026-03-25T21:45:44.696+0530] {processor.py:183} INFO - Processing /root/airflow_project/dags/etl_posts_dag.py took 0.479 seconds
[2026-03-25T21:46:15.029+0530] {processor.py:161} INFO - Started process (PID=697) to work on /root/airflow_project/dags/etl_posts_dag.py
[2026-03-25T21:46:15.038+0530] {processor.py:830} INFO - Processing file /root/airflow_project/dags/etl_posts_dag.py for tasks to queue
[2026-03-25T21:46:15.051+0530] {logging_mixin.py:188} INFO - [2026-03-25T21:46:15.041+0530] {dagbag.py:540} INFO - Filling up the DagBag from /root/airflow_project/dags/etl_posts_dag.py
[2026-03-25T21:46:15.102+0530] {processor.py:840} INFO - DAG(s) 'etl_posts_pipeline' retrieved from /root/airflow_project/dags/etl_posts_dag.py
[2026-03-25T21:46:15.179+0530] {logging_mixin.py:188} INFO - [2026-03-25T21:46:15.179+0530] {dag.py:3047} INFO - Sync 1 DAGs
[2026-03-25T21:46:15.212+0530] {logging_mixin.py:188} INFO - [2026-03-25T21:46:15.211+0530] {dag.py:3834} INFO - Setting next_dagrun for etl_posts_pipeline to None, run_after=None
[2026-03-25T21:46:15.272+0530] {processor.py:183} INFO - Processing /root/airflow_project/dags/etl_posts_dag.py took 0.285 seconds
[2026-03-25T21:46:45.515+0530] {processor.py:161} INFO - Started process (PID=699) to work on /root/airflow_project/dags/etl_posts_dag.py
[2026-03-25T21:46:45.518+0530] {processor.py:830} INFO - Processing file /root/airflow_project/dags/etl_posts_dag.py for tasks to queue
[2026-03-25T21:46:45.521+0530] {logging_mixin.py:188} INFO - [2026-03-25T21:46:45.520+0530] {dagbag.py:540} INFO - Filling up the DagBag from /root/airflow_project/dags/etl_posts_dag.py
[2026-03-25T21:46:45.552+0530] {processor.py:840} INFO - DAG(s) 'etl_posts_pipeline' retrieved from /root/airflow_project/dags/etl_posts_dag.py
[2026-03-25T21:46:45.776+0530] {logging_mixin.py:188} INFO - [2026-03-25T21:46:45.776+0530] {dag.py:3047} INFO - Sync 1 DAGs
[2026-03-25T21:46:45.796+0530] {logging_mixin.py:188} INFO - [2026-03-25T21:46:45.796+0530] {dag.py:3834} INFO - Setting next_dagrun for etl_posts_pipeline to None, run_after=None
[2026-03-25T21:46:45.856+0530] {processor.py:183} INFO - Processing /root/airflow_project/dags/etl_posts_dag.py took 0.354 seconds
[2026-03-25T21:47:15.965+0530] {processor.py:161} INFO - Started process (PID=701) to work on /root/airflow_project/dags/etl_posts_dag.py
[2026-03-25T21:47:15.970+0530] {processor.py:830} INFO - Processing file /root/airflow_project/dags/etl_posts_dag.py for tasks to queue
[2026-03-25T21:47:15.973+0530] {logging_mixin.py:188} INFO - [2026-03-25T21:47:15.972+0530] {dagbag.py:540} INFO - Filling up the DagBag from /root/airflow_project/dags/etl_posts_dag.py
[2026-03-25T21:47:15.995+0530] {processor.py:840} INFO - DAG(s) 'etl_posts_pipeline' retrieved from /root/airflow_project/dags/etl_posts_dag.py
[2026-03-25T21:47:16.148+0530] {logging_mixin.py:188} INFO - [2026-03-25T21:47:16.148+0530] {dag.py:3047} INFO - Sync 1 DAGs
[2026-03-25T21:47:16.162+0530] {logging_mixin.py:188} INFO - [2026-03-25T21:47:16.162+0530] {dag.py:3834} INFO - Setting next_dagrun for etl_posts_pipeline to None, run_after=None
[2026-03-25T21:47:16.207+0530] {processor.py:183} INFO - Processing /root/airflow_project/dags/etl_posts_dag.py took 0.253 seconds
[2026-03-25T21:47:46.411+0530] {processor.py:161} INFO - Started process (PID=703) to work on /root/airflow_project/dags/etl_posts_dag.py
[2026-03-25T21:47:46.415+0530] {processor.py:830} INFO - Processing file /root/airflow_project/dags/etl_posts_dag.py for tasks to queue
[2026-03-25T21:47:46.418+0530] {logging_mixin.py:188} INFO - [2026-03-25T21:47:46.417+0530] {dagbag.py:540} INFO - Filling up the DagBag from /root/airflow_project/dags/etl_posts_dag.py
[2026-03-25T21:47:46.442+0530] {processor.py:840} INFO - DAG(s) 'etl_posts_pipeline' retrieved from /root/airflow_project/dags/etl_posts_dag.py
[2026-03-25T21:47:46.625+0530] {logging_mixin.py:188} INFO - [2026-03-25T21:47:46.625+0530] {dag.py:3047} INFO - Sync 1 DAGs
[2026-03-25T21:47:46.642+0530] {logging_mixin.py:188} INFO - [2026-03-25T21:47:46.642+0530] {dag.py:3834} INFO - Setting next_dagrun for etl_posts_pipeline to None, run_after=None
[2026-03-25T21:47:46.694+0530] {processor.py:183} INFO - Processing /root/airflow_project/dags/etl_posts_dag.py took 0.293 seconds
[2026-03-25T21:48:16.860+0530] {processor.py:161} INFO - Started process (PID=708) to work on /root/airflow_project/dags/etl_posts_dag.py
[2026-03-25T21:48:16.863+0530] {processor.py:830} INFO - Processing file /root/airflow_project/dags/etl_posts_dag.py for tasks to queue
[2026-03-25T21:48:16.865+0530] {logging_mixin.py:188} INFO - [2026-03-25T21:48:16.864+0530] {dagbag.py:540} INFO - Filling up the DagBag from /root/airflow_project/dags/etl_posts_dag.py
[2026-03-25T21:48:16.886+0530] {processor.py:840} INFO - DAG(s) 'etl_posts_pipeline' retrieved from /root/airflow_project/dags/etl_posts_dag.py
[2026-03-25T21:48:16.936+0530] {logging_mixin.py:188} INFO - [2026-03-25T21:48:16.935+0530] {dag.py:3047} INFO - Sync 1 DAGs
[2026-03-25T21:48:16.960+0530] {logging_mixin.py:188} INFO - [2026-03-25T21:48:16.959+0530] {dag.py:3834} INFO - Setting next_dagrun for etl_posts_pipeline to None, run_after=None
[2026-03-25T21:48:17.016+0530] {processor.py:183} INFO - Processing /root/airflow_project/dags/etl_posts_dag.py took 0.164 seconds
[2026-03-25T21:48:47.222+0530] {processor.py:161} INFO - Started process (PID=711) to work on /root/airflow_project/dags/etl_posts_dag.py
[2026-03-25T21:48:47.224+0530] {processor.py:830} INFO - Processing file /root/airflow_project/dags/etl_posts_dag.py for tasks to queue
[2026-03-25T21:48:47.226+0530] {logging_mixin.py:188} INFO - [2026-03-25T21:48:47.225+0530] {dagbag.py:540} INFO - Filling up the DagBag from /root/airflow_project/dags/etl_posts_dag.py
[2026-03-25T21:48:47.246+0530] {processor.py:840} INFO - DAG(s) 'etl_posts_pipeline' retrieved from /root/airflow_project/dags/etl_posts_dag.py
[2026-03-25T21:48:47.293+0530] {logging_mixin.py:188} INFO - [2026-03-25T21:48:47.293+0530] {dag.py:3047} INFO - Sync 1 DAGs
[2026-03-25T21:48:47.316+0530] {logging_mixin.py:188} INFO - [2026-03-25T21:48:47.316+0530] {dag.py:3834} INFO - Setting next_dagrun for etl_posts_pipeline to None, run_after=None
[2026-03-25T21:48:47.368+0530] {processor.py:183} INFO - Processing /root/airflow_project/dags/etl_posts_dag.py took 0.152 seconds
[2026-03-25T21:49:17.574+0530] {processor.py:161} INFO - Started process (PID=715) to work on /root/airflow_project/dags/etl_posts_dag.py
[2026-03-25T21:49:17.576+0530] {processor.py:830} INFO - Processing file /root/airflow_project/dags/etl_posts_dag.py for tasks to queue
[2026-03-25T21:49:17.578+0530] {logging_mixin.py:188} INFO - [2026-03-25T21:49:17.577+0530] {dagbag.py:540} INFO - Filling up the DagBag from /root/airflow_project/dags/etl_posts_dag.py
[2026-03-25T21:49:17.592+0530] {processor.py:840} INFO - DAG(s) 'etl_posts_pipeline' retrieved from /root/airflow_project/dags/etl_posts_dag.py
[2026-03-25T21:49:17.630+0530] {logging_mixin.py:188} INFO - [2026-03-25T21:49:17.630+0530] {dag.py:3047} INFO - Sync 1 DAGs
[2026-03-25T21:49:17.650+0530] {logging_mixin.py:188} INFO - [2026-03-25T21:49:17.649+0530] {dag.py:3834} INFO - Setting next_dagrun for etl_posts_pipeline to None, run_after=None
[2026-03-25T21:49:17.698+0530] {processor.py:183} INFO - Processing /root/airflow_project/dags/etl_posts_dag.py took 0.129 seconds
[2026-03-25T21:49:47.943+0530] {processor.py:161} INFO - Started process (PID=718) to work on /root/airflow_project/dags/etl_posts_dag.py
[2026-03-25T21:49:47.947+0530] {processor.py:830} INFO - Processing file /root/airflow_project/dags/etl_posts_dag.py for tasks to queue
[2026-03-25T21:49:47.951+0530] {logging_mixin.py:188} INFO - [2026-03-25T21:49:47.949+0530] {dagbag.py:540} INFO - Filling up the DagBag from /root/airflow_project/dags/etl_posts_dag.py
[2026-03-25T21:49:47.987+0530] {processor.py:840} INFO - DAG(s) 'etl_posts_pipeline' retrieved from /root/airflow_project/dags/etl_posts_dag.py
[2026-03-25T21:49:48.267+0530] {logging_mixin.py:188} INFO - [2026-03-25T21:49:48.267+0530] {dag.py:3047} INFO - Sync 1 DAGs
[2026-03-25T21:49:48.294+0530] {logging_mixin.py:188} INFO - [2026-03-25T21:49:48.294+0530] {dag.py:3834} INFO - Setting next_dagrun for etl_posts_pipeline to None, run_after=None
[2026-03-25T21:49:48.361+0530] {processor.py:183} INFO - Processing /root/airflow_project/dags/etl_posts_dag.py took 0.430 seconds
[2026-03-25T21:50:18.619+0530] {processor.py:161} INFO - Started process (PID=720) to work on /root/airflow_project/dags/etl_posts_dag.py
[2026-03-25T21:50:18.623+0530] {processor.py:830} INFO - Processing file /root/airflow_project/dags/etl_posts_dag.py for tasks to queue
[2026-03-25T21:50:18.626+0530] {logging_mixin.py:188} INFO - [2026-03-25T21:50:18.625+0530] {dagbag.py:540} INFO - Filling up the DagBag from /root/airflow_project/dags/etl_posts_dag.py
[2026-03-25T21:50:18.654+0530] {processor.py:840} INFO - DAG(s) 'etl_posts_pipeline' retrieved from /root/airflow_project/dags/etl_posts_dag.py
[2026-03-25T21:50:18.918+0530] {logging_mixin.py:188} INFO - [2026-03-25T21:50:18.917+0530] {dag.py:3047} INFO - Sync 1 DAGs
[2026-03-25T21:50:18.941+0530] {logging_mixin.py:188} INFO - [2026-03-25T21:50:18.940+0530] {dag.py:3834} INFO - Setting next_dagrun for etl_posts_pipeline to None, run_after=None
[2026-03-25T21:50:19.010+0530] {processor.py:183} INFO - Processing /root/airflow_project/dags/etl_posts_dag.py took 0.398 seconds
[2026-03-25T21:50:49.373+0530] {processor.py:161} INFO - Started process (PID=722) to work on /root/airflow_project/dags/etl_posts_dag.py
[2026-03-25T21:50:49.379+0530] {processor.py:830} INFO - Processing file /root/airflow_project/dags/etl_posts_dag.py for tasks to queue
[2026-03-25T21:50:49.386+0530] {logging_mixin.py:188} INFO - [2026-03-25T21:50:49.383+0530] {dagbag.py:540} INFO - Filling up the DagBag from /root/airflow_project/dags/etl_posts_dag.py
[2026-03-25T21:50:49.455+0530] {processor.py:840} INFO - DAG(s) 'etl_posts_pipeline' retrieved from /root/airflow_project/dags/etl_posts_dag.py
[2026-03-25T21:50:49.639+0530] {logging_mixin.py:188} INFO - [2026-03-25T21:50:49.638+0530] {dag.py:3047} INFO - Sync 1 DAGs
[2026-03-25T21:50:49.718+0530] {logging_mixin.py:188} INFO - [2026-03-25T21:50:49.717+0530] {dag.py:3834} INFO - Setting next_dagrun for etl_posts_pipeline to None, run_after=None
[2026-03-25T21:50:49.891+0530] {processor.py:183} INFO - Processing /root/airflow_project/dags/etl_posts_dag.py took 0.539 seconds
[2026-03-25T21:51:20.270+0530] {processor.py:161} INFO - Started process (PID=724) to work on /root/airflow_project/dags/etl_posts_dag.py
[2026-03-25T21:51:20.280+0530] {processor.py:830} INFO - Processing file /root/airflow_project/dags/etl_posts_dag.py for tasks to queue
[2026-03-25T21:51:20.292+0530] {logging_mixin.py:188} INFO - [2026-03-25T21:51:20.287+0530] {dagbag.py:540} INFO - Filling up the DagBag from /root/airflow_project/dags/etl_posts_dag.py
[2026-03-25T21:51:20.427+0530] {processor.py:840} INFO - DAG(s) 'etl_posts_pipeline' retrieved from /root/airflow_project/dags/etl_posts_dag.py
[2026-03-25T21:51:21.072+0530] {logging_mixin.py:188} INFO - [2026-03-25T21:51:21.071+0530] {dag.py:3047} INFO - Sync 1 DAGs
[2026-03-25T21:51:21.136+0530] {logging_mixin.py:188} INFO - [2026-03-25T21:51:21.134+0530] {dag.py:3834} INFO - Setting next_dagrun for etl_posts_pipeline to None, run_after=None
[2026-03-25T21:51:21.309+0530] {processor.py:183} INFO - Processing /root/airflow_project/dags/etl_posts_dag.py took 1.070 seconds
[2026-03-25T21:51:51.672+0530] {processor.py:161} INFO - Started process (PID=776) to work on /root/airflow_project/dags/etl_posts_dag.py
[2026-03-25T21:51:51.681+0530] {processor.py:830} INFO - Processing file /root/airflow_project/dags/etl_posts_dag.py for tasks to queue
[2026-03-25T21:51:51.691+0530] {logging_mixin.py:188} INFO - [2026-03-25T21:51:51.688+0530] {dagbag.py:540} INFO - Filling up the DagBag from /root/airflow_project/dags/etl_posts_dag.py
[2026-03-25T21:51:51.774+0530] {processor.py:840} INFO - DAG(s) 'etl_posts_pipeline' retrieved from /root/airflow_project/dags/etl_posts_dag.py
[2026-03-25T21:51:52.292+0530] {logging_mixin.py:188} INFO - [2026-03-25T21:51:52.291+0530] {dag.py:3047} INFO - Sync 1 DAGs
[2026-03-25T21:51:52.366+0530] {logging_mixin.py:188} INFO - [2026-03-25T21:51:52.365+0530] {dag.py:3834} INFO - Setting next_dagrun for etl_posts_pipeline to None, run_after=None
[2026-03-25T21:51:52.628+0530] {processor.py:183} INFO - Processing /root/airflow_project/dags/etl_posts_dag.py took 0.986 seconds
[2026-03-25T21:52:23.231+0530] {processor.py:161} INFO - Started process (PID=798) to work on /root/airflow_project/dags/etl_posts_dag.py
[2026-03-25T21:52:23.234+0530] {processor.py:830} INFO - Processing file /root/airflow_project/dags/etl_posts_dag.py for tasks to queue
[2026-03-25T21:52:23.236+0530] {logging_mixin.py:188} INFO - [2026-03-25T21:52:23.235+0530] {dagbag.py:540} INFO - Filling up the DagBag from /root/airflow_project/dags/etl_posts_dag.py
[2026-03-25T21:52:23.265+0530] {processor.py:840} INFO - DAG(s) 'etl_posts_pipeline' retrieved from /root/airflow_project/dags/etl_posts_dag.py
[2026-03-25T21:52:23.332+0530] {logging_mixin.py:188} INFO - [2026-03-25T21:52:23.332+0530] {dag.py:3047} INFO - Sync 1 DAGs
[2026-03-25T21:52:23.364+0530] {logging_mixin.py:188} INFO - [2026-03-25T21:52:23.364+0530] {dag.py:3834} INFO - Setting next_dagrun for etl_posts_pipeline to None, run_after=None
[2026-03-25T21:52:23.425+0530] {processor.py:183} INFO - Processing /root/airflow_project/dags/etl_posts_dag.py took 0.203 seconds
[2026-03-25T21:52:53.878+0530] {processor.py:161} INFO - Started process (PID=802) to work on /root/airflow_project/dags/etl_posts_dag.py
[2026-03-25T21:52:53.884+0530] {processor.py:830} INFO - Processing file /root/airflow_project/dags/etl_posts_dag.py for tasks to queue
[2026-03-25T21:52:53.888+0530] {logging_mixin.py:188} INFO - [2026-03-25T21:52:53.886+0530] {dagbag.py:540} INFO - Filling up the DagBag from /root/airflow_project/dags/etl_posts_dag.py
[2026-03-25T21:52:53.927+0530] {processor.py:840} INFO - DAG(s) 'etl_posts_pipeline' retrieved from /root/airflow_project/dags/etl_posts_dag.py
[2026-03-25T21:52:54.006+0530] {logging_mixin.py:188} INFO - [2026-03-25T21:52:54.005+0530] {dag.py:3047} INFO - Sync 1 DAGs
[2026-03-25T21:52:54.043+0530] {logging_mixin.py:188} INFO - [2026-03-25T21:52:54.043+0530] {dag.py:3834} INFO - Setting next_dagrun for etl_posts_pipeline to None, run_after=None
[2026-03-25T21:52:54.125+0530] {processor.py:183} INFO - Processing /root/airflow_project/dags/etl_posts_dag.py took 0.258 seconds
[2026-03-25T21:53:24.832+0530] {processor.py:161} INFO - Started process (PID=804) to work on /root/airflow_project/dags/etl_posts_dag.py
[2026-03-25T21:53:24.845+0530] {processor.py:830} INFO - Processing file /root/airflow_project/dags/etl_posts_dag.py for tasks to queue
[2026-03-25T21:53:24.855+0530] {logging_mixin.py:188} INFO - [2026-03-25T21:53:24.851+0530] {dagbag.py:540} INFO - Filling up the DagBag from /root/airflow_project/dags/etl_posts_dag.py
[2026-03-25T21:53:25.018+0530] {processor.py:840} INFO - DAG(s) 'etl_posts_pipeline' retrieved from /root/airflow_project/dags/etl_posts_dag.py
[2026-03-25T21:53:26.345+0530] {logging_mixin.py:188} INFO - [2026-03-25T21:53:26.343+0530] {dag.py:3047} INFO - Sync 1 DAGs
[2026-03-25T21:53:26.422+0530] {logging_mixin.py:188} INFO - [2026-03-25T21:53:26.421+0530] {dag.py:3834} INFO - Setting next_dagrun for etl_posts_pipeline to None, run_after=None
[2026-03-25T21:53:26.631+0530] {processor.py:183} INFO - Processing /root/airflow_project/dags/etl_posts_dag.py took 1.835 seconds
[2026-03-25T21:53:57.313+0530] {processor.py:161} INFO - Started process (PID=806) to work on /root/airflow_project/dags/etl_posts_dag.py
[2026-03-25T21:53:57.324+0530] {processor.py:830} INFO - Processing file /root/airflow_project/dags/etl_posts_dag.py for tasks to queue
[2026-03-25T21:53:57.338+0530] {logging_mixin.py:188} INFO - [2026-03-25T21:53:57.334+0530] {dagbag.py:540} INFO - Filling up the DagBag from /root/airflow_project/dags/etl_posts_dag.py
[2026-03-25T21:53:57.409+0530] {processor.py:840} INFO - DAG(s) 'etl_posts_pipeline' retrieved from /root/airflow_project/dags/etl_posts_dag.py
[2026-03-25T21:53:58.417+0530] {logging_mixin.py:188} INFO - [2026-03-25T21:53:58.415+0530] {dag.py:3047} INFO - Sync 1 DAGs
[2026-03-25T21:53:58.486+0530] {logging_mixin.py:188} INFO - [2026-03-25T21:53:58.485+0530] {dag.py:3834} INFO - Setting next_dagrun for etl_posts_pipeline to None, run_after=None
[2026-03-25T21:53:58.674+0530] {processor.py:183} INFO - Processing /root/airflow_project/dags/etl_posts_dag.py took 1.404 seconds
[2026-03-25T21:54:29.273+0530] {processor.py:161} INFO - Started process (PID=808) to work on /root/airflow_project/dags/etl_posts_dag.py
[2026-03-25T21:54:29.281+0530] {processor.py:830} INFO - Processing file /root/airflow_project/dags/etl_posts_dag.py for tasks to queue
[2026-03-25T21:54:29.295+0530] {logging_mixin.py:188} INFO - [2026-03-25T21:54:29.287+0530] {dagbag.py:540} INFO - Filling up the DagBag from /root/airflow_project/dags/etl_posts_dag.py
[2026-03-25T21:54:29.473+0530] {processor.py:840} INFO - DAG(s) 'etl_posts_pipeline' retrieved from /root/airflow_project/dags/etl_posts_dag.py
[2026-03-25T21:54:30.832+0530] {logging_mixin.py:188} INFO - [2026-03-25T21:54:30.830+0530] {dag.py:3047} INFO - Sync 1 DAGs
[2026-03-25T21:54:30.922+0530] {logging_mixin.py:188} INFO - [2026-03-25T21:54:30.920+0530] {dag.py:3834} INFO - Setting next_dagrun for etl_posts_pipeline to None, run_after=None
[2026-03-25T21:54:31.107+0530] {processor.py:183} INFO - Processing /root/airflow_project/dags/etl_posts_dag.py took 1.866 seconds
[2026-03-25T21:55:01.494+0530] {processor.py:161} INFO - Started process (PID=810) to work on /root/airflow_project/dags/etl_posts_dag.py
[2026-03-25T21:55:01.498+0530] {processor.py:830} INFO - Processing file /root/airflow_project/dags/etl_posts_dag.py for tasks to queue
[2026-03-25T21:55:01.502+0530] {logging_mixin.py:188} INFO - [2026-03-25T21:55:01.500+0530] {dagbag.py:540} INFO - Filling up the DagBag from /root/airflow_project/dags/etl_posts_dag.py
[2026-03-25T21:55:01.545+0530] {processor.py:840} INFO - DAG(s) 'etl_posts_pipeline' retrieved from /root/airflow_project/dags/etl_posts_dag.py
[2026-03-25T21:55:01.893+0530] {logging_mixin.py:188} INFO - [2026-03-25T21:55:01.892+0530] {dag.py:3047} INFO - Sync 1 DAGs
[2026-03-25T21:55:01.918+0530] {logging_mixin.py:188} INFO - [2026-03-25T21:55:01.917+0530] {dag.py:3834} INFO - Setting next_dagrun for etl_posts_pipeline to None, run_after=None
[2026-03-25T21:55:01.985+0530] {processor.py:183} INFO - Processing /root/airflow_project/dags/etl_posts_dag.py took 0.513 seconds
[2026-03-25T21:55:32.263+0530] {processor.py:161} INFO - Started process (PID=812) to work on /root/airflow_project/dags/etl_posts_dag.py
[2026-03-25T21:55:32.267+0530] {processor.py:830} INFO - Processing file /root/airflow_project/dags/etl_posts_dag.py for tasks to queue
[2026-03-25T21:55:32.271+0530] {logging_mixin.py:188} INFO - [2026-03-25T21:55:32.269+0530] {dagbag.py:540} INFO - Filling up the DagBag from /root/airflow_project/dags/etl_posts_dag.py
[2026-03-25T21:55:32.312+0530] {processor.py:840} INFO - DAG(s) 'etl_posts_pipeline' retrieved from /root/airflow_project/dags/etl_posts_dag.py
[2026-03-25T21:55:32.714+0530] {logging_mixin.py:188} INFO - [2026-03-25T21:55:32.714+0530] {dag.py:3047} INFO - Sync 1 DAGs
[2026-03-25T21:55:32.735+0530] {logging_mixin.py:188} INFO - [2026-03-25T21:55:32.735+0530] {dag.py:3834} INFO - Setting next_dagrun for etl_posts_pipeline to None, run_after=None
[2026-03-25T21:55:32.795+0530] {processor.py:183} INFO - Processing /root/airflow_project/dags/etl_posts_dag.py took 0.545 seconds
[2026-03-25T21:56:03.029+0530] {processor.py:161} INFO - Started process (PID=814) to work on /root/airflow_project/dags/etl_posts_dag.py
[2026-03-25T21:56:03.033+0530] {processor.py:830} INFO - Processing file /root/airflow_project/dags/etl_posts_dag.py for tasks to queue
[2026-03-25T21:56:03.036+0530] {logging_mixin.py:188} INFO - [2026-03-25T21:56:03.035+0530] {dagbag.py:540} INFO - Filling up the DagBag from /root/airflow_project/dags/etl_posts_dag.py
[2026-03-25T21:56:03.068+0530] {processor.py:840} INFO - DAG(s) 'etl_posts_pipeline' retrieved from /root/airflow_project/dags/etl_posts_dag.py
[2026-03-25T21:56:03.313+0530] {logging_mixin.py:188} INFO - [2026-03-25T21:56:03.313+0530] {dag.py:3047} INFO - Sync 1 DAGs
[2026-03-25T21:56:03.333+0530] {logging_mixin.py:188} INFO - [2026-03-25T21:56:03.332+0530] {dag.py:3834} INFO - Setting next_dagrun for etl_posts_pipeline to None, run_after=None
[2026-03-25T21:56:03.389+0530] {processor.py:183} INFO - Processing /root/airflow_project/dags/etl_posts_dag.py took 0.370 seconds
[2026-03-25T21:56:34.147+0530] {processor.py:161} INFO - Started process (PID=816) to work on /root/airflow_project/dags/etl_posts_dag.py
[2026-03-25T21:56:34.155+0530] {processor.py:830} INFO - Processing file /root/airflow_project/dags/etl_posts_dag.py for tasks to queue
[2026-03-25T21:56:34.165+0530] {logging_mixin.py:188} INFO - [2026-03-25T21:56:34.161+0530] {dagbag.py:540} INFO - Filling up the DagBag from /root/airflow_project/dags/etl_posts_dag.py
[2026-03-25T21:56:34.278+0530] {processor.py:840} INFO - DAG(s) 'etl_posts_pipeline' retrieved from /root/airflow_project/dags/etl_posts_dag.py
[2026-03-25T21:56:34.495+0530] {logging_mixin.py:188} INFO - [2026-03-25T21:56:34.493+0530] {dag.py:3047} INFO - Sync 1 DAGs
[2026-03-25T21:56:34.577+0530] {logging_mixin.py:188} INFO - [2026-03-25T21:56:34.575+0530] {dag.py:3834} INFO - Setting next_dagrun for etl_posts_pipeline to None, run_after=None
[2026-03-25T21:56:34.769+0530] {processor.py:183} INFO - Processing /root/airflow_project/dags/etl_posts_dag.py took 0.655 seconds
[2026-03-25T21:57:05.505+0530] {processor.py:161} INFO - Started process (PID=819) to work on /root/airflow_project/dags/etl_posts_dag.py
[2026-03-25T21:57:05.509+0530] {processor.py:830} INFO - Processing file /root/airflow_project/dags/etl_posts_dag.py for tasks to queue
[2026-03-25T21:57:05.513+0530] {logging_mixin.py:188} INFO - [2026-03-25T21:57:05.512+0530] {dagbag.py:540} INFO - Filling up the DagBag from /root/airflow_project/dags/etl_posts_dag.py
[2026-03-25T21:57:05.596+0530] {processor.py:840} INFO - DAG(s) 'etl_posts_pipeline' retrieved from /root/airflow_project/dags/etl_posts_dag.py
[2026-03-25T21:57:05.842+0530] {logging_mixin.py:188} INFO - [2026-03-25T21:57:05.841+0530] {dag.py:3047} INFO - Sync 1 DAGs
[2026-03-25T21:57:05.865+0530] {logging_mixin.py:188} INFO - [2026-03-25T21:57:05.864+0530] {dag.py:3834} INFO - Setting next_dagrun for etl_posts_pipeline to None, run_after=None
[2026-03-25T21:57:05.985+0530] {processor.py:183} INFO - Processing /root/airflow_project/dags/etl_posts_dag.py took 0.509 seconds
[2026-03-25T21:57:36.208+0530] {processor.py:161} INFO - Started process (PID=821) to work on /root/airflow_project/dags/etl_posts_dag.py
[2026-03-25T21:57:36.211+0530] {processor.py:830} INFO - Processing file /root/airflow_project/dags/etl_posts_dag.py for tasks to queue
[2026-03-25T21:57:36.214+0530] {logging_mixin.py:188} INFO - [2026-03-25T21:57:36.213+0530] {dagbag.py:540} INFO - Filling up the DagBag from /root/airflow_project/dags/etl_posts_dag.py
[2026-03-25T21:57:36.245+0530] {processor.py:840} INFO - DAG(s) 'etl_posts_pipeline' retrieved from /root/airflow_project/dags/etl_posts_dag.py
[2026-03-25T21:57:36.463+0530] {logging_mixin.py:188} INFO - [2026-03-25T21:57:36.462+0530] {dag.py:3047} INFO - Sync 1 DAGs
[2026-03-25T21:57:36.483+0530] {logging_mixin.py:188} INFO - [2026-03-25T21:57:36.482+0530] {dag.py:3834} INFO - Setting next_dagrun for etl_posts_pipeline to None, run_after=None
[2026-03-25T21:57:36.536+0530] {processor.py:183} INFO - Processing /root/airflow_project/dags/etl_posts_dag.py took 0.337 seconds
[2026-03-25T21:58:06.777+0530] {processor.py:161} INFO - Started process (PID=823) to work on /root/airflow_project/dags/etl_posts_dag.py
[2026-03-25T21:58:06.780+0530] {processor.py:830} INFO - Processing file /root/airflow_project/dags/etl_posts_dag.py for tasks to queue
[2026-03-25T21:58:06.782+0530] {logging_mixin.py:188} INFO - [2026-03-25T21:58:06.781+0530] {dagbag.py:540} INFO - Filling up the DagBag from /root/airflow_project/dags/etl_posts_dag.py
[2026-03-25T21:58:06.805+0530] {processor.py:840} INFO - DAG(s) 'etl_posts_pipeline' retrieved from /root/airflow_project/dags/etl_posts_dag.py
[2026-03-25T21:58:06.982+0530] {logging_mixin.py:188} INFO - [2026-03-25T21:58:06.981+0530] {dag.py:3047} INFO - Sync 1 DAGs
[2026-03-25T21:58:06.997+0530] {logging_mixin.py:188} INFO - [2026-03-25T21:58:06.996+0530] {dag.py:3834} INFO - Setting next_dagrun for etl_posts_pipeline to None, run_after=None
[2026-03-25T21:58:07.045+0530] {processor.py:183} INFO - Processing /root/airflow_project/dags/etl_posts_dag.py took 0.276 seconds
[2026-03-25T21:58:37.176+0530] {processor.py:161} INFO - Started process (PID=825) to work on /root/airflow_project/dags/etl_posts_dag.py
[2026-03-25T21:58:37.179+0530] {processor.py:830} INFO - Processing file /root/airflow_project/dags/etl_posts_dag.py for tasks to queue
[2026-03-25T21:58:37.181+0530] {logging_mixin.py:188} INFO - [2026-03-25T21:58:37.180+0530] {dagbag.py:540} INFO - Filling up the DagBag from /root/airflow_project/dags/etl_posts_dag.py
[2026-03-25T21:58:37.204+0530] {processor.py:840} INFO - DAG(s) 'etl_posts_pipeline' retrieved from /root/airflow_project/dags/etl_posts_dag.py
[2026-03-25T21:58:37.382+0530] {logging_mixin.py:188} INFO - [2026-03-25T21:58:37.382+0530] {dag.py:3047} INFO - Sync 1 DAGs
[2026-03-25T21:58:37.397+0530] {logging_mixin.py:188} INFO - [2026-03-25T21:58:37.397+0530] {dag.py:3834} INFO - Setting next_dagrun for etl_posts_pipeline to None, run_after=None
[2026-03-25T21:58:37.446+0530] {processor.py:183} INFO - Processing /root/airflow_project/dags/etl_posts_dag.py took 0.277 seconds
[2026-03-25T21:59:07.588+0530] {processor.py:161} INFO - Started process (PID=848) to work on /root/airflow_project/dags/etl_posts_dag.py
[2026-03-25T21:59:07.591+0530] {processor.py:830} INFO - Processing file /root/airflow_project/dags/etl_posts_dag.py for tasks to queue
[2026-03-25T21:59:07.593+0530] {logging_mixin.py:188} INFO - [2026-03-25T21:59:07.592+0530] {dagbag.py:540} INFO - Filling up the DagBag from /root/airflow_project/dags/etl_posts_dag.py
[2026-03-25T21:59:07.617+0530] {processor.py:840} INFO - DAG(s) 'etl_posts_pipeline' retrieved from /root/airflow_project/dags/etl_posts_dag.py
[2026-03-25T21:59:07.850+0530] {logging_mixin.py:188} INFO - [2026-03-25T21:59:07.850+0530] {dag.py:3047} INFO - Sync 1 DAGs
[2026-03-25T21:59:07.868+0530] {logging_mixin.py:188} INFO - [2026-03-25T21:59:07.868+0530] {dag.py:3834} INFO - Setting next_dagrun for etl_posts_pipeline to None, run_after=None
[2026-03-25T21:59:07.922+0530] {processor.py:183} INFO - Processing /root/airflow_project/dags/etl_posts_dag.py took 0.341 seconds
[2026-03-25T21:59:38.062+0530] {processor.py:161} INFO - Started process (PID=852) to work on /root/airflow_project/dags/etl_posts_dag.py
[2026-03-25T21:59:38.064+0530] {processor.py:830} INFO - Processing file /root/airflow_project/dags/etl_posts_dag.py for tasks to queue
[2026-03-25T21:59:38.067+0530] {logging_mixin.py:188} INFO - [2026-03-25T21:59:38.065+0530] {dagbag.py:540} INFO - Filling up the DagBag from /root/airflow_project/dags/etl_posts_dag.py
[2026-03-25T21:59:38.094+0530] {processor.py:840} INFO - DAG(s) 'etl_posts_pipeline' retrieved from /root/airflow_project/dags/etl_posts_dag.py
[2026-03-25T21:59:38.153+0530] {logging_mixin.py:188} INFO - [2026-03-25T21:59:38.153+0530] {dag.py:3047} INFO - Sync 1 DAGs
[2026-03-25T21:59:38.180+0530] {logging_mixin.py:188} INFO - [2026-03-25T21:59:38.180+0530] {dag.py:3834} INFO - Setting next_dagrun for etl_posts_pipeline to None, run_after=None
[2026-03-25T21:59:38.238+0530] {processor.py:183} INFO - Processing /root/airflow_project/dags/etl_posts_dag.py took 0.186 seconds
[2026-03-25T22:00:08.354+0530] {processor.py:161} INFO - Started process (PID=858) to work on /root/airflow_project/dags/etl_posts_dag.py
[2026-03-25T22:00:08.358+0530] {processor.py:830} INFO - Processing file /root/airflow_project/dags/etl_posts_dag.py for tasks to queue
[2026-03-25T22:00:08.360+0530] {logging_mixin.py:188} INFO - [2026-03-25T22:00:08.359+0530] {dagbag.py:540} INFO - Filling up the DagBag from /root/airflow_project/dags/etl_posts_dag.py
[2026-03-25T22:00:08.385+0530] {processor.py:840} INFO - DAG(s) 'etl_posts_pipeline' retrieved from /root/airflow_project/dags/etl_posts_dag.py
[2026-03-25T22:00:08.602+0530] {logging_mixin.py:188} INFO - [2026-03-25T22:00:08.601+0530] {dag.py:3047} INFO - Sync 1 DAGs
[2026-03-25T22:00:08.620+0530] {logging_mixin.py:188} INFO - [2026-03-25T22:00:08.620+0530] {dag.py:3834} INFO - Setting next_dagrun for etl_posts_pipeline to None, run_after=None
[2026-03-25T22:00:08.675+0530] {processor.py:183} INFO - Processing /root/airflow_project/dags/etl_posts_dag.py took 0.328 seconds
[2026-03-25T22:00:38.887+0530] {processor.py:161} INFO - Started process (PID=860) to work on /root/airflow_project/dags/etl_posts_dag.py
[2026-03-25T22:00:38.890+0530] {processor.py:830} INFO - Processing file /root/airflow_project/dags/etl_posts_dag.py for tasks to queue
[2026-03-25T22:00:38.893+0530] {logging_mixin.py:188} INFO - [2026-03-25T22:00:38.892+0530] {dagbag.py:540} INFO - Filling up the DagBag from /root/airflow_project/dags/etl_posts_dag.py
[2026-03-25T22:00:38.925+0530] {processor.py:840} INFO - DAG(s) 'etl_posts_pipeline' retrieved from /root/airflow_project/dags/etl_posts_dag.py
[2026-03-25T22:00:38.998+0530] {logging_mixin.py:188} INFO - [2026-03-25T22:00:38.997+0530] {dag.py:3047} INFO - Sync 1 DAGs
[2026-03-25T22:00:39.025+0530] {logging_mixin.py:188} INFO - [2026-03-25T22:00:39.025+0530] {dag.py:3834} INFO - Setting next_dagrun for etl_posts_pipeline to None, run_after=None
[2026-03-25T22:00:39.084+0530] {processor.py:183} INFO - Processing /root/airflow_project/dags/etl_posts_dag.py took 0.208 seconds
[2026-03-25T22:01:09.811+0530] {processor.py:161} INFO - Started process (PID=862) to work on /root/airflow_project/dags/etl_posts_dag.py
[2026-03-25T22:01:09.815+0530] {processor.py:830} INFO - Processing file /root/airflow_project/dags/etl_posts_dag.py for tasks to queue
[2026-03-25T22:01:09.817+0530] {logging_mixin.py:188} INFO - [2026-03-25T22:01:09.817+0530] {dagbag.py:540} INFO - Filling up the DagBag from /root/airflow_project/dags/etl_posts_dag.py
[2026-03-25T22:01:09.842+0530] {processor.py:840} INFO - DAG(s) 'etl_posts_pipeline' retrieved from /root/airflow_project/dags/etl_posts_dag.py
[2026-03-25T22:01:10.036+0530] {logging_mixin.py:188} INFO - [2026-03-25T22:01:10.036+0530] {dag.py:3047} INFO - Sync 1 DAGs
[2026-03-25T22:01:10.054+0530] {logging_mixin.py:188} INFO - [2026-03-25T22:01:10.053+0530] {dag.py:3834} INFO - Setting next_dagrun for etl_posts_pipeline to None, run_after=None
[2026-03-25T22:01:10.106+0530] {processor.py:183} INFO - Processing /root/airflow_project/dags/etl_posts_dag.py took 0.306 seconds
[2026-03-25T22:01:40.531+0530] {processor.py:161} INFO - Started process (PID=864) to work on /root/airflow_project/dags/etl_posts_dag.py
[2026-03-25T22:01:40.544+0530] {processor.py:830} INFO - Processing file /root/airflow_project/dags/etl_posts_dag.py for tasks to queue
[2026-03-25T22:01:40.558+0530] {logging_mixin.py:188} INFO - [2026-03-25T22:01:40.553+0530] {dagbag.py:540} INFO - Filling up the DagBag from /root/airflow_project/dags/etl_posts_dag.py
[2026-03-25T22:01:40.752+0530] {processor.py:840} INFO - DAG(s) 'etl_posts_pipeline' retrieved from /root/airflow_project/dags/etl_posts_dag.py
[2026-03-25T22:01:41.788+0530] {logging_mixin.py:188} INFO - [2026-03-25T22:01:41.786+0530] {dag.py:3047} INFO - Sync 1 DAGs
[2026-03-25T22:01:41.876+0530] {logging_mixin.py:188} INFO - [2026-03-25T22:01:41.875+0530] {dag.py:3834} INFO - Setting next_dagrun for etl_posts_pipeline to None, run_after=None
[2026-03-25T22:01:42.083+0530] {processor.py:183} INFO - Processing /root/airflow_project/dags/etl_posts_dag.py took 1.611 seconds
[2026-03-25T22:02:13.280+0530] {processor.py:161} INFO - Started process (PID=866) to work on /root/airflow_project/dags/etl_posts_dag.py
[2026-03-25T22:02:13.312+0530] {processor.py:830} INFO - Processing file /root/airflow_project/dags/etl_posts_dag.py for tasks to queue
[2026-03-25T22:02:13.346+0530] {logging_mixin.py:188} INFO - [2026-03-25T22:02:13.329+0530] {dagbag.py:540} INFO - Filling up the DagBag from /root/airflow_project/dags/etl_posts_dag.py
[2026-03-25T22:02:13.563+0530] {processor.py:840} INFO - DAG(s) 'etl_posts_pipeline' retrieved from /root/airflow_project/dags/etl_posts_dag.py
[2026-03-25T22:02:14.475+0530] {logging_mixin.py:188} INFO - [2026-03-25T22:02:14.473+0530] {dag.py:3047} INFO - Sync 1 DAGs
[2026-03-25T22:02:14.538+0530] {logging_mixin.py:188} INFO - [2026-03-25T22:02:14.537+0530] {dag.py:3834} INFO - Setting next_dagrun for etl_posts_pipeline to None, run_after=None
[2026-03-25T22:02:14.681+0530] {processor.py:183} INFO - Processing /root/airflow_project/dags/etl_posts_dag.py took 1.511 seconds
[2026-03-25T22:02:45.016+0530] {processor.py:161} INFO - Started process (PID=868) to work on /root/airflow_project/dags/etl_posts_dag.py
[2026-03-25T22:02:45.019+0530] {processor.py:830} INFO - Processing file /root/airflow_project/dags/etl_posts_dag.py for tasks to queue
[2026-03-25T22:02:45.023+0530] {logging_mixin.py:188} INFO - [2026-03-25T22:02:45.021+0530] {dagbag.py:540} INFO - Filling up the DagBag from /root/airflow_project/dags/etl_posts_dag.py
[2026-03-25T22:02:45.074+0530] {processor.py:840} INFO - DAG(s) 'etl_posts_pipeline' retrieved from /root/airflow_project/dags/etl_posts_dag.py
[2026-03-25T22:02:45.345+0530] {logging_mixin.py:188} INFO - [2026-03-25T22:02:45.344+0530] {dag.py:3047} INFO - Sync 1 DAGs
[2026-03-25T22:02:45.366+0530] {logging_mixin.py:188} INFO - [2026-03-25T22:02:45.365+0530] {dag.py:3834} INFO - Setting next_dagrun for etl_posts_pipeline to None, run_after=None
[2026-03-25T22:02:45.422+0530] {processor.py:183} INFO - Processing /root/airflow_project/dags/etl_posts_dag.py took 0.419 seconds
[2026-03-25T22:03:16.029+0530] {processor.py:161} INFO - Started process (PID=870) to work on /root/airflow_project/dags/etl_posts_dag.py
[2026-03-25T22:03:16.035+0530] {processor.py:830} INFO - Processing file /root/airflow_project/dags/etl_posts_dag.py for tasks to queue
[2026-03-25T22:03:16.039+0530] {logging_mixin.py:188} INFO - [2026-03-25T22:03:16.037+0530] {dagbag.py:540} INFO - Filling up the DagBag from /root/airflow_project/dags/etl_posts_dag.py
[2026-03-25T22:03:16.087+0530] {processor.py:840} INFO - DAG(s) 'etl_posts_pipeline' retrieved from /root/airflow_project/dags/etl_posts_dag.py
[2026-03-25T22:03:16.482+0530] {logging_mixin.py:188} INFO - [2026-03-25T22:03:16.481+0530] {dag.py:3047} INFO - Sync 1 DAGs
[2026-03-25T22:03:16.526+0530] {logging_mixin.py:188} INFO - [2026-03-25T22:03:16.525+0530] {dag.py:3834} INFO - Setting next_dagrun for etl_posts_pipeline to None, run_after=None
[2026-03-25T22:03:16.630+0530] {processor.py:183} INFO - Processing /root/airflow_project/dags/etl_posts_dag.py took 0.616 seconds
[2026-03-25T22:03:46.914+0530] {processor.py:161} INFO - Started process (PID=873) to work on /root/airflow_project/dags/etl_posts_dag.py
[2026-03-25T22:03:46.917+0530] {processor.py:830} INFO - Processing file /root/airflow_project/dags/etl_posts_dag.py for tasks to queue
[2026-03-25T22:03:46.920+0530] {logging_mixin.py:188} INFO - [2026-03-25T22:03:46.919+0530] {dagbag.py:540} INFO - Filling up the DagBag from /root/airflow_project/dags/etl_posts_dag.py
[2026-03-25T22:03:46.952+0530] {processor.py:840} INFO - DAG(s) 'etl_posts_pipeline' retrieved from /root/airflow_project/dags/etl_posts_dag.py
[2026-03-25T22:03:47.190+0530] {logging_mixin.py:188} INFO - [2026-03-25T22:03:47.189+0530] {dag.py:3047} INFO - Sync 1 DAGs
[2026-03-25T22:03:47.210+0530] {logging_mixin.py:188} INFO - [2026-03-25T22:03:47.210+0530] {dag.py:3834} INFO - Setting next_dagrun for etl_posts_pipeline to None, run_after=None
[2026-03-25T22:03:47.280+0530] {processor.py:183} INFO - Processing /root/airflow_project/dags/etl_posts_dag.py took 0.378 seconds
[2026-03-25T22:04:17.471+0530] {processor.py:161} INFO - Started process (PID=876) to work on /root/airflow_project/dags/etl_posts_dag.py
[2026-03-25T22:04:17.477+0530] {processor.py:830} INFO - Processing file /root/airflow_project/dags/etl_posts_dag.py for tasks to queue
[2026-03-25T22:04:17.480+0530] {logging_mixin.py:188} INFO - [2026-03-25T22:04:17.479+0530] {dagbag.py:540} INFO - Filling up the DagBag from /root/airflow_project/dags/etl_posts_dag.py
[2026-03-25T22:04:17.510+0530] {processor.py:840} INFO - DAG(s) 'etl_posts_pipeline' retrieved from /root/airflow_project/dags/etl_posts_dag.py
[2026-03-25T22:04:17.705+0530] {logging_mixin.py:188} INFO - [2026-03-25T22:04:17.705+0530] {dag.py:3047} INFO - Sync 1 DAGs
[2026-03-25T22:04:17.726+0530] {logging_mixin.py:188} INFO - [2026-03-25T22:04:17.725+0530] {dag.py:3834} INFO - Setting next_dagrun for etl_posts_pipeline to None, run_after=None
[2026-03-25T22:04:17.790+0530] {processor.py:183} INFO - Processing /root/airflow_project/dags/etl_posts_dag.py took 0.330 seconds
[2026-03-25T22:04:47.994+0530] {processor.py:161} INFO - Started process (PID=879) to work on /root/airflow_project/dags/etl_posts_dag.py
[2026-03-25T22:04:47.997+0530] {processor.py:830} INFO - Processing file /root/airflow_project/dags/etl_posts_dag.py for tasks to queue
[2026-03-25T22:04:48.001+0530] {logging_mixin.py:188} INFO - [2026-03-25T22:04:48.000+0530] {dagbag.py:540} INFO - Filling up the DagBag from /root/airflow_project/dags/etl_posts_dag.py
[2026-03-25T22:04:48.045+0530] {processor.py:840} INFO - DAG(s) 'etl_posts_pipeline' retrieved from /root/airflow_project/dags/etl_posts_dag.py
[2026-03-25T22:04:48.413+0530] {logging_mixin.py:188} INFO - [2026-03-25T22:04:48.412+0530] {dag.py:3047} INFO - Sync 1 DAGs
[2026-03-25T22:04:48.446+0530] {logging_mixin.py:188} INFO - [2026-03-25T22:04:48.445+0530] {dag.py:3834} INFO - Setting next_dagrun for etl_posts_pipeline to None, run_after=None
[2026-03-25T22:04:48.520+0530] {processor.py:183} INFO - Processing /root/airflow_project/dags/etl_posts_dag.py took 0.539 seconds
[2026-03-25T22:05:18.769+0530] {processor.py:161} INFO - Started process (PID=883) to work on /root/airflow_project/dags/etl_posts_dag.py
[2026-03-25T22:05:18.774+0530] {processor.py:830} INFO - Processing file /root/airflow_project/dags/etl_posts_dag.py for tasks to queue
[2026-03-25T22:05:18.776+0530] {logging_mixin.py:188} INFO - [2026-03-25T22:05:18.775+0530] {dagbag.py:540} INFO - Filling up the DagBag from /root/airflow_project/dags/etl_posts_dag.py
[2026-03-25T22:05:18.805+0530] {processor.py:840} INFO - DAG(s) 'etl_posts_pipeline' retrieved from /root/airflow_project/dags/etl_posts_dag.py
[2026-03-25T22:05:19.007+0530] {logging_mixin.py:188} INFO - [2026-03-25T22:05:19.007+0530] {dag.py:3047} INFO - Sync 1 DAGs
[2026-03-25T22:05:19.023+0530] {logging_mixin.py:188} INFO - [2026-03-25T22:05:19.022+0530] {dag.py:3834} INFO - Setting next_dagrun for etl_posts_pipeline to None, run_after=None
[2026-03-25T22:05:19.071+0530] {processor.py:183} INFO - Processing /root/airflow_project/dags/etl_posts_dag.py took 0.311 seconds
[2026-03-25T22:05:49.305+0530] {processor.py:161} INFO - Started process (PID=885) to work on /root/airflow_project/dags/etl_posts_dag.py
[2026-03-25T22:05:49.308+0530] {processor.py:830} INFO - Processing file /root/airflow_project/dags/etl_posts_dag.py for tasks to queue
[2026-03-25T22:05:49.311+0530] {logging_mixin.py:188} INFO - [2026-03-25T22:05:49.310+0530] {dagbag.py:540} INFO - Filling up the DagBag from /root/airflow_project/dags/etl_posts_dag.py
[2026-03-25T22:05:49.344+0530] {processor.py:840} INFO - DAG(s) 'etl_posts_pipeline' retrieved from /root/airflow_project/dags/etl_posts_dag.py
[2026-03-25T22:05:49.608+0530] {logging_mixin.py:188} INFO - [2026-03-25T22:05:49.607+0530] {dag.py:3047} INFO - Sync 1 DAGs
[2026-03-25T22:05:49.639+0530] {logging_mixin.py:188} INFO - [2026-03-25T22:05:49.638+0530] {dag.py:3834} INFO - Setting next_dagrun for etl_posts_pipeline to None, run_after=None
[2026-03-25T22:05:49.707+0530] {processor.py:183} INFO - Processing /root/airflow_project/dags/etl_posts_dag.py took 0.413 seconds
[2026-03-25T22:06:19.934+0530] {processor.py:161} INFO - Started process (PID=887) to work on /root/airflow_project/dags/etl_posts_dag.py
[2026-03-25T22:06:19.939+0530] {processor.py:830} INFO - Processing file /root/airflow_project/dags/etl_posts_dag.py for tasks to queue
[2026-03-25T22:06:19.941+0530] {logging_mixin.py:188} INFO - [2026-03-25T22:06:19.940+0530] {dagbag.py:540} INFO - Filling up the DagBag from /root/airflow_project/dags/etl_posts_dag.py
[2026-03-25T22:06:19.958+0530] {processor.py:840} INFO - DAG(s) 'etl_posts_pipeline' retrieved from /root/airflow_project/dags/etl_posts_dag.py
[2026-03-25T22:06:20.005+0530] {logging_mixin.py:188} INFO - [2026-03-25T22:06:20.005+0530] {dag.py:3047} INFO - Sync 1 DAGs
[2026-03-25T22:06:20.029+0530] {logging_mixin.py:188} INFO - [2026-03-25T22:06:20.029+0530] {dag.py:3834} INFO - Setting next_dagrun for etl_posts_pipeline to None, run_after=None
[2026-03-25T22:06:20.077+0530] {processor.py:183} INFO - Processing /root/airflow_project/dags/etl_posts_dag.py took 0.152 seconds
[2026-03-25T22:06:50.253+0530] {processor.py:161} INFO - Started process (PID=889) to work on /root/airflow_project/dags/etl_posts_dag.py
[2026-03-25T22:06:50.255+0530] {processor.py:830} INFO - Processing file /root/airflow_project/dags/etl_posts_dag.py for tasks to queue
[2026-03-25T22:06:50.257+0530] {logging_mixin.py:188} INFO - [2026-03-25T22:06:50.256+0530] {dagbag.py:540} INFO - Filling up the DagBag from /root/airflow_project/dags/etl_posts_dag.py
[2026-03-25T22:06:50.278+0530] {processor.py:840} INFO - DAG(s) 'etl_posts_pipeline' retrieved from /root/airflow_project/dags/etl_posts_dag.py
[2026-03-25T22:06:50.503+0530] {logging_mixin.py:188} INFO - [2026-03-25T22:06:50.502+0530] {dag.py:3047} INFO - Sync 1 DAGs
[2026-03-25T22:06:50.526+0530] {logging_mixin.py:188} INFO - [2026-03-25T22:06:50.525+0530] {dag.py:3834} INFO - Setting next_dagrun for etl_posts_pipeline to None, run_after=None
[2026-03-25T22:06:50.583+0530] {processor.py:183} INFO - Processing /root/airflow_project/dags/etl_posts_dag.py took 0.337 seconds
[2026-03-25T22:07:20.788+0530] {processor.py:161} INFO - Started process (PID=891) to work on /root/airflow_project/dags/etl_posts_dag.py
[2026-03-25T22:07:20.793+0530] {processor.py:830} INFO - Processing file /root/airflow_project/dags/etl_posts_dag.py for tasks to queue
[2026-03-25T22:07:20.795+0530] {logging_mixin.py:188} INFO - [2026-03-25T22:07:20.794+0530] {dagbag.py:540} INFO - Filling up the DagBag from /root/airflow_project/dags/etl_posts_dag.py
[2026-03-25T22:07:20.815+0530] {processor.py:840} INFO - DAG(s) 'etl_posts_pipeline' retrieved from /root/airflow_project/dags/etl_posts_dag.py
[2026-03-25T22:07:20.867+0530] {logging_mixin.py:188} INFO - [2026-03-25T22:07:20.866+0530] {dag.py:3047} INFO - Sync 1 DAGs
[2026-03-25T22:07:20.891+0530] {logging_mixin.py:188} INFO - [2026-03-25T22:07:20.891+0530] {dag.py:3834} INFO - Setting next_dagrun for etl_posts_pipeline to None, run_after=None
[2026-03-25T22:07:20.945+0530] {processor.py:183} INFO - Processing /root/airflow_project/dags/etl_posts_dag.py took 0.164 seconds
[2026-03-25T22:07:51.097+0530] {processor.py:161} INFO - Started process (PID=893) to work on /root/airflow_project/dags/etl_posts_dag.py
[2026-03-25T22:07:51.101+0530] {processor.py:830} INFO - Processing file /root/airflow_project/dags/etl_posts_dag.py for tasks to queue
[2026-03-25T22:07:51.102+0530] {logging_mixin.py:188} INFO - [2026-03-25T22:07:51.101+0530] {dagbag.py:540} INFO - Filling up the DagBag from /root/airflow_project/dags/etl_posts_dag.py
[2026-03-25T22:07:51.120+0530] {processor.py:840} INFO - DAG(s) 'etl_posts_pipeline' retrieved from /root/airflow_project/dags/etl_posts_dag.py
[2026-03-25T22:07:51.286+0530] {logging_mixin.py:188} INFO - [2026-03-25T22:07:51.286+0530] {dag.py:3047} INFO - Sync 1 DAGs
[2026-03-25T22:07:51.302+0530] {logging_mixin.py:188} INFO - [2026-03-25T22:07:51.302+0530] {dag.py:3834} INFO - Setting next_dagrun for etl_posts_pipeline to None, run_after=None
[2026-03-25T22:07:51.345+0530] {processor.py:183} INFO - Processing /root/airflow_project/dags/etl_posts_dag.py took 0.254 seconds
[2026-03-25T22:08:21.529+0530] {processor.py:161} INFO - Started process (PID=897) to work on /root/airflow_project/dags/etl_posts_dag.py
[2026-03-25T22:08:21.534+0530] {processor.py:830} INFO - Processing file /root/airflow_project/dags/etl_posts_dag.py for tasks to queue
[2026-03-25T22:08:21.536+0530] {logging_mixin.py:188} INFO - [2026-03-25T22:08:21.536+0530] {dagbag.py:540} INFO - Filling up the DagBag from /root/airflow_project/dags/etl_posts_dag.py
[2026-03-25T22:08:21.566+0530] {processor.py:840} INFO - DAG(s) 'etl_posts_pipeline' retrieved from /root/airflow_project/dags/etl_posts_dag.py
[2026-03-25T22:08:21.753+0530] {logging_mixin.py:188} INFO - [2026-03-25T22:08:21.753+0530] {dag.py:3047} INFO - Sync 1 DAGs
[2026-03-25T22:08:21.768+0530] {logging_mixin.py:188} INFO - [2026-03-25T22:08:21.768+0530] {dag.py:3834} INFO - Setting next_dagrun for etl_posts_pipeline to None, run_after=None
[2026-03-25T22:08:21.817+0530] {processor.py:183} INFO - Processing /root/airflow_project/dags/etl_posts_dag.py took 0.298 seconds
[2026-03-25T22:08:52.080+0530] {processor.py:161} INFO - Started process (PID=899) to work on /root/airflow_project/dags/etl_posts_dag.py
[2026-03-25T22:08:52.086+0530] {processor.py:830} INFO - Processing file /root/airflow_project/dags/etl_posts_dag.py for tasks to queue
[2026-03-25T22:08:52.091+0530] {logging_mixin.py:188} INFO - [2026-03-25T22:08:52.089+0530] {dagbag.py:540} INFO - Filling up the DagBag from /root/airflow_project/dags/etl_posts_dag.py
[2026-03-25T22:08:52.150+0530] {processor.py:840} INFO - DAG(s) 'etl_posts_pipeline' retrieved from /root/airflow_project/dags/etl_posts_dag.py
[2026-03-25T22:08:52.270+0530] {logging_mixin.py:188} INFO - [2026-03-25T22:08:52.269+0530] {dag.py:3047} INFO - Sync 1 DAGs
[2026-03-25T22:08:52.321+0530] {logging_mixin.py:188} INFO - [2026-03-25T22:08:52.320+0530] {dag.py:3834} INFO - Setting next_dagrun for etl_posts_pipeline to None, run_after=None
[2026-03-25T22:08:52.431+0530] {processor.py:183} INFO - Processing /root/airflow_project/dags/etl_posts_dag.py took 0.370 seconds
[2026-03-25T22:09:22.699+0530] {processor.py:161} INFO - Started process (PID=902) to work on /root/airflow_project/dags/etl_posts_dag.py
[2026-03-25T22:09:22.705+0530] {processor.py:830} INFO - Processing file /root/airflow_project/dags/etl_posts_dag.py for tasks to queue
[2026-03-25T22:09:22.708+0530] {logging_mixin.py:188} INFO - [2026-03-25T22:09:22.707+0530] {dagbag.py:540} INFO - Filling up the DagBag from /root/airflow_project/dags/etl_posts_dag.py
[2026-03-25T22:09:22.746+0530] {processor.py:840} INFO - DAG(s) 'etl_posts_pipeline' retrieved from /root/airflow_project/dags/etl_posts_dag.py
[2026-03-25T22:09:23.012+0530] {logging_mixin.py:188} INFO - [2026-03-25T22:09:23.011+0530] {dag.py:3047} INFO - Sync 1 DAGs
[2026-03-25T22:09:23.032+0530] {logging_mixin.py:188} INFO - [2026-03-25T22:09:23.031+0530] {dag.py:3834} INFO - Setting next_dagrun for etl_posts_pipeline to None, run_after=None
[2026-03-25T22:09:23.094+0530] {processor.py:183} INFO - Processing /root/airflow_project/dags/etl_posts_dag.py took 0.407 seconds
[2026-03-25T22:09:53.309+0530] {processor.py:161} INFO - Started process (PID=904) to work on /root/airflow_project/dags/etl_posts_dag.py
[2026-03-25T22:09:53.311+0530] {processor.py:830} INFO - Processing file /root/airflow_project/dags/etl_posts_dag.py for tasks to queue
[2026-03-25T22:09:53.313+0530] {logging_mixin.py:188} INFO - [2026-03-25T22:09:53.312+0530] {dagbag.py:540} INFO - Filling up the DagBag from /root/airflow_project/dags/etl_posts_dag.py
[2026-03-25T22:09:53.335+0530] {processor.py:840} INFO - DAG(s) 'etl_posts_pipeline' retrieved from /root/airflow_project/dags/etl_posts_dag.py
[2026-03-25T22:09:53.572+0530] {logging_mixin.py:188} INFO - [2026-03-25T22:09:53.571+0530] {dag.py:3047} INFO - Sync 1 DAGs
[2026-03-25T22:09:53.591+0530] {logging_mixin.py:188} INFO - [2026-03-25T22:09:53.591+0530] {dag.py:3834} INFO - Setting next_dagrun for etl_posts_pipeline to None, run_after=None
[2026-03-25T22:09:53.667+0530] {processor.py:183} INFO - Processing /root/airflow_project/dags/etl_posts_dag.py took 0.366 seconds
[2026-03-25T22:10:23.875+0530] {processor.py:161} INFO - Started process (PID=908) to work on /root/airflow_project/dags/etl_posts_dag.py
[2026-03-25T22:10:23.880+0530] {processor.py:830} INFO - Processing file /root/airflow_project/dags/etl_posts_dag.py for tasks to queue
[2026-03-25T22:10:23.884+0530] {logging_mixin.py:188} INFO - [2026-03-25T22:10:23.882+0530] {dagbag.py:540} INFO - Filling up the DagBag from /root/airflow_project/dags/etl_posts_dag.py
[2026-03-25T22:10:23.917+0530] {processor.py:840} INFO - DAG(s) 'etl_posts_pipeline' retrieved from /root/airflow_project/dags/etl_posts_dag.py
[2026-03-25T22:10:24.155+0530] {logging_mixin.py:188} INFO - [2026-03-25T22:10:24.154+0530] {dag.py:3047} INFO - Sync 1 DAGs
[2026-03-25T22:10:24.175+0530] {logging_mixin.py:188} INFO - [2026-03-25T22:10:24.175+0530] {dag.py:3834} INFO - Setting next_dagrun for etl_posts_pipeline to None, run_after=None
[2026-03-25T22:10:24.241+0530] {processor.py:183} INFO - Processing /root/airflow_project/dags/etl_posts_dag.py took 0.378 seconds
[2026-03-25T22:10:54.406+0530] {processor.py:161} INFO - Started process (PID=910) to work on /root/airflow_project/dags/etl_posts_dag.py
[2026-03-25T22:10:54.408+0530] {processor.py:830} INFO - Processing file /root/airflow_project/dags/etl_posts_dag.py for tasks to queue
[2026-03-25T22:10:54.410+0530] {logging_mixin.py:188} INFO - [2026-03-25T22:10:54.409+0530] {dagbag.py:540} INFO - Filling up the DagBag from /root/airflow_project/dags/etl_posts_dag.py
[2026-03-25T22:10:54.429+0530] {processor.py:840} INFO - DAG(s) 'etl_posts_pipeline' retrieved from /root/airflow_project/dags/etl_posts_dag.py
[2026-03-25T22:10:54.469+0530] {logging_mixin.py:188} INFO - [2026-03-25T22:10:54.469+0530] {dag.py:3047} INFO - Sync 1 DAGs
[2026-03-25T22:10:54.489+0530] {logging_mixin.py:188} INFO - [2026-03-25T22:10:54.489+0530] {dag.py:3834} INFO - Setting next_dagrun for etl_posts_pipeline to None, run_after=None
[2026-03-25T22:10:54.537+0530] {processor.py:183} INFO - Processing /root/airflow_project/dags/etl_posts_dag.py took 0.138 seconds
[2026-03-25T22:11:24.686+0530] {processor.py:161} INFO - Started process (PID=912) to work on /root/airflow_project/dags/etl_posts_dag.py
[2026-03-25T22:11:24.691+0530] {processor.py:830} INFO - Processing file /root/airflow_project/dags/etl_posts_dag.py for tasks to queue
[2026-03-25T22:11:24.694+0530] {logging_mixin.py:188} INFO - [2026-03-25T22:11:24.693+0530] {dagbag.py:540} INFO - Filling up the DagBag from /root/airflow_project/dags/etl_posts_dag.py
[2026-03-25T22:11:24.727+0530] {processor.py:840} INFO - DAG(s) 'etl_posts_pipeline' retrieved from /root/airflow_project/dags/etl_posts_dag.py
[2026-03-25T22:11:24.891+0530] {logging_mixin.py:188} INFO - [2026-03-25T22:11:24.891+0530] {dag.py:3047} INFO - Sync 1 DAGs
[2026-03-25T22:11:24.904+0530] {logging_mixin.py:188} INFO - [2026-03-25T22:11:24.904+0530] {dag.py:3834} INFO - Setting next_dagrun for etl_posts_pipeline to None, run_after=None
[2026-03-25T22:11:24.947+0530] {processor.py:183} INFO - Processing /root/airflow_project/dags/etl_posts_dag.py took 0.275 seconds
[2026-03-25T22:11:55.087+0530] {processor.py:161} INFO - Started process (PID=916) to work on /root/airflow_project/dags/etl_posts_dag.py
[2026-03-25T22:11:55.091+0530] {processor.py:830} INFO - Processing file /root/airflow_project/dags/etl_posts_dag.py for tasks to queue
[2026-03-25T22:11:55.093+0530] {logging_mixin.py:188} INFO - [2026-03-25T22:11:55.092+0530] {dagbag.py:540} INFO - Filling up the DagBag from /root/airflow_project/dags/etl_posts_dag.py
[2026-03-25T22:11:55.112+0530] {processor.py:840} INFO - DAG(s) 'etl_posts_pipeline' retrieved from /root/airflow_project/dags/etl_posts_dag.py
[2026-03-25T22:11:55.248+0530] {logging_mixin.py:188} INFO - [2026-03-25T22:11:55.247+0530] {dag.py:3047} INFO - Sync 1 DAGs
[2026-03-25T22:11:55.260+0530] {logging_mixin.py:188} INFO - [2026-03-25T22:11:55.260+0530] {dag.py:3834} INFO - Setting next_dagrun for etl_posts_pipeline to None, run_after=None
[2026-03-25T22:11:55.296+0530] {processor.py:183} INFO - Processing /root/airflow_project/dags/etl_posts_dag.py took 0.218 seconds
[2026-03-25T22:12:25.508+0530] {processor.py:161} INFO - Started process (PID=918) to work on /root/airflow_project/dags/etl_posts_dag.py
[2026-03-25T22:12:25.513+0530] {processor.py:830} INFO - Processing file /root/airflow_project/dags/etl_posts_dag.py for tasks to queue
[2026-03-25T22:12:25.516+0530] {logging_mixin.py:188} INFO - [2026-03-25T22:12:25.514+0530] {dagbag.py:540} INFO - Filling up the DagBag from /root/airflow_project/dags/etl_posts_dag.py
[2026-03-25T22:12:25.555+0530] {processor.py:840} INFO - DAG(s) 'etl_posts_pipeline' retrieved from /root/airflow_project/dags/etl_posts_dag.py
[2026-03-25T22:12:25.641+0530] {logging_mixin.py:188} INFO - [2026-03-25T22:12:25.640+0530] {dag.py:3047} INFO - Sync 1 DAGs
[2026-03-25T22:12:25.674+0530] {logging_mixin.py:188} INFO - [2026-03-25T22:12:25.673+0530] {dag.py:3834} INFO - Setting next_dagrun for etl_posts_pipeline to None, run_after=None
[2026-03-25T22:12:25.746+0530] {processor.py:183} INFO - Processing /root/airflow_project/dags/etl_posts_dag.py took 0.252 seconds
[2026-03-25T22:12:55.956+0530] {processor.py:161} INFO - Started process (PID=920) to work on /root/airflow_project/dags/etl_posts_dag.py
[2026-03-25T22:12:55.958+0530] {processor.py:830} INFO - Processing file /root/airflow_project/dags/etl_posts_dag.py for tasks to queue
[2026-03-25T22:12:55.960+0530] {logging_mixin.py:188} INFO - [2026-03-25T22:12:55.959+0530] {dagbag.py:540} INFO - Filling up the DagBag from /root/airflow_project/dags/etl_posts_dag.py
[2026-03-25T22:12:55.986+0530] {processor.py:840} INFO - DAG(s) 'etl_posts_pipeline' retrieved from /root/airflow_project/dags/etl_posts_dag.py
[2026-03-25T22:12:56.227+0530] {logging_mixin.py:188} INFO - [2026-03-25T22:12:56.227+0530] {dag.py:3047} INFO - Sync 1 DAGs
[2026-03-25T22:12:56.250+0530] {logging_mixin.py:188} INFO - [2026-03-25T22:12:56.249+0530] {dag.py:3834} INFO - Setting next_dagrun for etl_posts_pipeline to None, run_after=None
[2026-03-25T22:12:56.309+0530] {processor.py:183} INFO - Processing /root/airflow_project/dags/etl_posts_dag.py took 0.363 seconds
[2026-03-25T22:13:26.477+0530] {processor.py:161} INFO - Started process (PID=922) to work on /root/airflow_project/dags/etl_posts_dag.py
[2026-03-25T22:13:26.479+0530] {processor.py:830} INFO - Processing file /root/airflow_project/dags/etl_posts_dag.py for tasks to queue
[2026-03-25T22:13:26.481+0530] {logging_mixin.py:188} INFO - [2026-03-25T22:13:26.480+0530] {dagbag.py:540} INFO - Filling up the DagBag from /root/airflow_project/dags/etl_posts_dag.py
[2026-03-25T22:13:26.503+0530] {processor.py:840} INFO - DAG(s) 'etl_posts_pipeline' retrieved from /root/airflow_project/dags/etl_posts_dag.py
[2026-03-25T22:13:26.752+0530] {logging_mixin.py:188} INFO - [2026-03-25T22:13:26.751+0530] {dag.py:3047} INFO - Sync 1 DAGs
[2026-03-25T22:13:26.770+0530] {logging_mixin.py:188} INFO - [2026-03-25T22:13:26.769+0530] {dag.py:3834} INFO - Setting next_dagrun for etl_posts_pipeline to None, run_after=None
[2026-03-25T22:13:26.826+0530] {processor.py:183} INFO - Processing /root/airflow_project/dags/etl_posts_dag.py took 0.357 seconds
[2026-03-25T22:13:57.012+0530] {processor.py:161} INFO - Started process (PID=925) to work on /root/airflow_project/dags/etl_posts_dag.py
[2026-03-25T22:13:57.014+0530] {processor.py:830} INFO - Processing file /root/airflow_project/dags/etl_posts_dag.py for tasks to queue
[2026-03-25T22:13:57.016+0530] {logging_mixin.py:188} INFO - [2026-03-25T22:13:57.016+0530] {dagbag.py:540} INFO - Filling up the DagBag from /root/airflow_project/dags/etl_posts_dag.py
[2026-03-25T22:13:57.035+0530] {processor.py:840} INFO - DAG(s) 'etl_posts_pipeline' retrieved from /root/airflow_project/dags/etl_posts_dag.py
[2026-03-25T22:13:57.201+0530] {logging_mixin.py:188} INFO - [2026-03-25T22:13:57.200+0530] {dag.py:3047} INFO - Sync 1 DAGs
[2026-03-25T22:13:57.215+0530] {logging_mixin.py:188} INFO - [2026-03-25T22:13:57.215+0530] {dag.py:3834} INFO - Setting next_dagrun for etl_posts_pipeline to None, run_after=None
[2026-03-25T22:13:57.265+0530] {processor.py:183} INFO - Processing /root/airflow_project/dags/etl_posts_dag.py took 0.260 seconds
[2026-03-25T22:14:27.459+0530] {processor.py:161} INFO - Started process (PID=928) to work on /root/airflow_project/dags/etl_posts_dag.py
[2026-03-25T22:14:27.462+0530] {processor.py:830} INFO - Processing file /root/airflow_project/dags/etl_posts_dag.py for tasks to queue
[2026-03-25T22:14:27.464+0530] {logging_mixin.py:188} INFO - [2026-03-25T22:14:27.463+0530] {dagbag.py:540} INFO - Filling up the DagBag from /root/airflow_project/dags/etl_posts_dag.py
[2026-03-25T22:14:27.494+0530] {processor.py:840} INFO - DAG(s) 'etl_posts_pipeline' retrieved from /root/airflow_project/dags/etl_posts_dag.py
[2026-03-25T22:14:27.747+0530] {logging_mixin.py:188} INFO - [2026-03-25T22:14:27.747+0530] {dag.py:3047} INFO - Sync 1 DAGs
[2026-03-25T22:14:27.765+0530] {logging_mixin.py:188} INFO - [2026-03-25T22:14:27.765+0530] {dag.py:3834} INFO - Setting next_dagrun for etl_posts_pipeline to None, run_after=None
[2026-03-25T22:14:27.810+0530] {processor.py:183} INFO - Processing /root/airflow_project/dags/etl_posts_dag.py took 0.360 seconds
[2026-03-25T22:14:57.951+0530] {processor.py:161} INFO - Started process (PID=930) to work on /root/airflow_project/dags/etl_posts_dag.py