[2026-03-11T19:30:21.140+0530] {processor.py:161} INFO - Started process (PID=509) to work on /root/airflow_project/dags/literacy_etl_dag.py
[2026-03-11T19:30:21.152+0530] {processor.py:830} INFO - Processing file /root/airflow_project/dags/literacy_etl_dag.py for tasks to queue
[2026-03-11T19:30:21.156+0530] {logging_mixin.py:188} INFO - [2026-03-11T19:30:21.154+0530] {dagbag.py:540} INFO - Filling up the DagBag from /root/airflow_project/dags/literacy_etl_dag.py
[2026-03-11T19:30:21.262+0530] {processor.py:840} INFO - DAG(s) 'literacy_csv_etl_pipeline' retrieved from /root/airflow_project/dags/literacy_etl_dag.py
[2026-03-11T19:30:21.365+0530] {logging_mixin.py:188} INFO - [2026-03-11T19:30:21.364+0530] {dag.py:3047} INFO - Sync 1 DAGs
[2026-03-11T19:30:21.397+0530] {logging_mixin.py:188} INFO - [2026-03-11T19:30:21.396+0530] {dag.py:3834} INFO - Setting next_dagrun for literacy_csv_etl_pipeline to None, run_after=None
[2026-03-11T19:30:21.477+0530] {processor.py:183} INFO - Processing /root/airflow_project/dags/literacy_etl_dag.py took 0.353 seconds
[2026-03-11T19:30:52.145+0530] {processor.py:161} INFO - Started process (PID=513) to work on /root/airflow_project/dags/literacy_etl_dag.py
[2026-03-11T19:30:52.159+0530] {processor.py:830} INFO - Processing file /root/airflow_project/dags/literacy_etl_dag.py for tasks to queue
[2026-03-11T19:30:52.168+0530] {logging_mixin.py:188} INFO - [2026-03-11T19:30:52.162+0530] {dagbag.py:540} INFO - Filling up the DagBag from /root/airflow_project/dags/literacy_etl_dag.py
[2026-03-11T19:30:52.269+0530] {processor.py:840} INFO - DAG(s) 'literacy_csv_etl_pipeline' retrieved from /root/airflow_project/dags/literacy_etl_dag.py
[2026-03-11T19:30:52.626+0530] {logging_mixin.py:188} INFO - [2026-03-11T19:30:52.623+0530] {dag.py:3047} INFO - Sync 1 DAGs
[2026-03-11T19:30:52.843+0530] {logging_mixin.py:188} INFO - [2026-03-11T19:30:52.833+0530] {dag.py:3834} INFO - Setting next_dagrun for literacy_csv_etl_pipeline to None, run_after=None
[2026-03-11T19:30:53.118+0530] {processor.py:183} INFO - Processing /root/airflow_project/dags/literacy_etl_dag.py took 1.013 seconds
[2026-03-11T19:31:23.769+0530] {processor.py:161} INFO - Started process (PID=543) to work on /root/airflow_project/dags/literacy_etl_dag.py
[2026-03-11T19:31:23.774+0530] {processor.py:830} INFO - Processing file /root/airflow_project/dags/literacy_etl_dag.py for tasks to queue
[2026-03-11T19:31:23.777+0530] {logging_mixin.py:188} INFO - [2026-03-11T19:31:23.776+0530] {dagbag.py:540} INFO - Filling up the DagBag from /root/airflow_project/dags/literacy_etl_dag.py
[2026-03-11T19:31:23.822+0530] {processor.py:840} INFO - DAG(s) 'literacy_csv_etl_pipeline' retrieved from /root/airflow_project/dags/literacy_etl_dag.py
[2026-03-11T19:31:23.921+0530] {logging_mixin.py:188} INFO - [2026-03-11T19:31:23.921+0530] {dag.py:3047} INFO - Sync 1 DAGs
[2026-03-11T19:31:23.968+0530] {logging_mixin.py:188} INFO - [2026-03-11T19:31:23.967+0530] {dag.py:3834} INFO - Setting next_dagrun for literacy_csv_etl_pipeline to None, run_after=None
[2026-03-11T19:31:24.069+0530] {processor.py:183} INFO - Processing /root/airflow_project/dags/literacy_etl_dag.py took 0.316 seconds
[2026-03-11T19:31:54.474+0530] {processor.py:161} INFO - Started process (PID=550) to work on /root/airflow_project/dags/literacy_etl_dag.py
[2026-03-11T19:31:54.494+0530] {processor.py:830} INFO - Processing file /root/airflow_project/dags/literacy_etl_dag.py for tasks to queue
[2026-03-11T19:31:54.501+0530] {logging_mixin.py:188} INFO - [2026-03-11T19:31:54.498+0530] {dagbag.py:540} INFO - Filling up the DagBag from /root/airflow_project/dags/literacy_etl_dag.py
[2026-03-11T19:31:54.692+0530] {processor.py:840} INFO - DAG(s) 'literacy_csv_etl_pipeline' retrieved from /root/airflow_project/dags/literacy_etl_dag.py
[2026-03-11T19:31:55.131+0530] {logging_mixin.py:188} INFO - [2026-03-11T19:31:55.129+0530] {dag.py:3047} INFO - Sync 1 DAGs
[2026-03-11T19:31:55.408+0530] {logging_mixin.py:188} INFO - [2026-03-11T19:31:55.404+0530] {dag.py:3834} INFO - Setting next_dagrun for literacy_csv_etl_pipeline to None, run_after=None
[2026-03-11T19:31:56.730+0530] {processor.py:183} INFO - Processing /root/airflow_project/dags/literacy_etl_dag.py took 2.303 seconds
[2026-03-11T19:32:27.443+0530] {processor.py:161} INFO - Started process (PID=557) to work on /root/airflow_project/dags/literacy_etl_dag.py
[2026-03-11T19:32:27.465+0530] {processor.py:830} INFO - Processing file /root/airflow_project/dags/literacy_etl_dag.py for tasks to queue
[2026-03-11T19:32:27.485+0530] {logging_mixin.py:188} INFO - [2026-03-11T19:32:27.473+0530] {dagbag.py:540} INFO - Filling up the DagBag from /root/airflow_project/dags/literacy_etl_dag.py
[2026-03-11T19:32:27.694+0530] {processor.py:840} INFO - DAG(s) 'literacy_csv_etl_pipeline' retrieved from /root/airflow_project/dags/literacy_etl_dag.py
[2026-03-11T19:32:28.150+0530] {logging_mixin.py:188} INFO - [2026-03-11T19:32:28.148+0530] {dag.py:3047} INFO - Sync 1 DAGs
[2026-03-11T19:32:28.372+0530] {logging_mixin.py:188} INFO - [2026-03-11T19:32:28.364+0530] {dag.py:3834} INFO - Setting next_dagrun for literacy_csv_etl_pipeline to None, run_after=None
[2026-03-11T19:32:28.746+0530] {processor.py:183} INFO - Processing /root/airflow_project/dags/literacy_etl_dag.py took 1.354 seconds
[2026-03-11T19:32:59.467+0530] {processor.py:161} INFO - Started process (PID=565) to work on /root/airflow_project/dags/literacy_etl_dag.py
[2026-03-11T19:32:59.471+0530] {processor.py:830} INFO - Processing file /root/airflow_project/dags/literacy_etl_dag.py for tasks to queue
[2026-03-11T19:32:59.474+0530] {logging_mixin.py:188} INFO - [2026-03-11T19:32:59.473+0530] {dagbag.py:540} INFO - Filling up the DagBag from /root/airflow_project/dags/literacy_etl_dag.py
[2026-03-11T19:32:59.506+0530] {processor.py:840} INFO - DAG(s) 'literacy_csv_etl_pipeline' retrieved from /root/airflow_project/dags/literacy_etl_dag.py
[2026-03-11T19:32:59.582+0530] {logging_mixin.py:188} INFO - [2026-03-11T19:32:59.581+0530] {dag.py:3047} INFO - Sync 1 DAGs
[2026-03-11T19:32:59.621+0530] {logging_mixin.py:188} INFO - [2026-03-11T19:32:59.621+0530] {dag.py:3834} INFO - Setting next_dagrun for literacy_csv_etl_pipeline to None, run_after=None
[2026-03-11T19:32:59.711+0530] {processor.py:183} INFO - Processing /root/airflow_project/dags/literacy_etl_dag.py took 0.255 seconds
[2026-03-11T19:33:30.262+0530] {processor.py:161} INFO - Started process (PID=567) to work on /root/airflow_project/dags/literacy_etl_dag.py
[2026-03-11T19:33:30.268+0530] {processor.py:830} INFO - Processing file /root/airflow_project/dags/literacy_etl_dag.py for tasks to queue
[2026-03-11T19:33:30.272+0530] {logging_mixin.py:188} INFO - [2026-03-11T19:33:30.270+0530] {dagbag.py:540} INFO - Filling up the DagBag from /root/airflow_project/dags/literacy_etl_dag.py
[2026-03-11T19:33:30.317+0530] {processor.py:840} INFO - DAG(s) 'literacy_csv_etl_pipeline' retrieved from /root/airflow_project/dags/literacy_etl_dag.py
[2026-03-11T19:33:30.409+0530] {logging_mixin.py:188} INFO - [2026-03-11T19:33:30.409+0530] {dag.py:3047} INFO - Sync 1 DAGs
[2026-03-11T19:33:30.447+0530] {logging_mixin.py:188} INFO - [2026-03-11T19:33:30.446+0530] {dag.py:3834} INFO - Setting next_dagrun for literacy_csv_etl_pipeline to None, run_after=None
[2026-03-11T19:33:30.533+0530] {processor.py:183} INFO - Processing /root/airflow_project/dags/literacy_etl_dag.py took 0.288 seconds
[2026-03-11T19:34:00.832+0530] {processor.py:161} INFO - Started process (PID=569) to work on /root/airflow_project/dags/literacy_etl_dag.py
[2026-03-11T19:34:00.835+0530] {processor.py:830} INFO - Processing file /root/airflow_project/dags/literacy_etl_dag.py for tasks to queue
[2026-03-11T19:34:00.838+0530] {logging_mixin.py:188} INFO - [2026-03-11T19:34:00.837+0530] {dagbag.py:540} INFO - Filling up the DagBag from /root/airflow_project/dags/literacy_etl_dag.py
[2026-03-11T19:34:00.867+0530] {processor.py:840} INFO - DAG(s) 'literacy_csv_etl_pipeline' retrieved from /root/airflow_project/dags/literacy_etl_dag.py
[2026-03-11T19:34:00.935+0530] {logging_mixin.py:188} INFO - [2026-03-11T19:34:00.935+0530] {dag.py:3047} INFO - Sync 1 DAGs
[2026-03-11T19:34:00.964+0530] {logging_mixin.py:188} INFO - [2026-03-11T19:34:00.963+0530] {dag.py:3834} INFO - Setting next_dagrun for literacy_csv_etl_pipeline to None, run_after=None
[2026-03-11T19:34:01.029+0530] {processor.py:183} INFO - Processing /root/airflow_project/dags/literacy_etl_dag.py took 0.210 seconds
[2026-03-11T19:34:31.310+0530] {processor.py:161} INFO - Started process (PID=571) to work on /root/airflow_project/dags/literacy_etl_dag.py
[2026-03-11T19:34:31.314+0530] {processor.py:830} INFO - Processing file /root/airflow_project/dags/literacy_etl_dag.py for tasks to queue
[2026-03-11T19:34:31.316+0530] {logging_mixin.py:188} INFO - [2026-03-11T19:34:31.315+0530] {dagbag.py:540} INFO - Filling up the DagBag from /root/airflow_project/dags/literacy_etl_dag.py
[2026-03-11T19:34:31.359+0530] {processor.py:840} INFO - DAG(s) 'literacy_csv_etl_pipeline' retrieved from /root/airflow_project/dags/literacy_etl_dag.py
[2026-03-11T19:34:31.453+0530] {logging_mixin.py:188} INFO - [2026-03-11T19:34:31.452+0530] {dag.py:3047} INFO - Sync 1 DAGs
[2026-03-11T19:34:31.493+0530] {logging_mixin.py:188} INFO - [2026-03-11T19:34:31.492+0530] {dag.py:3834} INFO - Setting next_dagrun for literacy_csv_etl_pipeline to None, run_after=None
[2026-03-11T19:34:31.557+0530] {processor.py:183} INFO - Processing /root/airflow_project/dags/literacy_etl_dag.py took 0.258 seconds
[2026-03-11T19:35:01.818+0530] {processor.py:161} INFO - Started process (PID=576) to work on /root/airflow_project/dags/literacy_etl_dag.py
[2026-03-11T19:35:01.821+0530] {processor.py:830} INFO - Processing file /root/airflow_project/dags/literacy_etl_dag.py for tasks to queue
[2026-03-11T19:35:01.822+0530] {logging_mixin.py:188} INFO - [2026-03-11T19:35:01.822+0530] {dagbag.py:540} INFO - Filling up the DagBag from /root/airflow_project/dags/literacy_etl_dag.py
[2026-03-11T19:35:01.838+0530] {processor.py:840} INFO - DAG(s) 'literacy_csv_etl_pipeline' retrieved from /root/airflow_project/dags/literacy_etl_dag.py
[2026-03-11T19:35:01.890+0530] {logging_mixin.py:188} INFO - [2026-03-11T19:35:01.890+0530] {dag.py:3047} INFO - Sync 1 DAGs
[2026-03-11T19:35:01.912+0530] {logging_mixin.py:188} INFO - [2026-03-11T19:35:01.911+0530] {dag.py:3834} INFO - Setting next_dagrun for literacy_csv_etl_pipeline to None, run_after=None
[2026-03-11T19:35:01.960+0530] {processor.py:183} INFO - Processing /root/airflow_project/dags/literacy_etl_dag.py took 0.146 seconds
[2026-03-11T19:35:32.063+0530] {processor.py:161} INFO - Started process (PID=578) to work on /root/airflow_project/dags/literacy_etl_dag.py
[2026-03-11T19:35:32.066+0530] {processor.py:830} INFO - Processing file /root/airflow_project/dags/literacy_etl_dag.py for tasks to queue
[2026-03-11T19:35:32.072+0530] {logging_mixin.py:188} INFO - [2026-03-11T19:35:32.069+0530] {dagbag.py:540} INFO - Filling up the DagBag from /root/airflow_project/dags/literacy_etl_dag.py
[2026-03-11T19:35:32.106+0530] {processor.py:840} INFO - DAG(s) 'literacy_csv_etl_pipeline' retrieved from /root/airflow_project/dags/literacy_etl_dag.py
[2026-03-11T19:35:32.179+0530] {logging_mixin.py:188} INFO - [2026-03-11T19:35:32.179+0530] {dag.py:3047} INFO - Sync 1 DAGs
[2026-03-11T19:35:32.208+0530] {logging_mixin.py:188} INFO - [2026-03-11T19:35:32.207+0530] {dag.py:3834} INFO - Setting next_dagrun for literacy_csv_etl_pipeline to None, run_after=None
[2026-03-11T19:35:32.274+0530] {processor.py:183} INFO - Processing /root/airflow_project/dags/literacy_etl_dag.py took 0.228 seconds
[2026-03-11T19:36:02.596+0530] {processor.py:161} INFO - Started process (PID=580) to work on /root/airflow_project/dags/literacy_etl_dag.py
[2026-03-11T19:36:02.599+0530] {processor.py:830} INFO - Processing file /root/airflow_project/dags/literacy_etl_dag.py for tasks to queue
[2026-03-11T19:36:02.601+0530] {logging_mixin.py:188} INFO - [2026-03-11T19:36:02.600+0530] {dagbag.py:540} INFO - Filling up the DagBag from /root/airflow_project/dags/literacy_etl_dag.py
[2026-03-11T19:36:02.623+0530] {processor.py:840} INFO - DAG(s) 'literacy_csv_etl_pipeline' retrieved from /root/airflow_project/dags/literacy_etl_dag.py
[2026-03-11T19:36:02.680+0530] {logging_mixin.py:188} INFO - [2026-03-11T19:36:02.680+0530] {dag.py:3047} INFO - Sync 1 DAGs
[2026-03-11T19:36:02.707+0530] {logging_mixin.py:188} INFO - [2026-03-11T19:36:02.707+0530] {dag.py:3834} INFO - Setting next_dagrun for literacy_csv_etl_pipeline to None, run_after=None
[2026-03-11T19:36:02.769+0530] {processor.py:183} INFO - Processing /root/airflow_project/dags/literacy_etl_dag.py took 0.180 seconds
[2026-03-11T19:36:32.986+0530] {processor.py:161} INFO - Started process (PID=584) to work on /root/airflow_project/dags/literacy_etl_dag.py
[2026-03-11T19:36:32.988+0530] {processor.py:830} INFO - Processing file /root/airflow_project/dags/literacy_etl_dag.py for tasks to queue
[2026-03-11T19:36:32.990+0530] {logging_mixin.py:188} INFO - [2026-03-11T19:36:32.990+0530] {dagbag.py:540} INFO - Filling up the DagBag from /root/airflow_project/dags/literacy_etl_dag.py
[2026-03-11T19:36:33.016+0530] {processor.py:840} INFO - DAG(s) 'literacy_csv_etl_pipeline' retrieved from /root/airflow_project/dags/literacy_etl_dag.py
[2026-03-11T19:36:33.087+0530] {logging_mixin.py:188} INFO - [2026-03-11T19:36:33.087+0530] {dag.py:3047} INFO - Sync 1 DAGs
[2026-03-11T19:36:33.114+0530] {logging_mixin.py:188} INFO - [2026-03-11T19:36:33.114+0530] {dag.py:3834} INFO - Setting next_dagrun for literacy_csv_etl_pipeline to None, run_after=None
[2026-03-11T19:36:33.186+0530] {processor.py:183} INFO - Processing /root/airflow_project/dags/literacy_etl_dag.py took 0.211 seconds
[2026-03-11T19:37:03.469+0530] {processor.py:161} INFO - Started process (PID=586) to work on /root/airflow_project/dags/literacy_etl_dag.py
[2026-03-11T19:37:03.474+0530] {processor.py:830} INFO - Processing file /root/airflow_project/dags/literacy_etl_dag.py for tasks to queue
[2026-03-11T19:37:03.476+0530] {logging_mixin.py:188} INFO - [2026-03-11T19:37:03.475+0530] {dagbag.py:540} INFO - Filling up the DagBag from /root/airflow_project/dags/literacy_etl_dag.py
[2026-03-11T19:37:03.499+0530] {processor.py:840} INFO - DAG(s) 'literacy_csv_etl_pipeline' retrieved from /root/airflow_project/dags/literacy_etl_dag.py
[2026-03-11T19:37:03.572+0530] {logging_mixin.py:188} INFO - [2026-03-11T19:37:03.571+0530] {dag.py:3047} INFO - Sync 1 DAGs
[2026-03-11T19:37:03.608+0530] {logging_mixin.py:188} INFO - [2026-03-11T19:37:03.607+0530] {dag.py:3834} INFO - Setting next_dagrun for literacy_csv_etl_pipeline to None, run_after=None
[2026-03-11T19:37:03.676+0530] {processor.py:183} INFO - Processing /root/airflow_project/dags/literacy_etl_dag.py took 0.217 seconds
[2026-03-11T19:37:34.117+0530] {processor.py:161} INFO - Started process (PID=588) to work on /root/airflow_project/dags/literacy_etl_dag.py
[2026-03-11T19:37:34.120+0530] {processor.py:830} INFO - Processing file /root/airflow_project/dags/literacy_etl_dag.py for tasks to queue
[2026-03-11T19:37:34.123+0530] {logging_mixin.py:188} INFO - [2026-03-11T19:37:34.122+0530] {dagbag.py:540} INFO - Filling up the DagBag from /root/airflow_project/dags/literacy_etl_dag.py
[2026-03-11T19:37:34.146+0530] {processor.py:840} INFO - DAG(s) 'literacy_csv_etl_pipeline' retrieved from /root/airflow_project/dags/literacy_etl_dag.py
[2026-03-11T19:37:34.209+0530] {logging_mixin.py:188} INFO - [2026-03-11T19:37:34.208+0530] {dag.py:3047} INFO - Sync 1 DAGs
[2026-03-11T19:37:34.238+0530] {logging_mixin.py:188} INFO - [2026-03-11T19:37:34.237+0530] {dag.py:3834} INFO - Setting next_dagrun for literacy_csv_etl_pipeline to None, run_after=None
[2026-03-11T19:37:34.297+0530] {processor.py:183} INFO - Processing /root/airflow_project/dags/literacy_etl_dag.py took 0.190 seconds
[2026-03-11T19:38:04.518+0530] {processor.py:161} INFO - Started process (PID=590) to work on /root/airflow_project/dags/literacy_etl_dag.py
[2026-03-11T19:38:04.521+0530] {processor.py:830} INFO - Processing file /root/airflow_project/dags/literacy_etl_dag.py for tasks to queue
[2026-03-11T19:38:04.523+0530] {logging_mixin.py:188} INFO - [2026-03-11T19:38:04.522+0530] {dagbag.py:540} INFO - Filling up the DagBag from /root/airflow_project/dags/literacy_etl_dag.py
[2026-03-11T19:38:04.548+0530] {processor.py:840} INFO - DAG(s) 'literacy_csv_etl_pipeline' retrieved from /root/airflow_project/dags/literacy_etl_dag.py
[2026-03-11T19:38:04.620+0530] {logging_mixin.py:188} INFO - [2026-03-11T19:38:04.620+0530] {dag.py:3047} INFO - Sync 1 DAGs
[2026-03-11T19:38:04.651+0530] {logging_mixin.py:188} INFO - [2026-03-11T19:38:04.650+0530] {dag.py:3834} INFO - Setting next_dagrun for literacy_csv_etl_pipeline to None, run_after=None
[2026-03-11T19:38:04.727+0530] {processor.py:183} INFO - Processing /root/airflow_project/dags/literacy_etl_dag.py took 0.216 seconds
[2026-03-11T19:38:35.045+0530] {processor.py:161} INFO - Started process (PID=594) to work on /root/airflow_project/dags/literacy_etl_dag.py
[2026-03-11T19:38:35.048+0530] {processor.py:830} INFO - Processing file /root/airflow_project/dags/literacy_etl_dag.py for tasks to queue
[2026-03-11T19:38:35.051+0530] {logging_mixin.py:188} INFO - [2026-03-11T19:38:35.050+0530] {dagbag.py:540} INFO - Filling up the DagBag from /root/airflow_project/dags/literacy_etl_dag.py
[2026-03-11T19:38:35.096+0530] {processor.py:840} INFO - DAG(s) 'literacy_csv_etl_pipeline' retrieved from /root/airflow_project/dags/literacy_etl_dag.py
[2026-03-11T19:38:35.234+0530] {logging_mixin.py:188} INFO - [2026-03-11T19:38:35.233+0530] {dag.py:3047} INFO - Sync 1 DAGs
[2026-03-11T19:38:35.282+0530] {logging_mixin.py:188} INFO - [2026-03-11T19:38:35.281+0530] {dag.py:3834} INFO - Setting next_dagrun for literacy_csv_etl_pipeline to None, run_after=None
[2026-03-11T19:38:35.380+0530] {processor.py:183} INFO - Processing /root/airflow_project/dags/literacy_etl_dag.py took 0.344 seconds
[2026-03-11T19:39:05.585+0530] {processor.py:161} INFO - Started process (PID=596) to work on /root/airflow_project/dags/literacy_etl_dag.py
[2026-03-11T19:39:05.590+0530] {processor.py:830} INFO - Processing file /root/airflow_project/dags/literacy_etl_dag.py for tasks to queue
[2026-03-11T19:39:05.593+0530] {logging_mixin.py:188} INFO - [2026-03-11T19:39:05.591+0530] {dagbag.py:540} INFO - Filling up the DagBag from /root/airflow_project/dags/literacy_etl_dag.py
[2026-03-11T19:39:05.623+0530] {processor.py:840} INFO - DAG(s) 'literacy_csv_etl_pipeline' retrieved from /root/airflow_project/dags/literacy_etl_dag.py
[2026-03-11T19:39:05.693+0530] {logging_mixin.py:188} INFO - [2026-03-11T19:39:05.693+0530] {dag.py:3047} INFO - Sync 1 DAGs
[2026-03-11T19:39:05.722+0530] {logging_mixin.py:188} INFO - [2026-03-11T19:39:05.722+0530] {dag.py:3834} INFO - Setting next_dagrun for literacy_csv_etl_pipeline to None, run_after=None
[2026-03-11T19:39:05.786+0530] {processor.py:183} INFO - Processing /root/airflow_project/dags/literacy_etl_dag.py took 0.213 seconds
[2026-03-11T19:39:36.336+0530] {processor.py:161} INFO - Started process (PID=598) to work on /root/airflow_project/dags/literacy_etl_dag.py
[2026-03-11T19:39:36.339+0530] {processor.py:830} INFO - Processing file /root/airflow_project/dags/literacy_etl_dag.py for tasks to queue
[2026-03-11T19:39:36.343+0530] {logging_mixin.py:188} INFO - [2026-03-11T19:39:36.341+0530] {dagbag.py:540} INFO - Filling up the DagBag from /root/airflow_project/dags/literacy_etl_dag.py
[2026-03-11T19:39:36.376+0530] {processor.py:840} INFO - DAG(s) 'literacy_csv_etl_pipeline' retrieved from /root/airflow_project/dags/literacy_etl_dag.py
[2026-03-11T19:39:36.473+0530] {logging_mixin.py:188} INFO - [2026-03-11T19:39:36.473+0530] {dag.py:3047} INFO - Sync 1 DAGs
[2026-03-11T19:39:36.520+0530] {logging_mixin.py:188} INFO - [2026-03-11T19:39:36.519+0530] {dag.py:3834} INFO - Setting next_dagrun for literacy_csv_etl_pipeline to None, run_after=None
[2026-03-11T19:39:36.614+0530] {processor.py:183} INFO - Processing /root/airflow_project/dags/literacy_etl_dag.py took 0.290 seconds
[2026-03-11T19:40:06.934+0530] {processor.py:161} INFO - Started process (PID=603) to work on /root/airflow_project/dags/literacy_etl_dag.py
[2026-03-11T19:40:06.943+0530] {processor.py:830} INFO - Processing file /root/airflow_project/dags/literacy_etl_dag.py for tasks to queue
[2026-03-11T19:40:06.947+0530] {logging_mixin.py:188} INFO - [2026-03-11T19:40:06.946+0530] {dagbag.py:540} INFO - Filling up the DagBag from /root/airflow_project/dags/literacy_etl_dag.py
[2026-03-11T19:40:06.974+0530] {processor.py:840} INFO - DAG(s) 'literacy_csv_etl_pipeline' retrieved from /root/airflow_project/dags/literacy_etl_dag.py
[2026-03-11T19:40:07.061+0530] {logging_mixin.py:188} INFO - [2026-03-11T19:40:07.060+0530] {dag.py:3047} INFO - Sync 1 DAGs
[2026-03-11T19:40:07.116+0530] {logging_mixin.py:188} INFO - [2026-03-11T19:40:07.115+0530] {dag.py:3834} INFO - Setting next_dagrun for literacy_csv_etl_pipeline to None, run_after=None
[2026-03-11T19:40:07.256+0530] {processor.py:183} INFO - Processing /root/airflow_project/dags/literacy_etl_dag.py took 0.333 seconds
[2026-03-11T19:40:38.176+0530] {processor.py:161} INFO - Started process (PID=605) to work on /root/airflow_project/dags/literacy_etl_dag.py
[2026-03-11T19:40:38.181+0530] {processor.py:830} INFO - Processing file /root/airflow_project/dags/literacy_etl_dag.py for tasks to queue
[2026-03-11T19:40:38.184+0530] {logging_mixin.py:188} INFO - [2026-03-11T19:40:38.183+0530] {dagbag.py:540} INFO - Filling up the DagBag from /root/airflow_project/dags/literacy_etl_dag.py
[2026-03-11T19:40:38.213+0530] {processor.py:840} INFO - DAG(s) 'literacy_csv_etl_pipeline' retrieved from /root/airflow_project/dags/literacy_etl_dag.py
[2026-03-11T19:40:38.346+0530] {logging_mixin.py:188} INFO - [2026-03-11T19:40:38.346+0530] {dag.py:3047} INFO - Sync 1 DAGs
[2026-03-11T19:40:38.400+0530] {logging_mixin.py:188} INFO - [2026-03-11T19:40:38.399+0530] {dag.py:3834} INFO - Setting next_dagrun for literacy_csv_etl_pipeline to None, run_after=None
[2026-03-11T19:40:38.486+0530] {processor.py:183} INFO - Processing /root/airflow_project/dags/literacy_etl_dag.py took 0.319 seconds
[2026-03-11T19:41:08.985+0530] {processor.py:161} INFO - Started process (PID=609) to work on /root/airflow_project/dags/literacy_etl_dag.py
[2026-03-11T19:41:08.991+0530] {processor.py:830} INFO - Processing file /root/airflow_project/dags/literacy_etl_dag.py for tasks to queue
[2026-03-11T19:41:08.994+0530] {logging_mixin.py:188} INFO - [2026-03-11T19:41:08.993+0530] {dagbag.py:540} INFO - Filling up the DagBag from /root/airflow_project/dags/literacy_etl_dag.py
[2026-03-11T19:41:09.018+0530] {processor.py:840} INFO - DAG(s) 'literacy_csv_etl_pipeline' retrieved from /root/airflow_project/dags/literacy_etl_dag.py
[2026-03-11T19:41:09.098+0530] {logging_mixin.py:188} INFO - [2026-03-11T19:41:09.097+0530] {dag.py:3047} INFO - Sync 1 DAGs
[2026-03-11T19:41:09.140+0530] {logging_mixin.py:188} INFO - [2026-03-11T19:41:09.139+0530] {dag.py:3834} INFO - Setting next_dagrun for literacy_csv_etl_pipeline to None, run_after=None
[2026-03-11T19:41:09.438+0530] {processor.py:183} INFO - Processing /root/airflow_project/dags/literacy_etl_dag.py took 0.478 seconds
[2026-03-11T19:41:39.831+0530] {processor.py:161} INFO - Started process (PID=615) to work on /root/airflow_project/dags/literacy_etl_dag.py
[2026-03-11T19:41:39.838+0530] {processor.py:830} INFO - Processing file /root/airflow_project/dags/literacy_etl_dag.py for tasks to queue
[2026-03-11T19:41:39.844+0530] {logging_mixin.py:188} INFO - [2026-03-11T19:41:39.840+0530] {dagbag.py:540} INFO - Filling up the DagBag from /root/airflow_project/dags/literacy_etl_dag.py
[2026-03-11T19:41:39.899+0530] {processor.py:840} INFO - DAG(s) 'literacy_csv_etl_pipeline' retrieved from /root/airflow_project/dags/literacy_etl_dag.py
[2026-03-11T19:41:40.019+0530] {logging_mixin.py:188} INFO - [2026-03-11T19:41:40.019+0530] {dag.py:3047} INFO - Sync 1 DAGs
[2026-03-11T19:41:40.390+0530] {logging_mixin.py:188} INFO - [2026-03-11T19:41:40.390+0530] {dag.py:3834} INFO - Setting next_dagrun for literacy_csv_etl_pipeline to None, run_after=None
[2026-03-11T19:41:40.481+0530] {processor.py:183} INFO - Processing /root/airflow_project/dags/literacy_etl_dag.py took 0.666 seconds
[2026-03-11T19:42:11.408+0530] {processor.py:161} INFO - Started process (PID=617) to work on /root/airflow_project/dags/literacy_etl_dag.py
[2026-03-11T19:42:11.411+0530] {processor.py:830} INFO - Processing file /root/airflow_project/dags/literacy_etl_dag.py for tasks to queue
[2026-03-11T19:42:11.413+0530] {logging_mixin.py:188} INFO - [2026-03-11T19:42:11.412+0530] {dagbag.py:540} INFO - Filling up the DagBag from /root/airflow_project/dags/literacy_etl_dag.py
[2026-03-11T19:42:11.435+0530] {processor.py:840} INFO - DAG(s) 'literacy_csv_etl_pipeline' retrieved from /root/airflow_project/dags/literacy_etl_dag.py
[2026-03-11T19:42:11.498+0530] {logging_mixin.py:188} INFO - [2026-03-11T19:42:11.498+0530] {dag.py:3047} INFO - Sync 1 DAGs
[2026-03-11T19:42:11.720+0530] {logging_mixin.py:188} INFO - [2026-03-11T19:42:11.719+0530] {dag.py:3834} INFO - Setting next_dagrun for literacy_csv_etl_pipeline to None, run_after=None
[2026-03-11T19:42:11.773+0530] {processor.py:183} INFO - Processing /root/airflow_project/dags/literacy_etl_dag.py took 0.371 seconds
[2026-03-11T19:42:42.699+0530] {processor.py:161} INFO - Started process (PID=626) to work on /root/airflow_project/dags/literacy_etl_dag.py
[2026-03-11T19:42:42.703+0530] {processor.py:830} INFO - Processing file /root/airflow_project/dags/literacy_etl_dag.py for tasks to queue
[2026-03-11T19:42:42.705+0530] {logging_mixin.py:188} INFO - [2026-03-11T19:42:42.704+0530] {dagbag.py:540} INFO - Filling up the DagBag from /root/airflow_project/dags/literacy_etl_dag.py
[2026-03-11T19:42:42.727+0530] {processor.py:840} INFO - DAG(s) 'literacy_csv_etl_pipeline' retrieved from /root/airflow_project/dags/literacy_etl_dag.py
[2026-03-11T19:42:43.052+0530] {logging_mixin.py:188} INFO - [2026-03-11T19:42:43.051+0530] {dag.py:3047} INFO - Sync 1 DAGs
[2026-03-11T19:42:43.078+0530] {logging_mixin.py:188} INFO - [2026-03-11T19:42:43.078+0530] {dag.py:3834} INFO - Setting next_dagrun for literacy_csv_etl_pipeline to None, run_after=None
[2026-03-11T19:42:43.155+0530] {processor.py:183} INFO - Processing /root/airflow_project/dags/literacy_etl_dag.py took 0.464 seconds
[2026-03-11T19:43:13.743+0530] {processor.py:161} INFO - Started process (PID=628) to work on /root/airflow_project/dags/literacy_etl_dag.py
[2026-03-11T19:43:13.768+0530] {processor.py:830} INFO - Processing file /root/airflow_project/dags/literacy_etl_dag.py for tasks to queue
[2026-03-11T19:43:13.772+0530] {logging_mixin.py:188} INFO - [2026-03-11T19:43:13.770+0530] {dagbag.py:540} INFO - Filling up the DagBag from /root/airflow_project/dags/literacy_etl_dag.py
[2026-03-11T19:43:13.835+0530] {processor.py:840} INFO - DAG(s) 'literacy_csv_etl_pipeline' retrieved from /root/airflow_project/dags/literacy_etl_dag.py
[2026-03-11T19:43:14.530+0530] {logging_mixin.py:188} INFO - [2026-03-11T19:43:14.530+0530] {dag.py:3047} INFO - Sync 1 DAGs
[2026-03-11T19:43:14.593+0530] {logging_mixin.py:188} INFO - [2026-03-11T19:43:14.592+0530] {dag.py:3834} INFO - Setting next_dagrun for literacy_csv_etl_pipeline to None, run_after=None
[2026-03-11T19:43:14.710+0530] {processor.py:183} INFO - Processing /root/airflow_project/dags/literacy_etl_dag.py took 0.988 seconds
[2026-03-11T19:43:45.588+0530] {processor.py:161} INFO - Started process (PID=632) to work on /root/airflow_project/dags/literacy_etl_dag.py
[2026-03-11T19:43:45.598+0530] {processor.py:830} INFO - Processing file /root/airflow_project/dags/literacy_etl_dag.py for tasks to queue
[2026-03-11T19:43:45.601+0530] {logging_mixin.py:188} INFO - [2026-03-11T19:43:45.600+0530] {dagbag.py:540} INFO - Filling up the DagBag from /root/airflow_project/dags/literacy_etl_dag.py
[2026-03-11T19:43:45.939+0530] {processor.py:840} INFO - DAG(s) 'literacy_csv_etl_pipeline' retrieved from /root/airflow_project/dags/literacy_etl_dag.py
[2026-03-11T19:43:45.995+0530] {logging_mixin.py:188} INFO - [2026-03-11T19:43:45.995+0530] {dag.py:3047} INFO - Sync 1 DAGs
[2026-03-11T19:43:46.033+0530] {logging_mixin.py:188} INFO - [2026-03-11T19:43:46.032+0530] {dag.py:3834} INFO - Setting next_dagrun for literacy_csv_etl_pipeline to None, run_after=None
[2026-03-11T19:43:46.118+0530] {processor.py:183} INFO - Processing /root/airflow_project/dags/literacy_etl_dag.py took 0.538 seconds
[2026-03-11T19:44:16.971+0530] {processor.py:161} INFO - Started process (PID=634) to work on /root/airflow_project/dags/literacy_etl_dag.py
[2026-03-11T19:44:16.982+0530] {processor.py:830} INFO - Processing file /root/airflow_project/dags/literacy_etl_dag.py for tasks to queue
[2026-03-11T19:44:16.987+0530] {logging_mixin.py:188} INFO - [2026-03-11T19:44:16.985+0530] {dagbag.py:540} INFO - Filling up the DagBag from /root/airflow_project/dags/literacy_etl_dag.py
[2026-03-11T19:44:17.049+0530] {processor.py:840} INFO - DAG(s) 'literacy_csv_etl_pipeline' retrieved from /root/airflow_project/dags/literacy_etl_dag.py
[2026-03-11T19:44:17.151+0530] {logging_mixin.py:188} INFO - [2026-03-11T19:44:17.151+0530] {dag.py:3047} INFO - Sync 1 DAGs
[2026-03-11T19:44:17.212+0530] {logging_mixin.py:188} INFO - [2026-03-11T19:44:17.211+0530] {dag.py:3834} INFO - Setting next_dagrun for literacy_csv_etl_pipeline to None, run_after=None
[2026-03-11T19:44:17.299+0530] {processor.py:183} INFO - Processing /root/airflow_project/dags/literacy_etl_dag.py took 0.349 seconds
[2026-03-11T19:44:47.905+0530] {processor.py:161} INFO - Started process (PID=639) to work on /root/airflow_project/dags/literacy_etl_dag.py
[2026-03-11T19:44:47.939+0530] {processor.py:830} INFO - Processing file /root/airflow_project/dags/literacy_etl_dag.py for tasks to queue
[2026-03-11T19:44:47.974+0530] {logging_mixin.py:188} INFO - [2026-03-11T19:44:47.958+0530] {dagbag.py:540} INFO - Filling up the DagBag from /root/airflow_project/dags/literacy_etl_dag.py
[2026-03-11T19:44:48.399+0530] {processor.py:840} INFO - DAG(s) 'literacy_csv_etl_pipeline' retrieved from /root/airflow_project/dags/literacy_etl_dag.py
[2026-03-11T19:44:49.131+0530] {logging_mixin.py:188} INFO - [2026-03-11T19:44:49.130+0530] {dag.py:3047} INFO - Sync 1 DAGs
[2026-03-11T19:44:49.463+0530] {logging_mixin.py:188} INFO - [2026-03-11T19:44:49.461+0530] {dag.py:3834} INFO - Setting next_dagrun for literacy_csv_etl_pipeline to None, run_after=None
[2026-03-11T19:44:49.908+0530] {processor.py:183} INFO - Processing /root/airflow_project/dags/literacy_etl_dag.py took 2.086 seconds
[2026-03-11T19:45:20.067+0530] {processor.py:161} INFO - Started process (PID=646) to work on /root/airflow_project/dags/literacy_etl_dag.py
[2026-03-11T19:45:20.074+0530] {processor.py:830} INFO - Processing file /root/airflow_project/dags/literacy_etl_dag.py for tasks to queue
[2026-03-11T19:45:20.077+0530] {logging_mixin.py:188} INFO - [2026-03-11T19:45:20.075+0530] {dagbag.py:540} INFO - Filling up the DagBag from /root/airflow_project/dags/literacy_etl_dag.py
[2026-03-11T19:45:20.120+0530] {processor.py:840} INFO - DAG(s) 'literacy_csv_etl_pipeline' retrieved from /root/airflow_project/dags/literacy_etl_dag.py
[2026-03-11T19:45:20.261+0530] {logging_mixin.py:188} INFO - [2026-03-11T19:45:20.260+0530] {dag.py:3047} INFO - Sync 1 DAGs
[2026-03-11T19:45:20.329+0530] {logging_mixin.py:188} INFO - [2026-03-11T19:45:20.328+0530] {dag.py:3834} INFO - Setting next_dagrun for literacy_csv_etl_pipeline to None, run_after=None
[2026-03-11T19:45:20.428+0530] {processor.py:183} INFO - Processing /root/airflow_project/dags/literacy_etl_dag.py took 0.370 seconds
[2026-03-11T19:45:50.931+0530] {processor.py:161} INFO - Started process (PID=650) to work on /root/airflow_project/dags/literacy_etl_dag.py
[2026-03-11T19:45:50.941+0530] {processor.py:830} INFO - Processing file /root/airflow_project/dags/literacy_etl_dag.py for tasks to queue
[2026-03-11T19:45:50.946+0530] {logging_mixin.py:188} INFO - [2026-03-11T19:45:50.944+0530] {dagbag.py:540} INFO - Filling up the DagBag from /root/airflow_project/dags/literacy_etl_dag.py
[2026-03-11T19:45:51.045+0530] {processor.py:840} INFO - DAG(s) 'literacy_csv_etl_pipeline' retrieved from /root/airflow_project/dags/literacy_etl_dag.py
[2026-03-11T19:45:51.302+0530] {logging_mixin.py:188} INFO - [2026-03-11T19:45:51.301+0530] {dag.py:3047} INFO - Sync 1 DAGs
[2026-03-11T19:45:51.466+0530] {logging_mixin.py:188} INFO - [2026-03-11T19:45:51.465+0530] {dag.py:3834} INFO - Setting next_dagrun for literacy_csv_etl_pipeline to None, run_after=None
[2026-03-11T19:45:51.678+0530] {processor.py:183} INFO - Processing /root/airflow_project/dags/literacy_etl_dag.py took 0.779 seconds
[2026-03-11T19:46:22.796+0530] {processor.py:161} INFO - Started process (PID=654) to work on /root/airflow_project/dags/literacy_etl_dag.py
[2026-03-11T19:46:22.799+0530] {processor.py:830} INFO - Processing file /root/airflow_project/dags/literacy_etl_dag.py for tasks to queue
[2026-03-11T19:46:22.802+0530] {logging_mixin.py:188} INFO - [2026-03-11T19:46:22.801+0530] {dagbag.py:540} INFO - Filling up the DagBag from /root/airflow_project/dags/literacy_etl_dag.py
[2026-03-11T19:46:22.825+0530] {processor.py:840} INFO - DAG(s) 'literacy_csv_etl_pipeline' retrieved from /root/airflow_project/dags/literacy_etl_dag.py
[2026-03-11T19:46:22.896+0530] {logging_mixin.py:188} INFO - [2026-03-11T19:46:22.896+0530] {dag.py:3047} INFO - Sync 1 DAGs
[2026-03-11T19:46:22.927+0530] {logging_mixin.py:188} INFO - [2026-03-11T19:46:22.927+0530] {dag.py:3834} INFO - Setting next_dagrun for literacy_csv_etl_pipeline to None, run_after=None
[2026-03-11T19:46:22.992+0530] {processor.py:183} INFO - Processing /root/airflow_project/dags/literacy_etl_dag.py took 0.204 seconds
[2026-03-11T19:46:53.794+0530] {processor.py:161} INFO - Started process (PID=658) to work on /root/airflow_project/dags/literacy_etl_dag.py
[2026-03-11T19:46:53.810+0530] {processor.py:830} INFO - Processing file /root/airflow_project/dags/literacy_etl_dag.py for tasks to queue
[2026-03-11T19:46:53.815+0530] {logging_mixin.py:188} INFO - [2026-03-11T19:46:53.813+0530] {dagbag.py:540} INFO - Filling up the DagBag from /root/airflow_project/dags/literacy_etl_dag.py
[2026-03-11T19:46:53.961+0530] {processor.py:840} INFO - DAG(s) 'literacy_csv_etl_pipeline' retrieved from /root/airflow_project/dags/literacy_etl_dag.py
[2026-03-11T19:46:54.269+0530] {logging_mixin.py:188} INFO - [2026-03-11T19:46:54.267+0530] {dag.py:3047} INFO - Sync 1 DAGs
[2026-03-11T19:46:54.433+0530] {logging_mixin.py:188} INFO - [2026-03-11T19:46:54.432+0530] {dag.py:3834} INFO - Setting next_dagrun for literacy_csv_etl_pipeline to None, run_after=None
[2026-03-11T19:46:54.651+0530] {processor.py:183} INFO - Processing /root/airflow_project/dags/literacy_etl_dag.py took 0.903 seconds
[2026-03-11T19:47:25.521+0530] {processor.py:161} INFO - Started process (PID=696) to work on /root/airflow_project/dags/literacy_etl_dag.py
[2026-03-11T19:47:25.527+0530] {processor.py:830} INFO - Processing file /root/airflow_project/dags/literacy_etl_dag.py for tasks to queue
[2026-03-11T19:47:25.530+0530] {logging_mixin.py:188} INFO - [2026-03-11T19:47:25.529+0530] {dagbag.py:540} INFO - Filling up the DagBag from /root/airflow_project/dags/literacy_etl_dag.py
[2026-03-11T19:47:25.569+0530] {processor.py:840} INFO - DAG(s) 'literacy_csv_etl_pipeline' retrieved from /root/airflow_project/dags/literacy_etl_dag.py
[2026-03-11T19:47:25.659+0530] {logging_mixin.py:188} INFO - [2026-03-11T19:47:25.659+0530] {dag.py:3047} INFO - Sync 1 DAGs
[2026-03-11T19:47:25.705+0530] {logging_mixin.py:188} INFO - [2026-03-11T19:47:25.703+0530] {dag.py:3834} INFO - Setting next_dagrun for literacy_csv_etl_pipeline to None, run_after=None
[2026-03-11T19:47:25.815+0530] {processor.py:183} INFO - Processing /root/airflow_project/dags/literacy_etl_dag.py took 0.311 seconds
[2026-03-11T19:47:57.848+0530] {processor.py:161} INFO - Started process (PID=706) to work on /root/airflow_project/dags/literacy_etl_dag.py
[2026-03-11T19:47:57.860+0530] {processor.py:830} INFO - Processing file /root/airflow_project/dags/literacy_etl_dag.py for tasks to queue
[2026-03-11T19:47:57.866+0530] {logging_mixin.py:188} INFO - [2026-03-11T19:47:57.863+0530] {dagbag.py:540} INFO - Filling up the DagBag from /root/airflow_project/dags/literacy_etl_dag.py
[2026-03-11T19:47:58.073+0530] {processor.py:840} INFO - DAG(s) 'literacy_csv_etl_pipeline' retrieved from /root/airflow_project/dags/literacy_etl_dag.py
[2026-03-11T19:47:58.290+0530] {logging_mixin.py:188} INFO - [2026-03-11T19:47:58.289+0530] {dag.py:3047} INFO - Sync 1 DAGs
[2026-03-11T19:47:58.372+0530] {logging_mixin.py:188} INFO - [2026-03-11T19:47:58.371+0530] {dag.py:3834} INFO - Setting next_dagrun for literacy_csv_etl_pipeline to None, run_after=None
[2026-03-11T19:47:59.427+0530] {processor.py:183} INFO - Processing /root/airflow_project/dags/literacy_etl_dag.py took 1.608 seconds
[2026-03-11T19:48:29.851+0530] {processor.py:161} INFO - Started process (PID=716) to work on /root/airflow_project/dags/literacy_etl_dag.py
[2026-03-11T19:48:29.884+0530] {processor.py:830} INFO - Processing file /root/airflow_project/dags/literacy_etl_dag.py for tasks to queue
[2026-03-11T19:48:29.887+0530] {logging_mixin.py:188} INFO - [2026-03-11T19:48:29.886+0530] {dagbag.py:540} INFO - Filling up the DagBag from /root/airflow_project/dags/literacy_etl_dag.py
[2026-03-11T19:48:29.960+0530] {processor.py:840} INFO - DAG(s) 'literacy_csv_etl_pipeline' retrieved from /root/airflow_project/dags/literacy_etl_dag.py
[2026-03-11T19:48:30.135+0530] {logging_mixin.py:188} INFO - [2026-03-11T19:48:30.134+0530] {dag.py:3047} INFO - Sync 1 DAGs
[2026-03-11T19:48:30.235+0530] {logging_mixin.py:188} INFO - [2026-03-11T19:48:30.234+0530] {dag.py:3834} INFO - Setting next_dagrun for literacy_csv_etl_pipeline to None, run_after=None
[2026-03-11T19:48:30.430+0530] {processor.py:183} INFO - Processing /root/airflow_project/dags/literacy_etl_dag.py took 0.595 seconds
[2026-03-11T19:49:01.573+0530] {processor.py:161} INFO - Started process (PID=721) to work on /root/airflow_project/dags/literacy_etl_dag.py
[2026-03-11T19:49:01.591+0530] {processor.py:830} INFO - Processing file /root/airflow_project/dags/literacy_etl_dag.py for tasks to queue
[2026-03-11T19:49:01.604+0530] {logging_mixin.py:188} INFO - [2026-03-11T19:49:01.602+0530] {dagbag.py:540} INFO - Filling up the DagBag from /root/airflow_project/dags/literacy_etl_dag.py
[2026-03-11T19:49:01.719+0530] {processor.py:840} INFO - DAG(s) 'literacy_csv_etl_pipeline' retrieved from /root/airflow_project/dags/literacy_etl_dag.py
[2026-03-11T19:49:02.010+0530] {logging_mixin.py:188} INFO - [2026-03-11T19:49:02.009+0530] {dag.py:3047} INFO - Sync 1 DAGs
[2026-03-11T19:49:02.142+0530] {logging_mixin.py:188} INFO - [2026-03-11T19:49:02.142+0530] {dag.py:3834} INFO - Setting next_dagrun for literacy_csv_etl_pipeline to None, run_after=None
[2026-03-11T19:49:02.389+0530] {processor.py:183} INFO - Processing /root/airflow_project/dags/literacy_etl_dag.py took 0.856 seconds
[2026-03-11T19:49:32.684+0530] {processor.py:161} INFO - Started process (PID=725) to work on /root/airflow_project/dags/literacy_etl_dag.py
[2026-03-11T19:49:32.689+0530] {processor.py:830} INFO - Processing file /root/airflow_project/dags/literacy_etl_dag.py for tasks to queue
[2026-03-11T19:49:32.699+0530] {logging_mixin.py:188} INFO - [2026-03-11T19:49:32.698+0530] {dagbag.py:540} INFO - Filling up the DagBag from /root/airflow_project/dags/literacy_etl_dag.py
[2026-03-11T19:49:32.751+0530] {processor.py:840} INFO - DAG(s) 'literacy_csv_etl_pipeline' retrieved from /root/airflow_project/dags/literacy_etl_dag.py
[2026-03-11T19:49:32.923+0530] {logging_mixin.py:188} INFO - [2026-03-11T19:49:32.923+0530] {dag.py:3047} INFO - Sync 1 DAGs
[2026-03-11T19:49:33.006+0530] {logging_mixin.py:188} INFO - [2026-03-11T19:49:33.005+0530] {dag.py:3834} INFO - Setting next_dagrun for literacy_csv_etl_pipeline to None, run_after=None
[2026-03-11T19:49:33.171+0530] {processor.py:183} INFO - Processing /root/airflow_project/dags/literacy_etl_dag.py took 0.513 seconds
[2026-03-11T19:50:04.662+0530] {processor.py:161} INFO - Started process (PID=744) to work on /root/airflow_project/dags/literacy_etl_dag.py
[2026-03-11T19:50:04.673+0530] {processor.py:830} INFO - Processing file /root/airflow_project/dags/literacy_etl_dag.py for tasks to queue
[2026-03-11T19:50:04.677+0530] {logging_mixin.py:188} INFO - [2026-03-11T19:50:04.675+0530] {dagbag.py:540} INFO - Filling up the DagBag from /root/airflow_project/dags/literacy_etl_dag.py
[2026-03-11T19:50:04.750+0530] {processor.py:840} INFO - DAG(s) 'literacy_csv_etl_pipeline' retrieved from /root/airflow_project/dags/literacy_etl_dag.py
[2026-03-11T19:50:04.930+0530] {logging_mixin.py:188} INFO - [2026-03-11T19:50:04.929+0530] {dag.py:3047} INFO - Sync 1 DAGs
[2026-03-11T19:50:05.023+0530] {logging_mixin.py:188} INFO - [2026-03-11T19:50:05.022+0530] {dag.py:3834} INFO - Setting next_dagrun for literacy_csv_etl_pipeline to None, run_after=None
[2026-03-11T19:50:05.199+0530] {processor.py:183} INFO - Processing /root/airflow_project/dags/literacy_etl_dag.py took 0.548 seconds
[2026-03-11T19:50:36.025+0530] {processor.py:161} INFO - Started process (PID=781) to work on /root/airflow_project/dags/literacy_etl_dag.py
[2026-03-11T19:50:36.037+0530] {processor.py:830} INFO - Processing file /root/airflow_project/dags/literacy_etl_dag.py for tasks to queue
[2026-03-11T19:50:36.040+0530] {logging_mixin.py:188} INFO - [2026-03-11T19:50:36.038+0530] {dagbag.py:540} INFO - Filling up the DagBag from /root/airflow_project/dags/literacy_etl_dag.py
[2026-03-11T19:50:36.109+0530] {processor.py:840} INFO - DAG(s) 'literacy_csv_etl_pipeline' retrieved from /root/airflow_project/dags/literacy_etl_dag.py
[2026-03-11T19:50:36.264+0530] {logging_mixin.py:188} INFO - [2026-03-11T19:50:36.263+0530] {dag.py:3047} INFO - Sync 1 DAGs
[2026-03-11T19:50:36.372+0530] {logging_mixin.py:188} INFO - [2026-03-11T19:50:36.371+0530] {dag.py:3834} INFO - Setting next_dagrun for literacy_csv_etl_pipeline to None, run_after=None
[2026-03-11T19:50:36.538+0530] {processor.py:183} INFO - Processing /root/airflow_project/dags/literacy_etl_dag.py took 0.529 seconds
[2026-03-11T19:51:07.401+0530] {processor.py:161} INFO - Started process (PID=784) to work on /root/airflow_project/dags/literacy_etl_dag.py
[2026-03-11T19:51:07.405+0530] {processor.py:830} INFO - Processing file /root/airflow_project/dags/literacy_etl_dag.py for tasks to queue
[2026-03-11T19:51:07.409+0530] {logging_mixin.py:188} INFO - [2026-03-11T19:51:07.407+0530] {dagbag.py:540} INFO - Filling up the DagBag from /root/airflow_project/dags/literacy_etl_dag.py
[2026-03-11T19:51:07.441+0530] {processor.py:840} INFO - DAG(s) 'literacy_csv_etl_pipeline' retrieved from /root/airflow_project/dags/literacy_etl_dag.py
[2026-03-11T19:51:07.530+0530] {logging_mixin.py:188} INFO - [2026-03-11T19:51:07.530+0530] {dag.py:3047} INFO - Sync 1 DAGs
[2026-03-11T19:51:07.575+0530] {logging_mixin.py:188} INFO - [2026-03-11T19:51:07.573+0530] {dag.py:3834} INFO - Setting next_dagrun for literacy_csv_etl_pipeline to None, run_after=None
[2026-03-11T19:51:07.659+0530] {processor.py:183} INFO - Processing /root/airflow_project/dags/literacy_etl_dag.py took 0.269 seconds
[2026-03-11T19:51:38.759+0530] {processor.py:161} INFO - Started process (PID=790) to work on /root/airflow_project/dags/literacy_etl_dag.py
[2026-03-11T19:51:38.773+0530] {processor.py:830} INFO - Processing file /root/airflow_project/dags/literacy_etl_dag.py for tasks to queue
[2026-03-11T19:51:38.776+0530] {logging_mixin.py:188} INFO - [2026-03-11T19:51:38.775+0530] {dagbag.py:540} INFO - Filling up the DagBag from /root/airflow_project/dags/literacy_etl_dag.py
[2026-03-11T19:51:38.824+0530] {processor.py:840} INFO - DAG(s) 'literacy_csv_etl_pipeline' retrieved from /root/airflow_project/dags/literacy_etl_dag.py
[2026-03-11T19:51:38.989+0530] {logging_mixin.py:188} INFO - [2026-03-11T19:51:38.988+0530] {dag.py:3047} INFO - Sync 1 DAGs
[2026-03-11T19:51:39.075+0530] {logging_mixin.py:188} INFO - [2026-03-11T19:51:39.074+0530] {dag.py:3834} INFO - Setting next_dagrun for literacy_csv_etl_pipeline to None, run_after=None
[2026-03-11T19:51:39.243+0530] {processor.py:183} INFO - Processing /root/airflow_project/dags/literacy_etl_dag.py took 0.510 seconds
[2026-03-11T19:52:09.648+0530] {processor.py:161} INFO - Started process (PID=794) to work on /root/airflow_project/dags/literacy_etl_dag.py
[2026-03-11T19:52:09.654+0530] {processor.py:830} INFO - Processing file /root/airflow_project/dags/literacy_etl_dag.py for tasks to queue
[2026-03-11T19:52:09.657+0530] {logging_mixin.py:188} INFO - [2026-03-11T19:52:09.656+0530] {dagbag.py:540} INFO - Filling up the DagBag from /root/airflow_project/dags/literacy_etl_dag.py
[2026-03-11T19:52:09.694+0530] {processor.py:840} INFO - DAG(s) 'literacy_csv_etl_pipeline' retrieved from /root/airflow_project/dags/literacy_etl_dag.py
[2026-03-11T19:52:09.782+0530] {logging_mixin.py:188} INFO - [2026-03-11T19:52:09.781+0530] {dag.py:3047} INFO - Sync 1 DAGs
[2026-03-11T19:52:09.826+0530] {logging_mixin.py:188} INFO - [2026-03-11T19:52:09.825+0530] {dag.py:3834} INFO - Setting next_dagrun for literacy_csv_etl_pipeline to None, run_after=None
[2026-03-11T19:52:09.911+0530] {processor.py:183} INFO - Processing /root/airflow_project/dags/literacy_etl_dag.py took 0.272 seconds
[2026-03-11T19:52:40.589+0530] {processor.py:161} INFO - Started process (PID=796) to work on /root/airflow_project/dags/literacy_etl_dag.py
[2026-03-11T19:52:40.592+0530] {processor.py:830} INFO - Processing file /root/airflow_project/dags/literacy_etl_dag.py for tasks to queue
[2026-03-11T19:52:40.594+0530] {logging_mixin.py:188} INFO - [2026-03-11T19:52:40.593+0530] {dagbag.py:540} INFO - Filling up the DagBag from /root/airflow_project/dags/literacy_etl_dag.py
[2026-03-11T19:52:40.620+0530] {processor.py:840} INFO - DAG(s) 'literacy_csv_etl_pipeline' retrieved from /root/airflow_project/dags/literacy_etl_dag.py
[2026-03-11T19:52:40.692+0530] {logging_mixin.py:188} INFO - [2026-03-11T19:52:40.691+0530] {dag.py:3047} INFO - Sync 1 DAGs
[2026-03-11T19:52:40.726+0530] {logging_mixin.py:188} INFO - [2026-03-11T19:52:40.726+0530] {dag.py:3834} INFO - Setting next_dagrun for literacy_csv_etl_pipeline to None, run_after=None
[2026-03-11T19:52:41.452+0530] {processor.py:183} INFO - Processing /root/airflow_project/dags/literacy_etl_dag.py took 0.871 seconds
[2026-03-11T19:53:12.006+0530] {processor.py:161} INFO - Started process (PID=800) to work on /root/airflow_project/dags/literacy_etl_dag.py
[2026-03-11T19:53:12.010+0530] {processor.py:830} INFO - Processing file /root/airflow_project/dags/literacy_etl_dag.py for tasks to queue
[2026-03-11T19:53:12.013+0530] {logging_mixin.py:188} INFO - [2026-03-11T19:53:12.012+0530] {dagbag.py:540} INFO - Filling up the DagBag from /root/airflow_project/dags/literacy_etl_dag.py
[2026-03-11T19:53:12.036+0530] {processor.py:840} INFO - DAG(s) 'literacy_csv_etl_pipeline' retrieved from /root/airflow_project/dags/literacy_etl_dag.py
[2026-03-11T19:53:12.098+0530] {logging_mixin.py:188} INFO - [2026-03-11T19:53:12.097+0530] {dag.py:3047} INFO - Sync 1 DAGs
[2026-03-11T19:53:12.126+0530] {logging_mixin.py:188} INFO - [2026-03-11T19:53:12.126+0530] {dag.py:3834} INFO - Setting next_dagrun for literacy_csv_etl_pipeline to None, run_after=None
[2026-03-11T19:53:12.190+0530] {processor.py:183} INFO - Processing /root/airflow_project/dags/literacy_etl_dag.py took 0.193 seconds
[2026-03-11T19:53:42.665+0530] {processor.py:161} INFO - Started process (PID=802) to work on /root/airflow_project/dags/literacy_etl_dag.py
[2026-03-11T19:53:42.668+0530] {processor.py:830} INFO - Processing file /root/airflow_project/dags/literacy_etl_dag.py for tasks to queue
[2026-03-11T19:53:42.670+0530] {logging_mixin.py:188} INFO - [2026-03-11T19:53:42.669+0530] {dagbag.py:540} INFO - Filling up the DagBag from /root/airflow_project/dags/literacy_etl_dag.py
[2026-03-11T19:53:42.698+0530] {processor.py:840} INFO - DAG(s) 'literacy_csv_etl_pipeline' retrieved from /root/airflow_project/dags/literacy_etl_dag.py
[2026-03-11T19:53:42.771+0530] {logging_mixin.py:188} INFO - [2026-03-11T19:53:42.770+0530] {dag.py:3047} INFO - Sync 1 DAGs
[2026-03-11T19:53:42.804+0530] {logging_mixin.py:188} INFO - [2026-03-11T19:53:42.804+0530] {dag.py:3834} INFO - Setting next_dagrun for literacy_csv_etl_pipeline to None, run_after=None
[2026-03-11T19:53:42.883+0530] {processor.py:183} INFO - Processing /root/airflow_project/dags/literacy_etl_dag.py took 0.228 seconds
[2026-03-11T19:54:13.213+0530] {processor.py:161} INFO - Started process (PID=810) to work on /root/airflow_project/dags/literacy_etl_dag.py
[2026-03-11T19:54:13.237+0530] {processor.py:830} INFO - Processing file /root/airflow_project/dags/literacy_etl_dag.py for tasks to queue
[2026-03-11T19:54:13.259+0530] {logging_mixin.py:188} INFO - [2026-03-11T19:54:13.254+0530] {dagbag.py:540} INFO - Filling up the DagBag from /root/airflow_project/dags/literacy_etl_dag.py
[2026-03-11T19:54:13.603+0530] {processor.py:840} INFO - DAG(s) 'literacy_csv_etl_pipeline' retrieved from /root/airflow_project/dags/literacy_etl_dag.py
[2026-03-11T19:54:14.578+0530] {logging_mixin.py:188} INFO - [2026-03-11T19:54:14.577+0530] {dag.py:3047} INFO - Sync 1 DAGs
[2026-03-11T19:54:14.877+0530] {logging_mixin.py:188} INFO - [2026-03-11T19:54:14.875+0530] {dag.py:3834} INFO - Setting next_dagrun for literacy_csv_etl_pipeline to None, run_after=None
[2026-03-11T19:54:16.643+0530] {processor.py:183} INFO - Processing /root/airflow_project/dags/literacy_etl_dag.py took 3.495 seconds
[2026-03-11T19:54:47.334+0530] {processor.py:161} INFO - Started process (PID=815) to work on /root/airflow_project/dags/literacy_etl_dag.py
[2026-03-11T19:54:47.345+0530] {processor.py:830} INFO - Processing file /root/airflow_project/dags/literacy_etl_dag.py for tasks to queue
[2026-03-11T19:54:47.350+0530] {logging_mixin.py:188} INFO - [2026-03-11T19:54:47.348+0530] {dagbag.py:540} INFO - Filling up the DagBag from /root/airflow_project/dags/literacy_etl_dag.py
[2026-03-11T19:54:47.430+0530] {processor.py:840} INFO - DAG(s) 'literacy_csv_etl_pipeline' retrieved from /root/airflow_project/dags/literacy_etl_dag.py
[2026-03-11T19:54:47.665+0530] {logging_mixin.py:188} INFO - [2026-03-11T19:54:47.663+0530] {dag.py:3047} INFO - Sync 1 DAGs
[2026-03-11T19:54:47.787+0530] {logging_mixin.py:188} INFO - [2026-03-11T19:54:47.786+0530] {dag.py:3834} INFO - Setting next_dagrun for literacy_csv_etl_pipeline to None, run_after=None
[2026-03-11T19:54:47.965+0530] {processor.py:183} INFO - Processing /root/airflow_project/dags/literacy_etl_dag.py took 0.650 seconds
[2026-03-11T19:55:18.234+0530] {processor.py:161} INFO - Started process (PID=824) to work on /root/airflow_project/dags/literacy_etl_dag.py
[2026-03-11T19:55:18.250+0530] {processor.py:830} INFO - Processing file /root/airflow_project/dags/literacy_etl_dag.py for tasks to queue
[2026-03-11T19:55:18.255+0530] {logging_mixin.py:188} INFO - [2026-03-11T19:55:18.253+0530] {dagbag.py:540} INFO - Filling up the DagBag from /root/airflow_project/dags/literacy_etl_dag.py
[2026-03-11T19:55:18.391+0530] {processor.py:840} INFO - DAG(s) 'literacy_csv_etl_pipeline' retrieved from /root/airflow_project/dags/literacy_etl_dag.py
[2026-03-11T19:55:18.711+0530] {logging_mixin.py:188} INFO - [2026-03-11T19:55:18.705+0530] {dag.py:3047} INFO - Sync 1 DAGs
[2026-03-11T19:55:18.844+0530] {logging_mixin.py:188} INFO - [2026-03-11T19:55:18.843+0530] {dag.py:3834} INFO - Setting next_dagrun for literacy_csv_etl_pipeline to None, run_after=None
[2026-03-11T19:55:19.215+0530] {processor.py:183} INFO - Processing /root/airflow_project/dags/literacy_etl_dag.py took 1.030 seconds
[2026-03-11T19:55:50.535+0530] {processor.py:161} INFO - Started process (PID=830) to work on /root/airflow_project/dags/literacy_etl_dag.py
[2026-03-11T19:55:50.551+0530] {processor.py:830} INFO - Processing file /root/airflow_project/dags/literacy_etl_dag.py for tasks to queue
[2026-03-11T19:55:50.566+0530] {logging_mixin.py:188} INFO - [2026-03-11T19:55:50.554+0530] {dagbag.py:540} INFO - Filling up the DagBag from /root/airflow_project/dags/literacy_etl_dag.py
[2026-03-11T19:55:50.683+0530] {processor.py:840} INFO - DAG(s) 'literacy_csv_etl_pipeline' retrieved from /root/airflow_project/dags/literacy_etl_dag.py
[2026-03-11T19:55:51.133+0530] {logging_mixin.py:188} INFO - [2026-03-11T19:55:51.132+0530] {dag.py:3047} INFO - Sync 1 DAGs
[2026-03-11T19:55:51.316+0530] {logging_mixin.py:188} INFO - [2026-03-11T19:55:51.315+0530] {dag.py:3834} INFO - Setting next_dagrun for literacy_csv_etl_pipeline to None, run_after=None
[2026-03-11T19:55:51.591+0530] {processor.py:183} INFO - Processing /root/airflow_project/dags/literacy_etl_dag.py took 1.118 seconds
[2026-03-11T19:56:22.218+0530] {processor.py:161} INFO - Started process (PID=833) to work on /root/airflow_project/dags/literacy_etl_dag.py
[2026-03-11T19:56:22.228+0530] {processor.py:830} INFO - Processing file /root/airflow_project/dags/literacy_etl_dag.py for tasks to queue
[2026-03-11T19:56:22.242+0530] {logging_mixin.py:188} INFO - [2026-03-11T19:56:22.239+0530] {dagbag.py:540} INFO - Filling up the DagBag from /root/airflow_project/dags/literacy_etl_dag.py
[2026-03-11T19:56:22.393+0530] {processor.py:840} INFO - DAG(s) 'literacy_csv_etl_pipeline' retrieved from /root/airflow_project/dags/literacy_etl_dag.py
[2026-03-11T19:56:22.816+0530] {logging_mixin.py:188} INFO - [2026-03-11T19:56:22.805+0530] {dag.py:3047} INFO - Sync 1 DAGs
[2026-03-11T19:56:23.102+0530] {logging_mixin.py:188} INFO - [2026-03-11T19:56:23.100+0530] {dag.py:3834} INFO - Setting next_dagrun for literacy_csv_etl_pipeline to None, run_after=None
[2026-03-11T19:56:23.688+0530] {processor.py:183} INFO - Processing /root/airflow_project/dags/literacy_etl_dag.py took 1.525 seconds
[2026-03-11T19:56:56.161+0530] {processor.py:161} INFO - Started process (PID=838) to work on /root/airflow_project/dags/literacy_etl_dag.py
[2026-03-11T19:56:56.181+0530] {processor.py:830} INFO - Processing file /root/airflow_project/dags/literacy_etl_dag.py for tasks to queue
[2026-03-11T19:56:56.196+0530] {logging_mixin.py:188} INFO - [2026-03-11T19:56:56.193+0530] {dagbag.py:540} INFO - Filling up the DagBag from /root/airflow_project/dags/literacy_etl_dag.py
[2026-03-11T19:56:56.388+0530] {processor.py:840} INFO - DAG(s) 'literacy_csv_etl_pipeline' retrieved from /root/airflow_project/dags/literacy_etl_dag.py
[2026-03-11T19:56:56.778+0530] {logging_mixin.py:188} INFO - [2026-03-11T19:56:56.776+0530] {dag.py:3047} INFO - Sync 1 DAGs
[2026-03-11T19:56:56.972+0530] {logging_mixin.py:188} INFO - [2026-03-11T19:56:56.971+0530] {dag.py:3834} INFO - Setting next_dagrun for literacy_csv_etl_pipeline to None, run_after=None
[2026-03-11T19:56:57.293+0530] {processor.py:183} INFO - Processing /root/airflow_project/dags/literacy_etl_dag.py took 1.191 seconds
[2026-03-11T19:57:27.531+0530] {processor.py:161} INFO - Started process (PID=841) to work on /root/airflow_project/dags/literacy_etl_dag.py
[2026-03-11T19:57:27.536+0530] {processor.py:830} INFO - Processing file /root/airflow_project/dags/literacy_etl_dag.py for tasks to queue
[2026-03-11T19:57:27.538+0530] {logging_mixin.py:188} INFO - [2026-03-11T19:57:27.537+0530] {dagbag.py:540} INFO - Filling up the DagBag from /root/airflow_project/dags/literacy_etl_dag.py
[2026-03-11T19:57:27.565+0530] {processor.py:840} INFO - DAG(s) 'literacy_csv_etl_pipeline' retrieved from /root/airflow_project/dags/literacy_etl_dag.py
[2026-03-11T19:57:27.623+0530] {logging_mixin.py:188} INFO - [2026-03-11T19:57:27.622+0530] {dag.py:3047} INFO - Sync 1 DAGs
[2026-03-11T19:57:27.651+0530] {logging_mixin.py:188} INFO - [2026-03-11T19:57:27.650+0530] {dag.py:3834} INFO - Setting next_dagrun for literacy_csv_etl_pipeline to None, run_after=None
[2026-03-11T19:57:27.720+0530] {processor.py:183} INFO - Processing /root/airflow_project/dags/literacy_etl_dag.py took 0.198 seconds
[2026-03-11T19:57:58.460+0530] {processor.py:161} INFO - Started process (PID=845) to work on /root/airflow_project/dags/literacy_etl_dag.py
[2026-03-11T19:57:58.467+0530] {processor.py:830} INFO - Processing file /root/airflow_project/dags/literacy_etl_dag.py for tasks to queue
[2026-03-11T19:57:58.471+0530] {logging_mixin.py:188} INFO - [2026-03-11T19:57:58.470+0530] {dagbag.py:540} INFO - Filling up the DagBag from /root/airflow_project/dags/literacy_etl_dag.py
[2026-03-11T19:57:58.575+0530] {processor.py:840} INFO - DAG(s) 'literacy_csv_etl_pipeline' retrieved from /root/airflow_project/dags/literacy_etl_dag.py
[2026-03-11T19:57:58.725+0530] {logging_mixin.py:188} INFO - [2026-03-11T19:57:58.724+0530] {dag.py:3047} INFO - Sync 1 DAGs
[2026-03-11T19:57:58.809+0530] {logging_mixin.py:188} INFO - [2026-03-11T19:57:58.808+0530] {dag.py:3834} INFO - Setting next_dagrun for literacy_csv_etl_pipeline to None, run_after=None
[2026-03-11T19:57:58.986+0530] {processor.py:183} INFO - Processing /root/airflow_project/dags/literacy_etl_dag.py took 0.541 seconds
[2026-03-11T19:58:29.181+0530] {processor.py:161} INFO - Started process (PID=849) to work on /root/airflow_project/dags/literacy_etl_dag.py
[2026-03-11T19:58:29.184+0530] {processor.py:830} INFO - Processing file /root/airflow_project/dags/literacy_etl_dag.py for tasks to queue
[2026-03-11T19:58:29.187+0530] {logging_mixin.py:188} INFO - [2026-03-11T19:58:29.186+0530] {dagbag.py:540} INFO - Filling up the DagBag from /root/airflow_project/dags/literacy_etl_dag.py
[2026-03-11T19:58:29.225+0530] {processor.py:840} INFO - DAG(s) 'literacy_csv_etl_pipeline' retrieved from /root/airflow_project/dags/literacy_etl_dag.py
[2026-03-11T19:58:29.303+0530] {logging_mixin.py:188} INFO - [2026-03-11T19:58:29.302+0530] {dag.py:3047} INFO - Sync 1 DAGs
[2026-03-11T19:58:29.349+0530] {logging_mixin.py:188} INFO - [2026-03-11T19:58:29.348+0530] {dag.py:3834} INFO - Setting next_dagrun for literacy_csv_etl_pipeline to None, run_after=None
[2026-03-11T19:58:29.431+0530] {processor.py:183} INFO - Processing /root/airflow_project/dags/literacy_etl_dag.py took 0.261 seconds
[2026-03-11T19:59:00.860+0530] {processor.py:161} INFO - Started process (PID=851) to work on /root/airflow_project/dags/literacy_etl_dag.py
[2026-03-11T19:59:00.867+0530] {processor.py:830} INFO - Processing file /root/airflow_project/dags/literacy_etl_dag.py for tasks to queue
[2026-03-11T19:59:00.873+0530] {logging_mixin.py:188} INFO - [2026-03-11T19:59:00.870+0530] {dagbag.py:540} INFO - Filling up the DagBag from /root/airflow_project/dags/literacy_etl_dag.py
[2026-03-11T19:59:00.951+0530] {processor.py:840} INFO - DAG(s) 'literacy_csv_etl_pipeline' retrieved from /root/airflow_project/dags/literacy_etl_dag.py
[2026-03-11T19:59:01.130+0530] {logging_mixin.py:188} INFO - [2026-03-11T19:59:01.122+0530] {dag.py:3047} INFO - Sync 1 DAGs
[2026-03-11T19:59:01.253+0530] {logging_mixin.py:188} INFO - [2026-03-11T19:59:01.252+0530] {dag.py:3834} INFO - Setting next_dagrun for literacy_csv_etl_pipeline to None, run_after=None
[2026-03-11T19:59:01.424+0530] {processor.py:183} INFO - Processing /root/airflow_project/dags/literacy_etl_dag.py took 0.587 seconds
[2026-03-11T19:59:32.362+0530] {processor.py:161} INFO - Started process (PID=856) to work on /root/airflow_project/dags/literacy_etl_dag.py
[2026-03-11T19:59:32.382+0530] {processor.py:830} INFO - Processing file /root/airflow_project/dags/literacy_etl_dag.py for tasks to queue
[2026-03-11T19:59:32.400+0530] {logging_mixin.py:188} INFO - [2026-03-11T19:59:32.386+0530] {dagbag.py:540} INFO - Filling up the DagBag from /root/airflow_project/dags/literacy_etl_dag.py
[2026-03-11T19:59:32.575+0530] {processor.py:840} INFO - DAG(s) 'literacy_csv_etl_pipeline' retrieved from /root/airflow_project/dags/literacy_etl_dag.py
[2026-03-11T19:59:33.052+0530] {logging_mixin.py:188} INFO - [2026-03-11T19:59:33.050+0530] {dag.py:3047} INFO - Sync 1 DAGs
[2026-03-11T19:59:33.408+0530] {logging_mixin.py:188} INFO - [2026-03-11T19:59:33.406+0530] {dag.py:3834} INFO - Setting next_dagrun for literacy_csv_etl_pipeline to None, run_after=None
[2026-03-11T19:59:33.935+0530] {processor.py:183} INFO - Processing /root/airflow_project/dags/literacy_etl_dag.py took 1.621 seconds
[2026-03-11T20:00:05.331+0530] {processor.py:161} INFO - Started process (PID=859) to work on /root/airflow_project/dags/literacy_etl_dag.py
[2026-03-11T20:00:05.349+0530] {processor.py:830} INFO - Processing file /root/airflow_project/dags/literacy_etl_dag.py for tasks to queue
[2026-03-11T20:00:05.358+0530] {logging_mixin.py:188} INFO - [2026-03-11T20:00:05.355+0530] {dagbag.py:540} INFO - Filling up the DagBag from /root/airflow_project/dags/literacy_etl_dag.py
[2026-03-11T20:00:05.543+0530] {processor.py:840} INFO - DAG(s) 'literacy_csv_etl_pipeline' retrieved from /root/airflow_project/dags/literacy_etl_dag.py
[2026-03-11T20:00:06.028+0530] {logging_mixin.py:188} INFO - [2026-03-11T20:00:06.026+0530] {dag.py:3047} INFO - Sync 1 DAGs
[2026-03-11T20:00:06.303+0530] {logging_mixin.py:188} INFO - [2026-03-11T20:00:06.301+0530] {dag.py:3834} INFO - Setting next_dagrun for literacy_csv_etl_pipeline to None, run_after=None
[2026-03-11T20:00:06.714+0530] {processor.py:183} INFO - Processing /root/airflow_project/dags/literacy_etl_dag.py took 1.450 seconds
[2026-03-11T20:00:37.310+0530] {processor.py:161} INFO - Started process (PID=862) to work on /root/airflow_project/dags/literacy_etl_dag.py
[2026-03-11T20:00:37.315+0530] {processor.py:830} INFO - Processing file /root/airflow_project/dags/literacy_etl_dag.py for tasks to queue
[2026-03-11T20:00:37.320+0530] {logging_mixin.py:188} INFO - [2026-03-11T20:00:37.318+0530] {dagbag.py:540} INFO - Filling up the DagBag from /root/airflow_project/dags/literacy_etl_dag.py
[2026-03-11T20:00:37.372+0530] {processor.py:840} INFO - DAG(s) 'literacy_csv_etl_pipeline' retrieved from /root/airflow_project/dags/literacy_etl_dag.py
[2026-03-11T20:00:37.481+0530] {logging_mixin.py:188} INFO - [2026-03-11T20:00:37.480+0530] {dag.py:3047} INFO - Sync 1 DAGs
[2026-03-11T20:00:37.534+0530] {logging_mixin.py:188} INFO - [2026-03-11T20:00:37.533+0530] {dag.py:3834} INFO - Setting next_dagrun for literacy_csv_etl_pipeline to None, run_after=None
[2026-03-11T20:00:37.628+0530] {processor.py:183} INFO - Processing /root/airflow_project/dags/literacy_etl_dag.py took 0.330 seconds
[2026-03-11T20:01:08.024+0530] {processor.py:161} INFO - Started process (PID=885) to work on /root/airflow_project/dags/literacy_etl_dag.py
[2026-03-11T20:01:08.026+0530] {processor.py:830} INFO - Processing file /root/airflow_project/dags/literacy_etl_dag.py for tasks to queue
[2026-03-11T20:01:08.029+0530] {logging_mixin.py:188} INFO - [2026-03-11T20:01:08.027+0530] {dagbag.py:540} INFO - Filling up the DagBag from /root/airflow_project/dags/literacy_etl_dag.py
[2026-03-11T20:01:08.059+0530] {processor.py:840} INFO - DAG(s) 'literacy_csv_etl_pipeline' retrieved from /root/airflow_project/dags/literacy_etl_dag.py
[2026-03-11T20:01:08.142+0530] {logging_mixin.py:188} INFO - [2026-03-11T20:01:08.142+0530] {dag.py:3047} INFO - Sync 1 DAGs
[2026-03-11T20:01:08.199+0530] {logging_mixin.py:188} INFO - [2026-03-11T20:01:08.196+0530] {dag.py:3834} INFO - Setting next_dagrun for literacy_csv_etl_pipeline to None, run_after=None
[2026-03-11T20:01:08.312+0530] {processor.py:183} INFO - Processing /root/airflow_project/dags/literacy_etl_dag.py took 0.306 seconds
[2026-03-11T20:01:38.673+0530] {processor.py:161} INFO - Started process (PID=888) to work on /root/airflow_project/dags/literacy_etl_dag.py
[2026-03-11T20:01:38.676+0530] {processor.py:830} INFO - Processing file /root/airflow_project/dags/literacy_etl_dag.py for tasks to queue
[2026-03-11T20:01:38.679+0530] {logging_mixin.py:188} INFO - [2026-03-11T20:01:38.678+0530] {dagbag.py:540} INFO - Filling up the DagBag from /root/airflow_project/dags/literacy_etl_dag.py
[2026-03-11T20:01:38.705+0530] {processor.py:840} INFO - DAG(s) 'literacy_csv_etl_pipeline' retrieved from /root/airflow_project/dags/literacy_etl_dag.py
[2026-03-11T20:01:38.793+0530] {logging_mixin.py:188} INFO - [2026-03-11T20:01:38.792+0530] {dag.py:3047} INFO - Sync 1 DAGs
[2026-03-11T20:01:38.827+0530] {logging_mixin.py:188} INFO - [2026-03-11T20:01:38.827+0530] {dag.py:3834} INFO - Setting next_dagrun for literacy_csv_etl_pipeline to None, run_after=None
[2026-03-11T20:01:38.911+0530] {processor.py:183} INFO - Processing /root/airflow_project/dags/literacy_etl_dag.py took 0.246 seconds
[2026-03-11T20:02:09.657+0530] {processor.py:161} INFO - Started process (PID=894) to work on /root/airflow_project/dags/literacy_etl_dag.py
[2026-03-11T20:02:09.670+0530] {processor.py:830} INFO - Processing file /root/airflow_project/dags/literacy_etl_dag.py for tasks to queue
[2026-03-11T20:02:09.674+0530] {logging_mixin.py:188} INFO - [2026-03-11T20:02:09.673+0530] {dagbag.py:540} INFO - Filling up the DagBag from /root/airflow_project/dags/literacy_etl_dag.py
[2026-03-11T20:02:09.768+0530] {processor.py:840} INFO - DAG(s) 'literacy_csv_etl_pipeline' retrieved from /root/airflow_project/dags/literacy_etl_dag.py
[2026-03-11T20:02:09.990+0530] {logging_mixin.py:188} INFO - [2026-03-11T20:02:09.987+0530] {dag.py:3047} INFO - Sync 1 DAGs
[2026-03-11T20:02:10.044+0530] {logging_mixin.py:188} INFO - [2026-03-11T20:02:10.043+0530] {dag.py:3834} INFO - Setting next_dagrun for literacy_csv_etl_pipeline to None, run_after=None
[2026-03-11T20:02:10.151+0530] {processor.py:183} INFO - Processing /root/airflow_project/dags/literacy_etl_dag.py took 0.517 seconds
[2026-03-11T20:02:41.106+0530] {processor.py:161} INFO - Started process (PID=896) to work on /root/airflow_project/dags/literacy_etl_dag.py
[2026-03-11T20:02:41.109+0530] {processor.py:830} INFO - Processing file /root/airflow_project/dags/literacy_etl_dag.py for tasks to queue
[2026-03-11T20:02:41.111+0530] {logging_mixin.py:188} INFO - [2026-03-11T20:02:41.110+0530] {dagbag.py:540} INFO - Filling up the DagBag from /root/airflow_project/dags/literacy_etl_dag.py
[2026-03-11T20:02:41.134+0530] {processor.py:840} INFO - DAG(s) 'literacy_csv_etl_pipeline' retrieved from /root/airflow_project/dags/literacy_etl_dag.py
[2026-03-11T20:02:41.218+0530] {logging_mixin.py:188} INFO - [2026-03-11T20:02:41.218+0530] {dag.py:3047} INFO - Sync 1 DAGs
[2026-03-11T20:02:41.277+0530] {logging_mixin.py:188} INFO - [2026-03-11T20:02:41.276+0530] {dag.py:3834} INFO - Setting next_dagrun for literacy_csv_etl_pipeline to None, run_after=None
[2026-03-11T20:02:41.379+0530] {processor.py:183} INFO - Processing /root/airflow_project/dags/literacy_etl_dag.py took 0.285 seconds
[2026-03-11T20:03:12.173+0530] {processor.py:161} INFO - Started process (PID=898) to work on /root/airflow_project/dags/literacy_etl_dag.py
[2026-03-11T20:03:12.175+0530] {processor.py:830} INFO - Processing file /root/airflow_project/dags/literacy_etl_dag.py for tasks to queue
[2026-03-11T20:03:12.179+0530] {logging_mixin.py:188} INFO - [2026-03-11T20:03:12.178+0530] {dagbag.py:540} INFO - Filling up the DagBag from /root/airflow_project/dags/literacy_etl_dag.py
[2026-03-11T20:03:12.203+0530] {processor.py:840} INFO - DAG(s) 'literacy_csv_etl_pipeline' retrieved from /root/airflow_project/dags/literacy_etl_dag.py
[2026-03-11T20:03:12.284+0530] {logging_mixin.py:188} INFO - [2026-03-11T20:03:12.284+0530] {dag.py:3047} INFO - Sync 1 DAGs
[2026-03-11T20:03:12.321+0530] {logging_mixin.py:188} INFO - [2026-03-11T20:03:12.321+0530] {dag.py:3834} INFO - Setting next_dagrun for literacy_csv_etl_pipeline to None, run_after=None
[2026-03-11T20:03:12.403+0530] {processor.py:183} INFO - Processing /root/airflow_project/dags/literacy_etl_dag.py took 0.237 seconds
[2026-03-11T20:03:42.830+0530] {processor.py:161} INFO - Started process (PID=900) to work on /root/airflow_project/dags/literacy_etl_dag.py
[2026-03-11T20:03:42.833+0530] {processor.py:830} INFO - Processing file /root/airflow_project/dags/literacy_etl_dag.py for tasks to queue
[2026-03-11T20:03:42.836+0530] {logging_mixin.py:188} INFO - [2026-03-11T20:03:42.835+0530] {dagbag.py:540} INFO - Filling up the DagBag from /root/airflow_project/dags
